{"/home/jlf88/lumia-pro/src/App.tsx": {"path":"/home/jlf88/lumia-pro/src/App.tsx","statementMap":{"0":{"start":{"line":27,"column":21},"end":{"line":27,"column":null}},"1":{"start":{"line":27,"column":38},"end":{"line":27,"column":null}},"2":{"start":{"line":27,"column":87},"end":{"line":27,"column":null}},"3":{"start":{"line":28,"column":22},"end":{"line":28,"column":null}},"4":{"start":{"line":28,"column":39},"end":{"line":28,"column":null}},"5":{"start":{"line":28,"column":89},"end":{"line":28,"column":null}},"6":{"start":{"line":29,"column":27},"end":{"line":29,"column":null}},"7":{"start":{"line":29,"column":44},"end":{"line":29,"column":null}},"8":{"start":{"line":29,"column":99},"end":{"line":29,"column":null}},"9":{"start":{"line":30,"column":30},"end":{"line":30,"column":null}},"10":{"start":{"line":30,"column":47},"end":{"line":30,"column":null}},"11":{"start":{"line":30,"column":105},"end":{"line":30,"column":null}},"12":{"start":{"line":31,"column":28},"end":{"line":31,"column":null}},"13":{"start":{"line":31,"column":45},"end":{"line":31,"column":null}},"14":{"start":{"line":31,"column":101},"end":{"line":31,"column":null}},"15":{"start":{"line":32,"column":20},"end":{"line":32,"column":null}},"16":{"start":{"line":32,"column":37},"end":{"line":32,"column":null}},"17":{"start":{"line":32,"column":85},"end":{"line":32,"column":null}},"18":{"start":{"line":40,"column":56},"end":{"line":154,"column":null}},"19":{"start":{"line":41,"column":22},"end":{"line":41,"column":null}},"20":{"start":{"line":42,"column":96},"end":{"line":42,"column":null}},"21":{"start":{"line":43,"column":49},"end":{"line":43,"column":null}},"22":{"start":{"line":44,"column":21},"end":{"line":44,"column":null}},"23":{"start":{"line":45,"column":52},"end":{"line":45,"column":null}},"24":{"start":{"line":46,"column":48},"end":{"line":46,"column":null}},"25":{"start":{"line":47,"column":42},"end":{"line":47,"column":null}},"26":{"start":{"line":49,"column":4},"end":{"line":153,"column":null}},"27":{"start":{"line":51,"column":12},"end":{"line":56,"column":null}},"28":{"start":{"line":59,"column":12},"end":{"line":63,"column":null}},"29":{"start":{"line":66,"column":12},"end":{"line":76,"column":null}},"30":{"start":{"line":71,"column":105},"end":{"line":71,"column":141}},"31":{"start":{"line":79,"column":12},"end":{"line":106,"column":null}},"32":{"start":{"line":109,"column":12},"end":{"line":116,"column":null}},"33":{"start":{"line":119,"column":12},"end":{"line":126,"column":null}},"34":{"start":{"line":129,"column":12},"end":{"line":133,"column":null}},"35":{"start":{"line":136,"column":12},"end":{"line":149,"column":null}},"36":{"start":{"line":152,"column":12},"end":{"line":152,"column":null}},"37":{"start":{"line":156,"column":29},"end":{"line":183,"column":null}},"38":{"start":{"line":157,"column":4},"end":{"line":157,"column":null}},"39":{"start":{"line":158,"column":36},"end":{"line":158,"column":null}},"40":{"start":{"line":159,"column":46},"end":{"line":159,"column":null}},"41":{"start":{"line":162,"column":4},"end":{"line":169,"column":null}},"42":{"start":{"line":163,"column":29},"end":{"line":166,"column":null}},"43":{"start":{"line":164,"column":13},"end":{"line":164,"column":null}},"44":{"start":{"line":165,"column":13},"end":{"line":165,"column":null}},"45":{"start":{"line":167,"column":8},"end":{"line":167,"column":null}},"46":{"start":{"line":168,"column":8},"end":{"line":168,"column":null}},"47":{"start":{"line":168,"column":21},"end":{"line":168,"column":null}},"48":{"start":{"line":171,"column":4},"end":{"line":181,"column":null}},"49":{"start":{"line":186,"column":26},"end":{"line":214,"column":null}},"50":{"start":{"line":187,"column":50},"end":{"line":187,"column":null}},"51":{"start":{"line":188,"column":58},"end":{"line":188,"column":null}},"52":{"start":{"line":189,"column":28},"end":{"line":189,"column":null}},"53":{"start":{"line":191,"column":4},"end":{"line":211,"column":null}},"54":{"start":{"line":195,"column":13},"end":{"line":196,"column":null}},"55":{"start":{"line":195,"column":46},"end":{"line":195,"column":null}},"56":{"start":{"line":196,"column":18},"end":{"line":196,"column":null}},"57":{"start":{"line":199,"column":27},"end":{"line":199,"column":null}},"58":{"start":{"line":200,"column":19},"end":{"line":200,"column":null}},"59":{"start":{"line":201,"column":13},"end":{"line":201,"column":null}},"60":{"start":{"line":204,"column":14},"end":{"line":208,"column":null}},"61":{"start":{"line":205,"column":29},"end":{"line":205,"column":null}},"62":{"start":{"line":205,"column":62},"end":{"line":205,"column":91}},"63":{"start":{"line":206,"column":23},"end":{"line":206,"column":null}},"64":{"start":{"line":207,"column":17},"end":{"line":207,"column":null}},"65":{"start":{"line":213,"column":4},"end":{"line":213,"column":null}},"66":{"start":{"line":219,"column":8},"end":{"line":219,"column":null}},"67":{"start":{"line":221,"column":2},"end":{"line":227,"column":null}},"68":{"start":{"line":222,"column":4},"end":{"line":225,"column":null}},"69":{"start":{"line":229,"column":2},"end":{"line":246,"column":null}}},"fnMap":{"0":{"name":"(anonymous_0)","decl":{"start":{"line":27,"column":32},"end":{"line":27,"column":38}},"loc":{"start":{"line":27,"column":38},"end":{"line":27,"column":null}},"line":27},"1":{"name":"(anonymous_1)","decl":{"start":{"line":27,"column":79},"end":{"line":27,"column":85}},"loc":{"start":{"line":27,"column":87},"end":{"line":27,"column":null}},"line":27},"2":{"name":"(anonymous_2)","decl":{"start":{"line":28,"column":33},"end":{"line":28,"column":39}},"loc":{"start":{"line":28,"column":39},"end":{"line":28,"column":null}},"line":28},"3":{"name":"(anonymous_3)","decl":{"start":{"line":28,"column":81},"end":{"line":28,"column":87}},"loc":{"start":{"line":28,"column":89},"end":{"line":28,"column":null}},"line":28},"4":{"name":"(anonymous_4)","decl":{"start":{"line":29,"column":38},"end":{"line":29,"column":44}},"loc":{"start":{"line":29,"column":44},"end":{"line":29,"column":null}},"line":29},"5":{"name":"(anonymous_5)","decl":{"start":{"line":29,"column":91},"end":{"line":29,"column":97}},"loc":{"start":{"line":29,"column":99},"end":{"line":29,"column":null}},"line":29},"6":{"name":"(anonymous_6)","decl":{"start":{"line":30,"column":41},"end":{"line":30,"column":47}},"loc":{"start":{"line":30,"column":47},"end":{"line":30,"column":null}},"line":30},"7":{"name":"(anonymous_7)","decl":{"start":{"line":30,"column":97},"end":{"line":30,"column":103}},"loc":{"start":{"line":30,"column":105},"end":{"line":30,"column":null}},"line":30},"8":{"name":"(anonymous_8)","decl":{"start":{"line":31,"column":39},"end":{"line":31,"column":45}},"loc":{"start":{"line":31,"column":45},"end":{"line":31,"column":null}},"line":31},"9":{"name":"(anonymous_9)","decl":{"start":{"line":31,"column":93},"end":{"line":31,"column":99}},"loc":{"start":{"line":31,"column":101},"end":{"line":31,"column":null}},"line":31},"10":{"name":"(anonymous_10)","decl":{"start":{"line":32,"column":31},"end":{"line":32,"column":37}},"loc":{"start":{"line":32,"column":37},"end":{"line":32,"column":null}},"line":32},"11":{"name":"(anonymous_11)","decl":{"start":{"line":32,"column":77},"end":{"line":32,"column":83}},"loc":{"start":{"line":32,"column":85},"end":{"line":32,"column":null}},"line":32},"12":{"name":"(anonymous_12)","decl":{"start":{"line":40,"column":56},"end":{"line":40,"column":57}},"loc":{"start":{"line":40,"column":73},"end":{"line":154,"column":null}},"line":40},"13":{"name":"(anonymous_13)","decl":{"start":{"line":71,"column":92},"end":{"line":71,"column":93}},"loc":{"start":{"line":71,"column":105},"end":{"line":71,"column":141}},"line":71},"14":{"name":"(anonymous_14)","decl":{"start":{"line":156,"column":29},"end":{"line":156,"column":35}},"loc":{"start":{"line":156,"column":35},"end":{"line":183,"column":null}},"line":156},"15":{"name":"(anonymous_15)","decl":{"start":{"line":162,"column":20},"end":{"line":162,"column":26}},"loc":{"start":{"line":162,"column":26},"end":{"line":169,"column":7}},"line":162},"16":{"name":"(anonymous_16)","decl":{"start":{"line":163,"column":29},"end":{"line":163,"column":35}},"loc":{"start":{"line":163,"column":35},"end":{"line":166,"column":null}},"line":163},"17":{"name":"(anonymous_17)","decl":{"start":{"line":168,"column":15},"end":{"line":168,"column":21}},"loc":{"start":{"line":168,"column":21},"end":{"line":168,"column":null}},"line":168},"18":{"name":"(anonymous_18)","decl":{"start":{"line":186,"column":26},"end":{"line":186,"column":32}},"loc":{"start":{"line":186,"column":32},"end":{"line":214,"column":null}},"line":186},"19":{"name":"(anonymous_19)","decl":{"start":{"line":194,"column":22},"end":{"line":194,"column":28}},"loc":{"start":{"line":194,"column":28},"end":{"line":197,"column":null}},"line":194},"20":{"name":"(anonymous_20)","decl":{"start":{"line":198,"column":21},"end":{"line":198,"column":27}},"loc":{"start":{"line":198,"column":27},"end":{"line":202,"column":null}},"line":198},"21":{"name":"(anonymous_21)","decl":{"start":{"line":203,"column":23},"end":{"line":203,"column":29}},"loc":{"start":{"line":203,"column":29},"end":{"line":209,"column":null}},"line":203},"22":{"name":"(anonymous_22)","decl":{"start":{"line":205,"column":50},"end":{"line":205,"column":51}},"loc":{"start":{"line":205,"column":62},"end":{"line":205,"column":91}},"line":205},"23":{"name":"App","decl":{"start":{"line":218,"column":24},"end":{"line":218,"column":30}},"loc":{"start":{"line":218,"column":30},"end":{"line":248,"column":null}},"line":218}},"branchMap":{"0":{"loc":{"start":{"line":49,"column":4},"end":{"line":153,"column":null}},"type":"switch","locations":[{"start":{"line":50,"column":8},"end":{"line":56,"column":null}},{"start":{"line":58,"column":8},"end":{"line":63,"column":null}},{"start":{"line":65,"column":8},"end":{"line":76,"column":null}},{"start":{"line":78,"column":8},"end":{"line":106,"column":null}},{"start":{"line":108,"column":8},"end":{"line":116,"column":null}},{"start":{"line":118,"column":8},"end":{"line":126,"column":null}},{"start":{"line":128,"column":8},"end":{"line":133,"column":null}},{"start":{"line":135,"column":8},"end":{"line":149,"column":null}},{"start":{"line":151,"column":8},"end":{"line":152,"column":null}}],"line":49},"1":{"loc":{"start":{"line":71,"column":121},"end":{"line":71,"column":138}},"type":"cond-expr","locations":[{"start":{"line":71,"column":131},"end":{"line":71,"column":137}},{"start":{"line":71,"column":137},"end":{"line":71,"column":138}}],"line":71},"2":{"loc":{"start":{"line":72,"column":25},"end":{"line":73,"column":null}},"type":"binary-expr","locations":[{"start":{"line":72,"column":25},"end":{"line":72,"column":null}},{"start":{"line":73,"column":28},"end":{"line":73,"column":null}}],"line":72},"3":{"loc":{"start":{"line":84,"column":25},"end":{"line":87,"column":null}},"type":"binary-expr","locations":[{"start":{"line":84,"column":25},"end":{"line":84,"column":null}},{"start":{"line":85,"column":28},"end":{"line":87,"column":null}}],"line":84},"4":{"loc":{"start":{"line":90,"column":106},"end":{"line":103,"column":null}},"type":"binary-expr","locations":[{"start":{"line":91,"column":26},"end":{"line":91,"column":46}},{"start":{"line":91,"column":46},"end":{"line":91,"column":null}},{"start":{"line":92,"column":28},"end":{"line":103,"column":null}}],"line":90},"5":{"loc":{"start":{"line":93,"column":33},"end":{"line":96,"column":null}},"type":"binary-expr","locations":[{"start":{"line":93,"column":33},"end":{"line":93,"column":null}},{"start":{"line":94,"column":36},"end":{"line":96,"column":null}}],"line":93},"6":{"loc":{"start":{"line":98,"column":33},"end":{"line":101,"column":null}},"type":"binary-expr","locations":[{"start":{"line":98,"column":33},"end":{"line":98,"column":null}},{"start":{"line":99,"column":36},"end":{"line":101,"column":null}}],"line":98},"7":{"loc":{"start":{"line":140,"column":25},"end":{"line":146,"column":null}},"type":"cond-expr","locations":[{"start":{"line":141,"column":28},"end":{"line":144,"column":null}},{"start":{"line":146,"column":28},"end":{"line":146,"column":null}}],"line":140},"8":{"loc":{"start":{"line":176,"column":25},"end":{"line":176,"column":null}},"type":"cond-expr","locations":[{"start":{"line":176,"column":50},"end":{"line":176,"column":66}},{"start":{"line":176,"column":66},"end":{"line":176,"column":null}}],"line":176},"9":{"loc":{"start":{"line":176,"column":66},"end":{"line":176,"column":null}},"type":"cond-expr","locations":[{"start":{"line":176,"column":90},"end":{"line":176,"column":100}},{"start":{"line":176,"column":100},"end":{"line":176,"column":null}}],"line":176},"10":{"loc":{"start":{"line":195,"column":13},"end":{"line":196,"column":null}},"type":"if","locations":[{"start":{"line":195,"column":13},"end":{"line":196,"column":null}},{"start":{"line":196,"column":18},"end":{"line":196,"column":null}}],"line":195},"11":{"loc":{"start":{"line":204,"column":14},"end":{"line":208,"column":null}},"type":"if","locations":[{"start":{"line":204,"column":14},"end":{"line":208,"column":null}},{"start":{},"end":{}}],"line":204},"12":{"loc":{"start":{"line":207,"column":35},"end":{"line":207,"column":70}},"type":"binary-expr","locations":[{"start":{"line":207,"column":35},"end":{"line":207,"column":68}},{"start":{"line":207,"column":68},"end":{"line":207,"column":70}}],"line":207},"13":{"loc":{"start":{"line":221,"column":2},"end":{"line":227,"column":null}},"type":"if","locations":[{"start":{"line":221,"column":2},"end":{"line":227,"column":null}},{"start":{},"end":{}}],"line":221}},"s":{"0":1,"1":0,"2":0,"3":1,"4":0,"5":0,"6":1,"7":0,"8":0,"9":1,"10":0,"11":0,"12":1,"13":1,"14":1,"15":1,"16":0,"17":0,"18":1,"19":7,"20":7,"21":7,"22":7,"23":7,"24":7,"25":7,"26":7,"27":4,"28":0,"29":0,"30":0,"31":0,"32":3,"33":0,"34":0,"35":0,"36":0,"37":1,"38":2,"39":2,"40":2,"41":2,"42":1,"43":0,"44":0,"45":1,"46":1,"47":1,"48":2,"49":1,"50":7,"51":7,"52":7,"53":7,"54":0,"55":0,"56":0,"57":0,"58":0,"59":0,"60":0,"61":0,"62":0,"63":0,"64":0,"65":7,"66":1,"67":1,"68":0,"69":1},"f":{"0":0,"1":0,"2":0,"3":0,"4":0,"5":0,"6":0,"7":0,"8":1,"9":1,"10":0,"11":0,"12":7,"13":0,"14":2,"15":1,"16":0,"17":1,"18":7,"19":0,"20":0,"21":0,"22":0,"23":1},"b":{"0":[4,0,0,0,3,0,0,0,0],"1":[0,0],"2":[0,0],"3":[0,0],"4":[0,0,0],"5":[0,0],"6":[0,0],"7":[0,0],"8":[1,1],"9":[0,1],"10":[0,0],"11":[0,0],"12":[0,0],"13":[0,1]},"meta":{"lastBranch":14,"lastFunction":24,"lastStatement":70,"seen":{"s:27:21:27:Infinity":0,"f:27:32:27:38":0,"s:27:38:27:Infinity":1,"f:27:79:27:85":1,"s:27:87:27:Infinity":2,"s:28:22:28:Infinity":3,"f:28:33:28:39":2,"s:28:39:28:Infinity":4,"f:28:81:28:87":3,"s:28:89:28:Infinity":5,"s:29:27:29:Infinity":6,"f:29:38:29:44":4,"s:29:44:29:Infinity":7,"f:29:91:29:97":5,"s:29:99:29:Infinity":8,"s:30:30:30:Infinity":9,"f:30:41:30:47":6,"s:30:47:30:Infinity":10,"f:30:97:30:103":7,"s:30:105:30:Infinity":11,"s:31:28:31:Infinity":12,"f:31:39:31:45":8,"s:31:45:31:Infinity":13,"f:31:93:31:99":9,"s:31:101:31:Infinity":14,"s:32:20:32:Infinity":15,"f:32:31:32:37":10,"s:32:37:32:Infinity":16,"f:32:77:32:83":11,"s:32:85:32:Infinity":17,"s:40:56:154:Infinity":18,"f:40:56:40:57":12,"s:41:22:41:Infinity":19,"s:42:96:42:Infinity":20,"s:43:49:43:Infinity":21,"s:44:21:44:Infinity":22,"s:45:52:45:Infinity":23,"s:46:48:46:Infinity":24,"s:47:42:47:Infinity":25,"b:50:8:56:Infinity:58:8:63:Infinity:65:8:76:Infinity:78:8:106:Infinity:108:8:116:Infinity:118:8:126:Infinity:128:8:133:Infinity:135:8:149:Infinity:151:8:152:Infinity":0,"s:49:4:153:Infinity":26,"s:51:12:56:Infinity":27,"s:59:12:63:Infinity":28,"s:66:12:76:Infinity":29,"f:71:92:71:93":13,"s:71:105:71:141":30,"b:71:131:71:137:71:137:71:138":1,"b:72:25:72:Infinity:73:28:73:Infinity":2,"s:79:12:106:Infinity":31,"b:84:25:84:Infinity:85:28:87:Infinity":3,"b:91:26:91:46:91:46:91:Infinity:92:28:103:Infinity":4,"b:93:33:93:Infinity:94:36:96:Infinity":5,"b:98:33:98:Infinity:99:36:101:Infinity":6,"s:109:12:116:Infinity":32,"s:119:12:126:Infinity":33,"s:129:12:133:Infinity":34,"s:136:12:149:Infinity":35,"b:141:28:144:Infinity:146:28:146:Infinity":7,"s:152:12:152:Infinity":36,"s:156:29:183:Infinity":37,"f:156:29:156:35":14,"s:157:4:157:Infinity":38,"s:158:36:158:Infinity":39,"s:159:46:159:Infinity":40,"s:162:4:169:Infinity":41,"f:162:20:162:26":15,"s:163:29:166:Infinity":42,"f:163:29:163:35":16,"s:164:13:164:Infinity":43,"s:165:13:165:Infinity":44,"s:167:8:167:Infinity":45,"s:168:8:168:Infinity":46,"f:168:15:168:21":17,"s:168:21:168:Infinity":47,"s:171:4:181:Infinity":48,"b:176:50:176:66:176:66:176:Infinity":8,"b:176:90:176:100:176:100:176:Infinity":9,"s:186:26:214:Infinity":49,"f:186:26:186:32":18,"s:187:50:187:Infinity":50,"s:188:58:188:Infinity":51,"s:189:28:189:Infinity":52,"s:191:4:211:Infinity":53,"f:194:22:194:28":19,"b:195:13:196:Infinity:196:18:196:Infinity":10,"s:195:13:196:Infinity":54,"s:195:46:195:Infinity":55,"s:196:18:196:Infinity":56,"f:198:21:198:27":20,"s:199:27:199:Infinity":57,"s:200:19:200:Infinity":58,"s:201:13:201:Infinity":59,"f:203:23:203:29":21,"b:204:14:208:Infinity:undefined:undefined:undefined:undefined":11,"s:204:14:208:Infinity":60,"s:205:29:205:Infinity":61,"f:205:50:205:51":22,"s:205:62:205:91":62,"s:206:23:206:Infinity":63,"s:207:17:207:Infinity":64,"b:207:35:207:68:207:68:207:70":12,"s:213:4:213:Infinity":65,"f:218:24:218:30":23,"s:219:8:219:Infinity":66,"b:221:2:227:Infinity:undefined:undefined:undefined:undefined":13,"s:221:2:227:Infinity":67,"s:222:4:225:Infinity":68,"s:229:2:246:Infinity":69}}}
,"/home/jlf88/lumia-pro/src/types.ts": {"path":"/home/jlf88/lumia-pro/src/types.ts","statementMap":{"0":{"start":{"line":10,"column":7},"end":{"line":10,"column":null}},"1":{"start":{"line":11,"column":4},"end":{"line":11,"column":null}},"2":{"start":{"line":12,"column":4},"end":{"line":12,"column":null}},"3":{"start":{"line":13,"column":4},"end":{"line":13,"column":null}},"4":{"start":{"line":14,"column":4},"end":{"line":14,"column":null}},"5":{"start":{"line":15,"column":4},"end":{"line":15,"column":null}},"6":{"start":{"line":16,"column":4},"end":{"line":16,"column":null}},"7":{"start":{"line":17,"column":4},"end":{"line":17,"column":null}},"8":{"start":{"line":10,"column":12},"end":{"line":10,"column":null}},"9":{"start":{"line":26,"column":7},"end":{"line":26,"column":null}},"10":{"start":{"line":27,"column":4},"end":{"line":27,"column":null}},"11":{"start":{"line":28,"column":4},"end":{"line":28,"column":null}},"12":{"start":{"line":29,"column":4},"end":{"line":29,"column":null}},"13":{"start":{"line":30,"column":4},"end":{"line":30,"column":null}},"14":{"start":{"line":31,"column":4},"end":{"line":31,"column":null}},"15":{"start":{"line":32,"column":4},"end":{"line":32,"column":null}},"16":{"start":{"line":33,"column":4},"end":{"line":33,"column":null}},"17":{"start":{"line":26,"column":12},"end":{"line":26,"column":null}},"18":{"start":{"line":36,"column":7},"end":{"line":36,"column":null}},"19":{"start":{"line":37,"column":4},"end":{"line":37,"column":null}},"20":{"start":{"line":38,"column":4},"end":{"line":38,"column":null}},"21":{"start":{"line":39,"column":4},"end":{"line":39,"column":null}},"22":{"start":{"line":40,"column":4},"end":{"line":40,"column":null}},"23":{"start":{"line":36,"column":12},"end":{"line":36,"column":null}},"24":{"start":{"line":43,"column":7},"end":{"line":43,"column":null}},"25":{"start":{"line":44,"column":4},"end":{"line":44,"column":null}},"26":{"start":{"line":45,"column":4},"end":{"line":45,"column":null}},"27":{"start":{"line":46,"column":4},"end":{"line":46,"column":null}},"28":{"start":{"line":47,"column":4},"end":{"line":47,"column":null}},"29":{"start":{"line":48,"column":4},"end":{"line":48,"column":null}},"30":{"start":{"line":49,"column":4},"end":{"line":49,"column":null}},"31":{"start":{"line":50,"column":4},"end":{"line":50,"column":null}},"32":{"start":{"line":43,"column":12},"end":{"line":43,"column":null}},"33":{"start":{"line":82,"column":79},"end":{"line":89,"column":null}}},"fnMap":{"0":{"name":"(anonymous_0)","decl":{"start":{"line":10,"column":7},"end":{"line":10,"column":12}},"loc":{"start":{"line":10,"column":7},"end":{"line":10,"column":null}},"line":10},"1":{"name":"(anonymous_1)","decl":{"start":{"line":26,"column":7},"end":{"line":26,"column":12}},"loc":{"start":{"line":26,"column":7},"end":{"line":26,"column":null}},"line":26},"2":{"name":"(anonymous_2)","decl":{"start":{"line":36,"column":7},"end":{"line":36,"column":12}},"loc":{"start":{"line":36,"column":7},"end":{"line":36,"column":null}},"line":36},"3":{"name":"(anonymous_3)","decl":{"start":{"line":43,"column":7},"end":{"line":43,"column":12}},"loc":{"start":{"line":43,"column":7},"end":{"line":43,"column":null}},"line":43}},"branchMap":{"0":{"loc":{"start":{"line":10,"column":12},"end":{"line":10,"column":null}},"type":"binary-expr","locations":[{"start":{"line":10,"column":12},"end":{"line":10,"column":null}},{"start":{"line":10,"column":12},"end":{"line":10,"column":null}}],"line":10},"1":{"loc":{"start":{"line":26,"column":12},"end":{"line":26,"column":null}},"type":"binary-expr","locations":[{"start":{"line":26,"column":12},"end":{"line":26,"column":null}},{"start":{"line":26,"column":12},"end":{"line":26,"column":null}}],"line":26},"2":{"loc":{"start":{"line":36,"column":12},"end":{"line":36,"column":null}},"type":"binary-expr","locations":[{"start":{"line":36,"column":12},"end":{"line":36,"column":null}},{"start":{"line":36,"column":12},"end":{"line":36,"column":null}}],"line":36},"3":{"loc":{"start":{"line":43,"column":12},"end":{"line":43,"column":null}},"type":"binary-expr","locations":[{"start":{"line":43,"column":12},"end":{"line":43,"column":null}},{"start":{"line":43,"column":12},"end":{"line":43,"column":null}}],"line":43}},"s":{"0":7,"1":7,"2":7,"3":7,"4":7,"5":7,"6":7,"7":7,"8":7,"9":7,"10":7,"11":7,"12":7,"13":7,"14":7,"15":7,"16":7,"17":7,"18":7,"19":7,"20":7,"21":7,"22":7,"23":7,"24":7,"25":7,"26":7,"27":7,"28":7,"29":7,"30":7,"31":7,"32":7,"33":7},"f":{"0":7,"1":7,"2":7,"3":7},"b":{"0":[7,7],"1":[7,7],"2":[7,7],"3":[7,7]},"meta":{"lastBranch":4,"lastFunction":4,"lastStatement":34,"seen":{"s:10:7:10:Infinity":0,"f:10:7:10:12":0,"s:11:4:11:Infinity":1,"s:12:4:12:Infinity":2,"s:13:4:13:Infinity":3,"s:14:4:14:Infinity":4,"s:15:4:15:Infinity":5,"s:16:4:16:Infinity":6,"s:17:4:17:Infinity":7,"s:10:12:10:Infinity":8,"b:10:12:10:Infinity:10:12:10:Infinity":0,"s:26:7:26:Infinity":9,"f:26:7:26:12":1,"s:27:4:27:Infinity":10,"s:28:4:28:Infinity":11,"s:29:4:29:Infinity":12,"s:30:4:30:Infinity":13,"s:31:4:31:Infinity":14,"s:32:4:32:Infinity":15,"s:33:4:33:Infinity":16,"s:26:12:26:Infinity":17,"b:26:12:26:Infinity:26:12:26:Infinity":1,"s:36:7:36:Infinity":18,"f:36:7:36:12":2,"s:37:4:37:Infinity":19,"s:38:4:38:Infinity":20,"s:39:4:39:Infinity":21,"s:40:4:40:Infinity":22,"s:36:12:36:Infinity":23,"b:36:12:36:Infinity:36:12:36:Infinity":2,"s:43:7:43:Infinity":24,"f:43:7:43:12":3,"s:44:4:44:Infinity":25,"s:45:4:45:Infinity":26,"s:46:4:46:Infinity":27,"s:47:4:47:Infinity":28,"s:48:4:48:Infinity":29,"s:49:4:49:Infinity":30,"s:50:4:50:Infinity":31,"s:43:12:43:Infinity":32,"b:43:12:43:Infinity:43:12:43:Infinity":3,"s:82:79:89:Infinity":33}}}
,"/home/jlf88/lumia-pro/src/beauty/MaskGenerator.ts": {"path":"/home/jlf88/lumia-pro/src/beauty/MaskGenerator.ts","statementMap":{"0":{"start":{"line":7,"column":16},"end":{"line":29,"column":null}},"1":{"start":{"line":56,"column":2},"end":{"line":56,"column":null}},"2":{"start":{"line":57,"column":2},"end":{"line":57,"column":null}},"3":{"start":{"line":60,"column":2},"end":{"line":60,"column":null}},"4":{"start":{"line":63,"column":4},"end":{"line":63,"column":null}},"5":{"start":{"line":64,"column":16},"end":{"line":64,"column":null}},"6":{"start":{"line":65,"column":4},"end":{"line":65,"column":null}},"7":{"start":{"line":65,"column":14},"end":{"line":65,"column":null}},"8":{"start":{"line":66,"column":4},"end":{"line":66,"column":null}},"9":{"start":{"line":68,"column":4},"end":{"line":68,"column":null}},"10":{"start":{"line":69,"column":17},"end":{"line":69,"column":null}},"11":{"start":{"line":70,"column":4},"end":{"line":70,"column":null}},"12":{"start":{"line":70,"column":15},"end":{"line":70,"column":null}},"13":{"start":{"line":71,"column":4},"end":{"line":71,"column":null}},"14":{"start":{"line":79,"column":4},"end":{"line":81,"column":null}},"15":{"start":{"line":80,"column":6},"end":{"line":80,"column":null}},"16":{"start":{"line":84,"column":4},"end":{"line":90,"column":null}},"17":{"start":{"line":85,"column":6},"end":{"line":85,"column":null}},"18":{"start":{"line":86,"column":6},"end":{"line":86,"column":null}},"19":{"start":{"line":87,"column":6},"end":{"line":87,"column":null}},"20":{"start":{"line":88,"column":6},"end":{"line":88,"column":null}},"21":{"start":{"line":89,"column":6},"end":{"line":89,"column":null}},"22":{"start":{"line":92,"column":14},"end":{"line":92,"column":null}},"23":{"start":{"line":93,"column":14},"end":{"line":93,"column":null}},"24":{"start":{"line":96,"column":19},"end":{"line":96,"column":null}},"25":{"start":{"line":99,"column":4},"end":{"line":99,"column":null}},"26":{"start":{"line":100,"column":4},"end":{"line":100,"column":null}},"27":{"start":{"line":105,"column":4},"end":{"line":105,"column":null}},"28":{"start":{"line":106,"column":4},"end":{"line":106,"column":null}},"29":{"start":{"line":109,"column":4},"end":{"line":109,"column":null}},"30":{"start":{"line":110,"column":4},"end":{"line":110,"column":null}},"31":{"start":{"line":111,"column":4},"end":{"line":111,"column":null}},"32":{"start":{"line":112,"column":4},"end":{"line":112,"column":null}},"33":{"start":{"line":115,"column":4},"end":{"line":115,"column":null}},"34":{"start":{"line":116,"column":4},"end":{"line":116,"column":null}},"35":{"start":{"line":117,"column":4},"end":{"line":117,"column":null}},"36":{"start":{"line":120,"column":4},"end":{"line":120,"column":null}},"37":{"start":{"line":121,"column":4},"end":{"line":121,"column":null}},"38":{"start":{"line":122,"column":4},"end":{"line":122,"column":null}},"39":{"start":{"line":123,"column":4},"end":{"line":123,"column":null}},"40":{"start":{"line":124,"column":4},"end":{"line":124,"column":null}},"41":{"start":{"line":125,"column":4},"end":{"line":125,"column":null}},"42":{"start":{"line":130,"column":4},"end":{"line":130,"column":null}},"43":{"start":{"line":131,"column":4},"end":{"line":131,"column":null}},"44":{"start":{"line":132,"column":4},"end":{"line":132,"column":null}},"45":{"start":{"line":135,"column":4},"end":{"line":135,"column":null}},"46":{"start":{"line":136,"column":4},"end":{"line":136,"column":null}},"47":{"start":{"line":139,"column":4},"end":{"line":139,"column":null}},"48":{"start":{"line":140,"column":4},"end":{"line":140,"column":null}},"49":{"start":{"line":143,"column":4},"end":{"line":143,"column":null}},"50":{"start":{"line":144,"column":4},"end":{"line":144,"column":null}},"51":{"start":{"line":151,"column":30},"end":{"line":151,"column":null}},"52":{"start":{"line":153,"column":4},"end":{"line":166,"column":null}},"53":{"start":{"line":153,"column":17},"end":{"line":153,"column":20}},"54":{"start":{"line":154,"column":17},"end":{"line":154,"column":null}},"55":{"start":{"line":155,"column":14},"end":{"line":155,"column":null}},"56":{"start":{"line":156,"column":14},"end":{"line":156,"column":null}},"57":{"start":{"line":159,"column":6},"end":{"line":163,"column":null}},"58":{"start":{"line":160,"column":21},"end":{"line":160,"column":null}},"59":{"start":{"line":161,"column":8},"end":{"line":161,"column":null}},"60":{"start":{"line":162,"column":8},"end":{"line":162,"column":null}},"61":{"start":{"line":165,"column":6},"end":{"line":165,"column":null}},"62":{"start":{"line":169,"column":4},"end":{"line":169,"column":null}},"63":{"start":{"line":171,"column":4},"end":{"line":171,"column":null}},"64":{"start":{"line":178,"column":4},"end":{"line":178,"column":null}},"65":{"start":{"line":178,"column":28},"end":{"line":178,"column":null}},"66":{"start":{"line":180,"column":4},"end":{"line":180,"column":null}},"67":{"start":{"line":181,"column":18},"end":{"line":181,"column":null}},"68":{"start":{"line":182,"column":4},"end":{"line":182,"column":null}},"69":{"start":{"line":182,"column":16},"end":{"line":182,"column":null}},"70":{"start":{"line":184,"column":4},"end":{"line":184,"column":null}},"71":{"start":{"line":186,"column":4},"end":{"line":189,"column":null}},"72":{"start":{"line":186,"column":17},"end":{"line":186,"column":20}},"73":{"start":{"line":187,"column":16},"end":{"line":187,"column":null}},"74":{"start":{"line":188,"column":6},"end":{"line":188,"column":null}},"75":{"start":{"line":188,"column":13},"end":{"line":188,"column":null}},"76":{"start":{"line":191,"column":4},"end":{"line":191,"column":null}},"77":{"start":{"line":192,"column":4},"end":{"line":192,"column":null}},"78":{"start":{"line":199,"column":4},"end":{"line":199,"column":null}},"79":{"start":{"line":199,"column":28},"end":{"line":199,"column":null}},"80":{"start":{"line":201,"column":4},"end":{"line":201,"column":null}},"81":{"start":{"line":202,"column":18},"end":{"line":202,"column":null}},"82":{"start":{"line":203,"column":4},"end":{"line":203,"column":null}},"83":{"start":{"line":203,"column":16},"end":{"line":203,"column":null}},"84":{"start":{"line":205,"column":4},"end":{"line":205,"column":null}},"85":{"start":{"line":207,"column":4},"end":{"line":210,"column":null}},"86":{"start":{"line":207,"column":17},"end":{"line":207,"column":20}},"87":{"start":{"line":208,"column":16},"end":{"line":208,"column":null}},"88":{"start":{"line":209,"column":6},"end":{"line":209,"column":null}},"89":{"start":{"line":209,"column":13},"end":{"line":209,"column":null}},"90":{"start":{"line":212,"column":4},"end":{"line":212,"column":null}},"91":{"start":{"line":219,"column":4},"end":{"line":219,"column":null}},"92":{"start":{"line":220,"column":4},"end":{"line":220,"column":null}},"93":{"start":{"line":221,"column":4},"end":{"line":221,"column":null}},"94":{"start":{"line":228,"column":4},"end":{"line":228,"column":null}},"95":{"start":{"line":235,"column":4},"end":{"line":235,"column":null}},"96":{"start":{"line":239,"column":4},"end":{"line":239,"column":null}},"97":{"start":{"line":243,"column":4},"end":{"line":243,"column":null}},"98":{"start":{"line":250,"column":4},"end":{"line":250,"column":null}}},"fnMap":{"0":{"name":"(anonymous_0)","decl":{"start":{"line":62,"column":2},"end":{"line":62,"column":14}},"loc":{"start":{"line":62,"column":41},"end":{"line":72,"column":null}},"line":62},"1":{"name":"(anonymous_1)","decl":{"start":{"line":78,"column":2},"end":{"line":78,"column":9}},"loc":{"start":{"line":78,"column":101},"end":{"line":145,"column":null}},"line":78},"2":{"name":"(anonymous_2)","decl":{"start":{"line":150,"column":10},"end":{"line":150,"column":27}},"loc":{"start":{"line":150,"column":93},"end":{"line":172,"column":null}},"line":150},"3":{"name":"(anonymous_3)","decl":{"start":{"line":177,"column":10},"end":{"line":177,"column":21}},"loc":{"start":{"line":177,"column":114},"end":{"line":193,"column":null}},"line":177},"4":{"name":"(anonymous_4)","decl":{"start":{"line":198,"column":10},"end":{"line":198,"column":21}},"loc":{"start":{"line":198,"column":114},"end":{"line":213,"column":null}},"line":198},"5":{"name":"(anonymous_5)","decl":{"start":{"line":218,"column":10},"end":{"line":218,"column":20}},"loc":{"start":{"line":218,"column":91},"end":{"line":222,"column":null}},"line":218},"6":{"name":"(anonymous_6)","decl":{"start":{"line":227,"column":2},"end":{"line":227,"column":21}},"loc":{"start":{"line":227,"column":43},"end":{"line":229,"column":null}},"line":227},"7":{"name":"(anonymous_7)","decl":{"start":{"line":234,"column":2},"end":{"line":234,"column":25}},"loc":{"start":{"line":234,"column":25},"end":{"line":236,"column":null}},"line":234},"8":{"name":"(anonymous_8)","decl":{"start":{"line":238,"column":2},"end":{"line":238,"column":31}},"loc":{"start":{"line":238,"column":31},"end":{"line":240,"column":null}},"line":238},"9":{"name":"(anonymous_9)","decl":{"start":{"line":242,"column":2},"end":{"line":242,"column":32}},"loc":{"start":{"line":242,"column":32},"end":{"line":244,"column":null}},"line":242},"10":{"name":"(anonymous_10)","decl":{"start":{"line":249,"column":2},"end":{"line":249,"column":18}},"loc":{"start":{"line":249,"column":18},"end":{"line":251,"column":null}},"line":249}},"branchMap":{"0":{"loc":{"start":{"line":62,"column":14},"end":{"line":62,"column":27}},"type":"default-arg","locations":[{"start":{"line":62,"column":22},"end":{"line":62,"column":27}}],"line":62},"1":{"loc":{"start":{"line":62,"column":27},"end":{"line":62,"column":41}},"type":"default-arg","locations":[{"start":{"line":62,"column":36},"end":{"line":62,"column":41}}],"line":62},"2":{"loc":{"start":{"line":65,"column":4},"end":{"line":65,"column":null}},"type":"if","locations":[{"start":{"line":65,"column":4},"end":{"line":65,"column":null}},{"start":{},"end":{}}],"line":65},"3":{"loc":{"start":{"line":70,"column":4},"end":{"line":70,"column":null}},"type":"if","locations":[{"start":{"line":70,"column":4},"end":{"line":70,"column":null}},{"start":{},"end":{}}],"line":70},"4":{"loc":{"start":{"line":79,"column":4},"end":{"line":81,"column":null}},"type":"if","locations":[{"start":{"line":79,"column":4},"end":{"line":81,"column":null}},{"start":{},"end":{}}],"line":79},"5":{"loc":{"start":{"line":79,"column":8},"end":{"line":79,"column":87}},"type":"binary-expr","locations":[{"start":{"line":79,"column":8},"end":{"line":79,"column":22}},{"start":{"line":79,"column":22},"end":{"line":79,"column":48}},{"start":{"line":79,"column":48},"end":{"line":79,"column":68}},{"start":{"line":79,"column":68},"end":{"line":79,"column":87}}],"line":79},"6":{"loc":{"start":{"line":84,"column":4},"end":{"line":90,"column":null}},"type":"if","locations":[{"start":{"line":84,"column":4},"end":{"line":90,"column":null}},{"start":{},"end":{}}],"line":84},"7":{"loc":{"start":{"line":84,"column":8},"end":{"line":84,"column":80}},"type":"binary-expr","locations":[{"start":{"line":84,"column":8},"end":{"line":84,"column":44}},{"start":{"line":84,"column":44},"end":{"line":84,"column":80}}],"line":84},"8":{"loc":{"start":{"line":159,"column":6},"end":{"line":163,"column":null}},"type":"if","locations":[{"start":{"line":159,"column":6},"end":{"line":163,"column":null}},{"start":{},"end":{}}],"line":159},"9":{"loc":{"start":{"line":159,"column":10},"end":{"line":159,"column":55}},"type":"binary-expr","locations":[{"start":{"line":159,"column":10},"end":{"line":159,"column":32}},{"start":{"line":159,"column":32},"end":{"line":159,"column":55}}],"line":159},"10":{"loc":{"start":{"line":178,"column":4},"end":{"line":178,"column":null}},"type":"if","locations":[{"start":{"line":178,"column":4},"end":{"line":178,"column":null}},{"start":{},"end":{}}],"line":178},"11":{"loc":{"start":{"line":182,"column":4},"end":{"line":182,"column":null}},"type":"if","locations":[{"start":{"line":182,"column":4},"end":{"line":182,"column":null}},{"start":{},"end":{}}],"line":182},"12":{"loc":{"start":{"line":188,"column":6},"end":{"line":188,"column":null}},"type":"if","locations":[{"start":{"line":188,"column":6},"end":{"line":188,"column":null}},{"start":{},"end":{}}],"line":188},"13":{"loc":{"start":{"line":199,"column":4},"end":{"line":199,"column":null}},"type":"if","locations":[{"start":{"line":199,"column":4},"end":{"line":199,"column":null}},{"start":{},"end":{}}],"line":199},"14":{"loc":{"start":{"line":203,"column":4},"end":{"line":203,"column":null}},"type":"if","locations":[{"start":{"line":203,"column":4},"end":{"line":203,"column":null}},{"start":{},"end":{}}],"line":203},"15":{"loc":{"start":{"line":209,"column":6},"end":{"line":209,"column":null}},"type":"if","locations":[{"start":{"line":209,"column":6},"end":{"line":209,"column":null}},{"start":{},"end":{}}],"line":209}},"s":{"0":2,"1":18,"2":18,"3":18,"4":18,"5":18,"6":18,"7":0,"8":18,"9":18,"10":18,"11":18,"12":0,"13":18,"14":7,"15":4,"16":3,"17":1,"18":1,"19":1,"20":1,"21":1,"22":3,"23":3,"24":3,"25":3,"26":3,"27":3,"28":3,"29":3,"30":3,"31":3,"32":3,"33":3,"34":3,"35":3,"36":3,"37":3,"38":3,"39":3,"40":3,"41":3,"42":3,"43":3,"44":3,"45":3,"46":3,"47":3,"48":3,"49":3,"50":3,"51":3,"52":3,"53":3,"54":1404,"55":1404,"56":1404,"57":1404,"58":0,"59":0,"60":0,"61":1404,"62":3,"63":3,"64":27,"65":0,"66":27,"67":27,"68":27,"69":0,"70":27,"71":27,"72":27,"73":456,"74":456,"75":456,"76":27,"77":27,"78":6,"79":0,"80":6,"81":6,"82":6,"83":0,"84":6,"85":6,"86":6,"87":60,"88":60,"89":60,"90":6,"91":6,"92":6,"93":6,"94":3,"95":1,"96":6,"97":2,"98":1},"f":{"0":18,"1":7,"2":3,"3":27,"4":6,"5":6,"6":3,"7":1,"8":6,"9":2,"10":1},"b":{"0":[18],"1":[18],"2":[0,18],"3":[0,18],"4":[4,3],"5":[7,6,4,3],"6":[1,2],"7":[3,2],"8":[0,1404],"9":[1404,0],"10":[0,27],"11":[0,27],"12":[456,0],"13":[0,6],"14":[0,6],"15":[60,0]},"meta":{"lastBranch":16,"lastFunction":11,"lastStatement":99,"seen":{"s:7:16:29:Infinity":0,"f:62:2:62:14":0,"b:62:22:62:27":0,"b:62:36:62:41":1,"s:56:2:56:Infinity":1,"s:57:2:57:Infinity":2,"s:60:2:60:Infinity":3,"s:63:4:63:Infinity":4,"s:64:16:64:Infinity":5,"b:65:4:65:Infinity:undefined:undefined:undefined:undefined":2,"s:65:4:65:Infinity":6,"s:65:14:65:Infinity":7,"s:66:4:66:Infinity":8,"s:68:4:68:Infinity":9,"s:69:17:69:Infinity":10,"b:70:4:70:Infinity:undefined:undefined:undefined:undefined":3,"s:70:4:70:Infinity":11,"s:70:15:70:Infinity":12,"s:71:4:71:Infinity":13,"f:78:2:78:9":1,"b:79:4:81:Infinity:undefined:undefined:undefined:undefined":4,"s:79:4:81:Infinity":14,"b:79:8:79:22:79:22:79:48:79:48:79:68:79:68:79:87":5,"s:80:6:80:Infinity":15,"b:84:4:90:Infinity:undefined:undefined:undefined:undefined":6,"s:84:4:90:Infinity":16,"b:84:8:84:44:84:44:84:80":7,"s:85:6:85:Infinity":17,"s:86:6:86:Infinity":18,"s:87:6:87:Infinity":19,"s:88:6:88:Infinity":20,"s:89:6:89:Infinity":21,"s:92:14:92:Infinity":22,"s:93:14:93:Infinity":23,"s:96:19:96:Infinity":24,"s:99:4:99:Infinity":25,"s:100:4:100:Infinity":26,"s:105:4:105:Infinity":27,"s:106:4:106:Infinity":28,"s:109:4:109:Infinity":29,"s:110:4:110:Infinity":30,"s:111:4:111:Infinity":31,"s:112:4:112:Infinity":32,"s:115:4:115:Infinity":33,"s:116:4:116:Infinity":34,"s:117:4:117:Infinity":35,"s:120:4:120:Infinity":36,"s:121:4:121:Infinity":37,"s:122:4:122:Infinity":38,"s:123:4:123:Infinity":39,"s:124:4:124:Infinity":40,"s:125:4:125:Infinity":41,"s:130:4:130:Infinity":42,"s:131:4:131:Infinity":43,"s:132:4:132:Infinity":44,"s:135:4:135:Infinity":45,"s:136:4:136:Infinity":46,"s:139:4:139:Infinity":47,"s:140:4:140:Infinity":48,"s:143:4:143:Infinity":49,"s:144:4:144:Infinity":50,"f:150:10:150:27":2,"s:151:30:151:Infinity":51,"s:153:4:166:Infinity":52,"s:153:17:153:20":53,"s:154:17:154:Infinity":54,"s:155:14:155:Infinity":55,"s:156:14:156:Infinity":56,"b:159:6:163:Infinity:undefined:undefined:undefined:undefined":8,"s:159:6:163:Infinity":57,"b:159:10:159:32:159:32:159:55":9,"s:160:21:160:Infinity":58,"s:161:8:161:Infinity":59,"s:162:8:162:Infinity":60,"s:165:6:165:Infinity":61,"s:169:4:169:Infinity":62,"s:171:4:171:Infinity":63,"f:177:10:177:21":3,"b:178:4:178:Infinity:undefined:undefined:undefined:undefined":10,"s:178:4:178:Infinity":64,"s:178:28:178:Infinity":65,"s:180:4:180:Infinity":66,"s:181:18:181:Infinity":67,"b:182:4:182:Infinity:undefined:undefined:undefined:undefined":11,"s:182:4:182:Infinity":68,"s:182:16:182:Infinity":69,"s:184:4:184:Infinity":70,"s:186:4:189:Infinity":71,"s:186:17:186:20":72,"s:187:16:187:Infinity":73,"b:188:6:188:Infinity:undefined:undefined:undefined:undefined":12,"s:188:6:188:Infinity":74,"s:188:13:188:Infinity":75,"s:191:4:191:Infinity":76,"s:192:4:192:Infinity":77,"f:198:10:198:21":4,"b:199:4:199:Infinity:undefined:undefined:undefined:undefined":13,"s:199:4:199:Infinity":78,"s:199:28:199:Infinity":79,"s:201:4:201:Infinity":80,"s:202:18:202:Infinity":81,"b:203:4:203:Infinity:undefined:undefined:undefined:undefined":14,"s:203:4:203:Infinity":82,"s:203:16:203:Infinity":83,"s:205:4:205:Infinity":84,"s:207:4:210:Infinity":85,"s:207:17:207:20":86,"s:208:16:208:Infinity":87,"b:209:6:209:Infinity:undefined:undefined:undefined:undefined":15,"s:209:6:209:Infinity":88,"s:209:13:209:Infinity":89,"s:212:4:212:Infinity":90,"f:218:10:218:20":5,"s:219:4:219:Infinity":91,"s:220:4:220:Infinity":92,"s:221:4:221:Infinity":93,"f:227:2:227:21":6,"s:228:4:228:Infinity":94,"f:234:2:234:25":7,"s:235:4:235:Infinity":95,"f:238:2:238:31":8,"s:239:4:239:Infinity":96,"f:242:2:242:32":9,"s:243:4:243:Infinity":97,"f:249:2:249:18":10,"s:250:4:250:Infinity":98}}}
,"/home/jlf88/lumia-pro/src/components/AISettings.tsx": {"path":"/home/jlf88/lumia-pro/src/components/AISettings.tsx","statementMap":{"0":{"start":{"line":33,"column":53},"end":{"line":222,"column":null}},"1":{"start":{"line":52,"column":26},"end":{"line":56,"column":null}},"2":{"start":{"line":58,"column":38},"end":{"line":58,"column":null}},"3":{"start":{"line":59,"column":42},"end":{"line":59,"column":null}},"4":{"start":{"line":60,"column":46},"end":{"line":60,"column":null}},"5":{"start":{"line":63,"column":4},"end":{"line":68,"column":null}},"6":{"start":{"line":64,"column":8},"end":{"line":67,"column":null}},"7":{"start":{"line":70,"column":32},"end":{"line":72,"column":null}},"8":{"start":{"line":74,"column":4},"end":{"line":220,"column":null}},"9":{"start":{"line":105,"column":60},"end":{"line":105,"column":null}},"10":{"start":{"line":113,"column":28},"end":{"line":119,"column":null}},"11":{"start":{"line":135,"column":45},"end":{"line":135,"column":null}},"12":{"start":{"line":145,"column":45},"end":{"line":145,"column":null}},"13":{"start":{"line":150,"column":32},"end":{"line":152,"column":null}},"14":{"start":{"line":163,"column":37},"end":{"line":163,"column":null}},"15":{"start":{"line":163,"column":53},"end":{"line":163,"column":74}},"16":{"start":{"line":169,"column":37},"end":{"line":169,"column":null}},"17":{"start":{"line":169,"column":53},"end":{"line":169,"column":73}},"18":{"start":{"line":176,"column":37},"end":{"line":176,"column":null}},"19":{"start":{"line":176,"column":53},"end":{"line":176,"column":78}},"20":{"start":{"line":183,"column":37},"end":{"line":183,"column":null}},"21":{"start":{"line":183,"column":53},"end":{"line":183,"column":75}},"22":{"start":{"line":190,"column":37},"end":{"line":190,"column":null}},"23":{"start":{"line":190,"column":53},"end":{"line":190,"column":77}},"24":{"start":{"line":197,"column":37},"end":{"line":197,"column":null}},"25":{"start":{"line":197,"column":53},"end":{"line":197,"column":75}},"26":{"start":{"line":204,"column":37},"end":{"line":204,"column":null}},"27":{"start":{"line":204,"column":53},"end":{"line":204,"column":77}},"28":{"start":{"line":211,"column":37},"end":{"line":211,"column":null}},"29":{"start":{"line":211,"column":53},"end":{"line":211,"column":75}}},"fnMap":{"0":{"name":"(anonymous_0)","decl":{"start":{"line":33,"column":53},"end":{"line":33,"column":54}},"loc":{"start":{"line":51,"column":6},"end":{"line":222,"column":null}},"line":51},"1":{"name":"(anonymous_1)","decl":{"start":{"line":63,"column":20},"end":{"line":63,"column":26}},"loc":{"start":{"line":63,"column":26},"end":{"line":68,"column":7}},"line":63},"2":{"name":"(anonymous_2)","decl":{"start":{"line":105,"column":54},"end":{"line":105,"column":60}},"loc":{"start":{"line":105,"column":60},"end":{"line":105,"column":null}},"line":105},"3":{"name":"(anonymous_3)","decl":{"start":{"line":112,"column":49},"end":{"line":112,"column":null}},"loc":{"start":{"line":113,"column":28},"end":{"line":119,"column":null}},"line":113},"4":{"name":"(anonymous_4)","decl":{"start":{"line":135,"column":38},"end":{"line":135,"column":39}},"loc":{"start":{"line":135,"column":45},"end":{"line":135,"column":null}},"line":135},"5":{"name":"(anonymous_5)","decl":{"start":{"line":145,"column":38},"end":{"line":145,"column":39}},"loc":{"start":{"line":145,"column":45},"end":{"line":145,"column":null}},"line":145},"6":{"name":"(anonymous_6)","decl":{"start":{"line":149,"column":47},"end":{"line":149,"column":null}},"loc":{"start":{"line":150,"column":32},"end":{"line":152,"column":null}},"line":150},"7":{"name":"(anonymous_7)","decl":{"start":{"line":163,"column":30},"end":{"line":163,"column":31}},"loc":{"start":{"line":163,"column":37},"end":{"line":163,"column":null}},"line":163},"8":{"name":"(anonymous_8)","decl":{"start":{"line":163,"column":47},"end":{"line":163,"column":53}},"loc":{"start":{"line":163,"column":53},"end":{"line":163,"column":74}},"line":163},"9":{"name":"(anonymous_9)","decl":{"start":{"line":169,"column":30},"end":{"line":169,"column":31}},"loc":{"start":{"line":169,"column":37},"end":{"line":169,"column":null}},"line":169},"10":{"name":"(anonymous_10)","decl":{"start":{"line":169,"column":47},"end":{"line":169,"column":53}},"loc":{"start":{"line":169,"column":53},"end":{"line":169,"column":73}},"line":169},"11":{"name":"(anonymous_11)","decl":{"start":{"line":176,"column":30},"end":{"line":176,"column":31}},"loc":{"start":{"line":176,"column":37},"end":{"line":176,"column":null}},"line":176},"12":{"name":"(anonymous_12)","decl":{"start":{"line":176,"column":47},"end":{"line":176,"column":53}},"loc":{"start":{"line":176,"column":53},"end":{"line":176,"column":78}},"line":176},"13":{"name":"(anonymous_13)","decl":{"start":{"line":183,"column":30},"end":{"line":183,"column":31}},"loc":{"start":{"line":183,"column":37},"end":{"line":183,"column":null}},"line":183},"14":{"name":"(anonymous_14)","decl":{"start":{"line":183,"column":47},"end":{"line":183,"column":53}},"loc":{"start":{"line":183,"column":53},"end":{"line":183,"column":75}},"line":183},"15":{"name":"(anonymous_15)","decl":{"start":{"line":190,"column":30},"end":{"line":190,"column":31}},"loc":{"start":{"line":190,"column":37},"end":{"line":190,"column":null}},"line":190},"16":{"name":"(anonymous_16)","decl":{"start":{"line":190,"column":47},"end":{"line":190,"column":53}},"loc":{"start":{"line":190,"column":53},"end":{"line":190,"column":77}},"line":190},"17":{"name":"(anonymous_17)","decl":{"start":{"line":197,"column":30},"end":{"line":197,"column":31}},"loc":{"start":{"line":197,"column":37},"end":{"line":197,"column":null}},"line":197},"18":{"name":"(anonymous_18)","decl":{"start":{"line":197,"column":47},"end":{"line":197,"column":53}},"loc":{"start":{"line":197,"column":53},"end":{"line":197,"column":75}},"line":197},"19":{"name":"(anonymous_19)","decl":{"start":{"line":204,"column":30},"end":{"line":204,"column":31}},"loc":{"start":{"line":204,"column":37},"end":{"line":204,"column":null}},"line":204},"20":{"name":"(anonymous_20)","decl":{"start":{"line":204,"column":47},"end":{"line":204,"column":53}},"loc":{"start":{"line":204,"column":53},"end":{"line":204,"column":77}},"line":204},"21":{"name":"(anonymous_21)","decl":{"start":{"line":211,"column":30},"end":{"line":211,"column":31}},"loc":{"start":{"line":211,"column":37},"end":{"line":211,"column":null}},"line":211},"22":{"name":"(anonymous_22)","decl":{"start":{"line":211,"column":47},"end":{"line":211,"column":53}},"loc":{"start":{"line":211,"column":53},"end":{"line":211,"column":75}},"line":211}},"branchMap":{"0":{"loc":{"start":{"line":65,"column":24},"end":{"line":65,"column":null}},"type":"binary-expr","locations":[{"start":{"line":65,"column":24},"end":{"line":65,"column":41}},{"start":{"line":65,"column":41},"end":{"line":65,"column":null}}],"line":65},"1":{"loc":{"start":{"line":66,"column":29},"end":{"line":66,"column":null}},"type":"binary-expr","locations":[{"start":{"line":66,"column":29},"end":{"line":66,"column":48}},{"start":{"line":66,"column":48},"end":{"line":66,"column":null}}],"line":66},"2":{"loc":{"start":{"line":71,"column":8},"end":{"line":71,"column":null}},"type":"binary-expr","locations":[{"start":{"line":71,"column":8},"end":{"line":71,"column":25}},{"start":{"line":71,"column":25},"end":{"line":71,"column":null}}],"line":71},"3":{"loc":{"start":{"line":100,"column":29},"end":{"line":102,"column":null}},"type":"cond-expr","locations":[{"start":{"line":101,"column":34},"end":{"line":101,"column":null}},{"start":{"line":102,"column":34},"end":{"line":102,"column":null}}],"line":100},"4":{"loc":{"start":{"line":101,"column":75},"end":{"line":101,"column":116}},"type":"cond-expr","locations":[{"start":{"line":101,"column":108},"end":{"line":101,"column":114}},{"start":{"line":101,"column":114},"end":{"line":101,"column":116}}],"line":101},"5":{"loc":{"start":{"line":106,"column":25},"end":{"line":106,"column":null}},"type":"cond-expr","locations":[{"start":{"line":106,"column":39},"end":{"line":106,"column":56}},{"start":{"line":106,"column":56},"end":{"line":106,"column":null}}],"line":106},"6":{"loc":{"start":{"line":110,"column":17},"end":{"line":121,"column":null}},"type":"binary-expr","locations":[{"start":{"line":110,"column":17},"end":{"line":110,"column":null}},{"start":{"line":111,"column":20},"end":{"line":121,"column":null}}],"line":110},"7":{"loc":{"start":{"line":214,"column":17},"end":{"line":217,"column":null}},"type":"binary-expr","locations":[{"start":{"line":214,"column":17},"end":{"line":214,"column":29}},{"start":{"line":214,"column":29},"end":{"line":214,"column":null}},{"start":{"line":215,"column":20},"end":{"line":217,"column":null}}],"line":214}},"s":{"0":2,"1":0,"2":0,"3":0,"4":0,"5":0,"6":0,"7":0,"8":0,"9":0,"10":0,"11":0,"12":0,"13":0,"14":0,"15":0,"16":0,"17":0,"18":0,"19":0,"20":0,"21":0,"22":0,"23":0,"24":0,"25":0,"26":0,"27":0,"28":0,"29":0},"f":{"0":0,"1":0,"2":0,"3":0,"4":0,"5":0,"6":0,"7":0,"8":0,"9":0,"10":0,"11":0,"12":0,"13":0,"14":0,"15":0,"16":0,"17":0,"18":0,"19":0,"20":0,"21":0,"22":0},"b":{"0":[0,0],"1":[0,0],"2":[0,0],"3":[0,0],"4":[0,0],"5":[0,0],"6":[0,0],"7":[0,0,0]},"meta":{"lastBranch":8,"lastFunction":23,"lastStatement":30,"seen":{"s:33:53:222:Infinity":0,"f:33:53:33:54":0,"s:52:26:56:Infinity":1,"s:58:38:58:Infinity":2,"s:59:42:59:Infinity":3,"s:60:46:60:Infinity":4,"s:63:4:68:Infinity":5,"f:63:20:63:26":1,"s:64:8:67:Infinity":6,"b:65:24:65:41:65:41:65:Infinity":0,"b:66:29:66:48:66:48:66:Infinity":1,"s:70:32:72:Infinity":7,"b:71:8:71:25:71:25:71:Infinity":2,"s:74:4:220:Infinity":8,"b:101:34:101:Infinity:102:34:102:Infinity":3,"b:101:108:101:114:101:114:101:116":4,"f:105:54:105:60":2,"s:105:60:105:Infinity":9,"b:106:39:106:56:106:56:106:Infinity":5,"b:110:17:110:Infinity:111:20:121:Infinity":6,"f:112:49:112:Infinity":3,"s:113:28:119:Infinity":10,"f:135:38:135:39":4,"s:135:45:135:Infinity":11,"f:145:38:145:39":5,"s:145:45:145:Infinity":12,"f:149:47:149:Infinity":6,"s:150:32:152:Infinity":13,"f:163:30:163:31":7,"s:163:37:163:Infinity":14,"f:163:47:163:53":8,"s:163:53:163:74":15,"f:169:30:169:31":9,"s:169:37:169:Infinity":16,"f:169:47:169:53":10,"s:169:53:169:73":17,"f:176:30:176:31":11,"s:176:37:176:Infinity":18,"f:176:47:176:53":12,"s:176:53:176:78":19,"f:183:30:183:31":13,"s:183:37:183:Infinity":20,"f:183:47:183:53":14,"s:183:53:183:75":21,"f:190:30:190:31":15,"s:190:37:190:Infinity":22,"f:190:47:190:53":16,"s:190:53:190:77":23,"f:197:30:197:31":17,"s:197:37:197:Infinity":24,"f:197:47:197:53":18,"s:197:53:197:75":25,"f:204:30:204:31":19,"s:204:37:204:Infinity":26,"f:204:47:204:53":20,"s:204:53:204:77":27,"f:211:30:211:31":21,"s:211:37:211:Infinity":28,"f:211:47:211:53":22,"s:211:53:211:75":29,"b:214:17:214:29:214:29:214:Infinity:215:20:217:Infinity":7}}}
,"/home/jlf88/lumia-pro/src/components/AIWidget.tsx": {"path":"/home/jlf88/lumia-pro/src/components/AIWidget.tsx","statementMap":{"0":{"start":{"line":9,"column":15},"end":{"line":9,"column":null}},"1":{"start":{"line":14,"column":16},"end":{"line":14,"column":null}},"2":{"start":{"line":19,"column":13},"end":{"line":19,"column":null}},"3":{"start":{"line":38,"column":78},"end":{"line":69,"column":null}},"4":{"start":{"line":39,"column":10},"end":{"line":39,"column":null}},"5":{"start":{"line":40,"column":19},"end":{"line":40,"column":null}},"6":{"start":{"line":41,"column":26},"end":{"line":41,"column":null}},"7":{"start":{"line":42,"column":19},"end":{"line":42,"column":null}},"8":{"start":{"line":44,"column":16},"end":{"line":44,"column":null}},"9":{"start":{"line":45,"column":4},"end":{"line":45,"column":null}},"10":{"start":{"line":45,"column":20},"end":{"line":45,"column":null}},"11":{"start":{"line":46,"column":4},"end":{"line":46,"column":null}},"12":{"start":{"line":46,"column":20},"end":{"line":46,"column":null}},"13":{"start":{"line":48,"column":4},"end":{"line":67,"column":null}},"14":{"start":{"line":71,"column":49},"end":{"line":212,"column":null}},"15":{"start":{"line":75,"column":10},"end":{"line":75,"column":null}},"16":{"start":{"line":76,"column":22},"end":{"line":76,"column":null}},"17":{"start":{"line":78,"column":4},"end":{"line":210,"column":null}},"18":{"start":{"line":110,"column":32},"end":{"line":113,"column":null}}},"fnMap":{"0":{"name":"(anonymous_0)","decl":{"start":{"line":38,"column":78},"end":{"line":38,"column":79}},"loc":{"start":{"line":38,"column":111},"end":{"line":69,"column":null}},"line":38},"1":{"name":"(anonymous_1)","decl":{"start":{"line":71,"column":49},"end":{"line":71,"column":50}},"loc":{"start":{"line":74,"column":6},"end":{"line":212,"column":null}},"line":74},"2":{"name":"(anonymous_2)","decl":{"start":{"line":109,"column":45},"end":{"line":109,"column":46}},"loc":{"start":{"line":110,"column":32},"end":{"line":113,"column":null}},"line":110}},"branchMap":{"0":{"loc":{"start":{"line":38,"column":95},"end":{"line":38,"column":105}},"type":"default-arg","locations":[{"start":{"line":38,"column":103},"end":{"line":38,"column":105}}],"line":38},"1":{"loc":{"start":{"line":45,"column":4},"end":{"line":45,"column":null}},"type":"if","locations":[{"start":{"line":45,"column":4},"end":{"line":45,"column":null}},{"start":{},"end":{}}],"line":45},"2":{"loc":{"start":{"line":46,"column":4},"end":{"line":46,"column":null}},"type":"if","locations":[{"start":{"line":46,"column":4},"end":{"line":46,"column":null}},{"start":{},"end":{}}],"line":46},"3":{"loc":{"start":{"line":76,"column":22},"end":{"line":76,"column":null}},"type":"binary-expr","locations":[{"start":{"line":76,"column":22},"end":{"line":76,"column":37}},{"start":{"line":76,"column":37},"end":{"line":76,"column":null}}],"line":76},"4":{"loc":{"start":{"line":83,"column":21},"end":{"line":86,"column":null}},"type":"binary-expr","locations":[{"start":{"line":83,"column":21},"end":{"line":83,"column":null}},{"start":{"line":84,"column":24},"end":{"line":86,"column":null}}],"line":83},"5":{"loc":{"start":{"line":91,"column":17},"end":{"line":101,"column":null}},"type":"cond-expr","locations":[{"start":{"line":92,"column":20},"end":{"line":97,"column":null}},{"start":{"line":99,"column":20},"end":{"line":101,"column":null}}],"line":91},"6":{"loc":{"start":{"line":105,"column":17},"end":{"line":116,"column":null}},"type":"binary-expr","locations":[{"start":{"line":105,"column":17},"end":{"line":105,"column":27}},{"start":{"line":105,"column":27},"end":{"line":105,"column":null}},{"start":{"line":106,"column":20},"end":{"line":116,"column":null}}],"line":105},"7":{"loc":{"start":{"line":123,"column":61},"end":{"line":123,"column":113}},"type":"cond-expr","locations":[{"start":{"line":123,"column":75},"end":{"line":123,"column":106}},{"start":{"line":123,"column":106},"end":{"line":123,"column":113}}],"line":123},"8":{"loc":{"start":{"line":125,"column":25},"end":{"line":125,"column":null}},"type":"cond-expr","locations":[{"start":{"line":125,"column":39},"end":{"line":125,"column":55}},{"start":{"line":125,"column":55},"end":{"line":125,"column":null}}],"line":125},"9":{"loc":{"start":{"line":127,"column":81},"end":{"line":127,"column":103}},"type":"binary-expr","locations":[{"start":{"line":127,"column":81},"end":{"line":127,"column":92}},{"start":{"line":127,"column":92},"end":{"line":127,"column":103}}],"line":127},"10":{"loc":{"start":{"line":133,"column":17},"end":{"line":187,"column":null}},"type":"binary-expr","locations":[{"start":{"line":133,"column":17},"end":{"line":133,"column":null}},{"start":{"line":134,"column":20},"end":{"line":187,"column":null}}],"line":133},"11":{"loc":{"start":{"line":140,"column":25},"end":{"line":169,"column":null}},"type":"binary-expr","locations":[{"start":{"line":140,"column":25},"end":{"line":140,"column":null}},{"start":{"line":141,"column":28},"end":{"line":169,"column":null}}],"line":140},"12":{"loc":{"start":{"line":158,"column":37},"end":{"line":161,"column":null}},"type":"binary-expr","locations":[{"start":{"line":158,"column":37},"end":{"line":158,"column":null}},{"start":{"line":159,"column":40},"end":{"line":161,"column":null}}],"line":158},"13":{"loc":{"start":{"line":163,"column":37},"end":{"line":166,"column":null}},"type":"binary-expr","locations":[{"start":{"line":163,"column":37},"end":{"line":163,"column":null}},{"start":{"line":164,"column":40},"end":{"line":166,"column":null}}],"line":163},"14":{"loc":{"start":{"line":176,"column":73},"end":{"line":176,"column":130}},"type":"cond-expr","locations":[{"start":{"line":176,"column":92},"end":{"line":176,"column":123}},{"start":{"line":176,"column":123},"end":{"line":176,"column":130}}],"line":176},"15":{"loc":{"start":{"line":178,"column":33},"end":{"line":178,"column":null}},"type":"cond-expr","locations":[{"start":{"line":178,"column":52},"end":{"line":178,"column":69}},{"start":{"line":178,"column":69},"end":{"line":178,"column":null}}],"line":178},"16":{"loc":{"start":{"line":182,"column":42},"end":{"line":182,"column":71}},"type":"binary-expr","locations":[{"start":{"line":182,"column":42},"end":{"line":182,"column":60}},{"start":{"line":182,"column":60},"end":{"line":182,"column":71}}],"line":182},"17":{"loc":{"start":{"line":190,"column":17},"end":{"line":193,"column":null}},"type":"binary-expr","locations":[{"start":{"line":190,"column":17},"end":{"line":190,"column":null}},{"start":{"line":191,"column":20},"end":{"line":193,"column":null}}],"line":190},"18":{"loc":{"start":{"line":197,"column":17},"end":{"line":207,"column":null}},"type":"binary-expr","locations":[{"start":{"line":197,"column":17},"end":{"line":197,"column":null}},{"start":{"line":198,"column":20},"end":{"line":207,"column":null}}],"line":197},"19":{"loc":{"start":{"line":203,"column":79},"end":{"line":203,"column":132}},"type":"cond-expr","locations":[{"start":{"line":203,"column":98},"end":{"line":203,"column":117}},{"start":{"line":203,"column":117},"end":{"line":203,"column":132}}],"line":203},"20":{"loc":{"start":{"line":204,"column":61},"end":{"line":204,"column":115}},"type":"cond-expr","locations":[{"start":{"line":204,"column":80},"end":{"line":204,"column":99}},{"start":{"line":204,"column":99},"end":{"line":204,"column":115}}],"line":204},"21":{"loc":{"start":{"line":205,"column":29},"end":{"line":205,"column":null}},"type":"cond-expr","locations":[{"start":{"line":205,"column":48},"end":{"line":205,"column":74}},{"start":{"line":205,"column":74},"end":{"line":205,"column":null}}],"line":205}},"s":{"0":2,"1":2,"2":2,"3":2,"4":0,"5":0,"6":0,"7":0,"8":0,"9":0,"10":0,"11":0,"12":0,"13":0,"14":2,"15":0,"16":0,"17":0,"18":0},"f":{"0":0,"1":0,"2":0},"b":{"0":[0],"1":[0,0],"2":[0,0],"3":[0,0],"4":[0,0],"5":[0,0],"6":[0,0,0],"7":[0,0],"8":[0,0],"9":[0,0],"10":[0,0],"11":[0,0],"12":[0,0],"13":[0,0],"14":[0,0],"15":[0,0],"16":[0,0],"17":[0,0],"18":[0,0],"19":[0,0],"20":[0,0],"21":[0,0]},"meta":{"lastBranch":22,"lastFunction":3,"lastStatement":19,"seen":{"s:9:15:9:Infinity":0,"s:14:16:14:Infinity":1,"s:19:13:19:Infinity":2,"s:38:78:69:Infinity":3,"f:38:78:38:79":0,"b:38:103:38:105":0,"s:39:10:39:Infinity":4,"s:40:19:40:Infinity":5,"s:41:26:41:Infinity":6,"s:42:19:42:Infinity":7,"s:44:16:44:Infinity":8,"b:45:4:45:Infinity:undefined:undefined:undefined:undefined":1,"s:45:4:45:Infinity":9,"s:45:20:45:Infinity":10,"b:46:4:46:Infinity:undefined:undefined:undefined:undefined":2,"s:46:4:46:Infinity":11,"s:46:20:46:Infinity":12,"s:48:4:67:Infinity":13,"s:71:49:212:Infinity":14,"f:71:49:71:50":1,"s:75:10:75:Infinity":15,"s:76:22:76:Infinity":16,"b:76:22:76:37:76:37:76:Infinity":3,"s:78:4:210:Infinity":17,"b:83:21:83:Infinity:84:24:86:Infinity":4,"b:92:20:97:Infinity:99:20:101:Infinity":5,"b:105:17:105:27:105:27:105:Infinity:106:20:116:Infinity":6,"f:109:45:109:46":2,"s:110:32:113:Infinity":18,"b:123:75:123:106:123:106:123:113":7,"b:125:39:125:55:125:55:125:Infinity":8,"b:127:81:127:92:127:92:127:103":9,"b:133:17:133:Infinity:134:20:187:Infinity":10,"b:140:25:140:Infinity:141:28:169:Infinity":11,"b:158:37:158:Infinity:159:40:161:Infinity":12,"b:163:37:163:Infinity:164:40:166:Infinity":13,"b:176:92:176:123:176:123:176:130":14,"b:178:52:178:69:178:69:178:Infinity":15,"b:182:42:182:60:182:60:182:71":16,"b:190:17:190:Infinity:191:20:193:Infinity":17,"b:197:17:197:Infinity:198:20:207:Infinity":18,"b:203:98:203:117:203:117:203:132":19,"b:204:80:204:99:204:99:204:115":20,"b:205:48:205:74:205:74:205:Infinity":21}}}
,"/home/jlf88/lumia-pro/src/components/AudioMeter.tsx": {"path":"/home/jlf88/lumia-pro/src/components/AudioMeter.tsx","statementMap":{"0":{"start":{"line":5,"column":14},"end":{"line":5,"column":null}},"1":{"start":{"line":10,"column":16},"end":{"line":10,"column":null}},"2":{"start":{"line":21,"column":53},"end":{"line":238,"column":null}},"3":{"start":{"line":26,"column":8},"end":{"line":26,"column":null}},"4":{"start":{"line":27,"column":24},"end":{"line":27,"column":null}},"5":{"start":{"line":28,"column":22},"end":{"line":28,"column":null}},"6":{"start":{"line":29,"column":8},"end":{"line":29,"column":null}},"7":{"start":{"line":30,"column":8},"end":{"line":30,"column":null}},"8":{"start":{"line":32,"column":2},"end":{"line":70,"column":null}},"9":{"start":{"line":33,"column":4},"end":{"line":37,"column":null}},"10":{"start":{"line":34,"column":6},"end":{"line":34,"column":null}},"11":{"start":{"line":35,"column":6},"end":{"line":35,"column":null}},"12":{"start":{"line":36,"column":6},"end":{"line":36,"column":null}},"13":{"start":{"line":39,"column":25},"end":{"line":39,"column":null}},"14":{"start":{"line":40,"column":19},"end":{"line":40,"column":null}},"15":{"start":{"line":41,"column":21},"end":{"line":41,"column":null}},"16":{"start":{"line":42,"column":4},"end":{"line":42,"column":null}},"17":{"start":{"line":43,"column":4},"end":{"line":43,"column":null}},"18":{"start":{"line":44,"column":4},"end":{"line":44,"column":null}},"19":{"start":{"line":45,"column":4},"end":{"line":45,"column":null}},"20":{"start":{"line":47,"column":22},"end":{"line":47,"column":null}},"21":{"start":{"line":49,"column":24},"end":{"line":60,"column":null}},"22":{"start":{"line":50,"column":6},"end":{"line":50,"column":null}},"23":{"start":{"line":50,"column":32},"end":{"line":50,"column":null}},"24":{"start":{"line":52,"column":6},"end":{"line":52,"column":null}},"25":{"start":{"line":53,"column":22},"end":{"line":53,"column":null}},"26":{"start":{"line":53,"column":49},"end":{"line":53,"column":56}},"27":{"start":{"line":54,"column":25},"end":{"line":54,"column":null}},"28":{"start":{"line":56,"column":6},"end":{"line":56,"column":null}},"29":{"start":{"line":57,"column":6},"end":{"line":57,"column":null}},"30":{"start":{"line":57,"column":22},"end":{"line":57,"column":55}},"31":{"start":{"line":59,"column":6},"end":{"line":59,"column":null}},"32":{"start":{"line":62,"column":4},"end":{"line":62,"column":null}},"33":{"start":{"line":64,"column":4},"end":{"line":69,"column":null}},"34":{"start":{"line":65,"column":6},"end":{"line":65,"column":null}},"35":{"start":{"line":65,"column":32},"end":{"line":65,"column":null}},"36":{"start":{"line":66,"column":6},"end":{"line":66,"column":null}},"37":{"start":{"line":67,"column":6},"end":{"line":67,"column":null}},"38":{"start":{"line":68,"column":6},"end":{"line":68,"column":null}},"39":{"start":{"line":72,"column":19},"end":{"line":72,"column":null}},"40":{"start":{"line":73,"column":20},"end":{"line":73,"column":null}},"41":{"start":{"line":75,"column":2},"end":{"line":118,"column":null}},"42":{"start":{"line":76,"column":4},"end":{"line":116,"column":null}},"43":{"start":{"line":120,"column":2},"end":{"line":168,"column":null}},"44":{"start":{"line":121,"column":4},"end":{"line":166,"column":null}},"45":{"start":{"line":170,"column":2},"end":{"line":236,"column":null}}},"fnMap":{"0":{"name":"(anonymous_0)","decl":{"start":{"line":21,"column":53},"end":{"line":21,"column":54}},"loc":{"start":{"line":25,"column":6},"end":{"line":238,"column":null}},"line":25},"1":{"name":"(anonymous_1)","decl":{"start":{"line":32,"column":12},"end":{"line":32,"column":18}},"loc":{"start":{"line":32,"column":18},"end":{"line":70,"column":5}},"line":32},"2":{"name":"(anonymous_2)","decl":{"start":{"line":49,"column":24},"end":{"line":49,"column":30}},"loc":{"start":{"line":49,"column":30},"end":{"line":60,"column":null}},"line":49},"3":{"name":"(anonymous_3)","decl":{"start":{"line":53,"column":39},"end":{"line":53,"column":40}},"loc":{"start":{"line":53,"column":49},"end":{"line":53,"column":56}},"line":53},"4":{"name":"(anonymous_4)","decl":{"start":{"line":57,"column":14},"end":{"line":57,"column":22}},"loc":{"start":{"line":57,"column":22},"end":{"line":57,"column":55}},"line":57},"5":{"name":"(anonymous_5)","decl":{"start":{"line":64,"column":11},"end":{"line":64,"column":17}},"loc":{"start":{"line":64,"column":17},"end":{"line":69,"column":null}},"line":64}},"branchMap":{"0":{"loc":{"start":{"line":23,"column":2},"end":{"line":23,"column":null}},"type":"default-arg","locations":[{"start":{"line":23,"column":12},"end":{"line":23,"column":null}}],"line":23},"1":{"loc":{"start":{"line":24,"column":2},"end":{"line":24,"column":null}},"type":"default-arg","locations":[{"start":{"line":24,"column":13},"end":{"line":24,"column":null}}],"line":24},"2":{"loc":{"start":{"line":33,"column":4},"end":{"line":37,"column":null}},"type":"if","locations":[{"start":{"line":33,"column":4},"end":{"line":37,"column":null}},{"start":{},"end":{}}],"line":33},"3":{"loc":{"start":{"line":39,"column":30},"end":{"line":39,"column":89}},"type":"binary-expr","locations":[{"start":{"line":39,"column":30},"end":{"line":39,"column":54}},{"start":{"line":39,"column":54},"end":{"line":39,"column":89}}],"line":39},"4":{"loc":{"start":{"line":50,"column":6},"end":{"line":50,"column":null}},"type":"if","locations":[{"start":{"line":50,"column":6},"end":{"line":50,"column":null}},{"start":{},"end":{}}],"line":50},"5":{"loc":{"start":{"line":65,"column":6},"end":{"line":65,"column":null}},"type":"if","locations":[{"start":{"line":65,"column":6},"end":{"line":65,"column":null}},{"start":{},"end":{}}],"line":65},"6":{"loc":{"start":{"line":75,"column":2},"end":{"line":118,"column":null}},"type":"if","locations":[{"start":{"line":75,"column":2},"end":{"line":118,"column":null}},{"start":{},"end":{}}],"line":75},"7":{"loc":{"start":{"line":102,"column":23},"end":{"line":102,"column":null}},"type":"cond-expr","locations":[{"start":{"line":102,"column":34},"end":{"line":102,"column":71}},{"start":{"line":102,"column":71},"end":{"line":102,"column":null}}],"line":102},"8":{"loc":{"start":{"line":106,"column":9},"end":{"line":114,"column":null}},"type":"binary-expr","locations":[{"start":{"line":106,"column":9},"end":{"line":106,"column":null}},{"start":{"line":107,"column":10},"end":{"line":114,"column":null}}],"line":106},"9":{"loc":{"start":{"line":109,"column":21},"end":{"line":109,"column":null}},"type":"cond-expr","locations":[{"start":{"line":109,"column":32},"end":{"line":109,"column":61}},{"start":{"line":109,"column":61},"end":{"line":109,"column":null}}],"line":109},"10":{"loc":{"start":{"line":120,"column":2},"end":{"line":168,"column":null}},"type":"if","locations":[{"start":{"line":120,"column":2},"end":{"line":168,"column":null}},{"start":{},"end":{}}],"line":120},"11":{"loc":{"start":{"line":126,"column":19},"end":{"line":126,"column":null}},"type":"cond-expr","locations":[{"start":{"line":126,"column":51},"end":{"line":126,"column":78}},{"start":{"line":126,"column":78},"end":{"line":126,"column":null}}],"line":126},"12":{"loc":{"start":{"line":149,"column":25},"end":{"line":149,"column":null}},"type":"cond-expr","locations":[{"start":{"line":149,"column":36},"end":{"line":149,"column":70}},{"start":{"line":149,"column":70},"end":{"line":149,"column":null}}],"line":149},"13":{"loc":{"start":{"line":153,"column":9},"end":{"line":164,"column":null}},"type":"binary-expr","locations":[{"start":{"line":153,"column":9},"end":{"line":153,"column":null}},{"start":{"line":154,"column":10},"end":{"line":164,"column":null}}],"line":153},"14":{"loc":{"start":{"line":179,"column":7},"end":{"line":187,"column":null}},"type":"binary-expr","locations":[{"start":{"line":179,"column":7},"end":{"line":179,"column":null}},{"start":{"line":180,"column":8},"end":{"line":187,"column":null}}],"line":179},"15":{"loc":{"start":{"line":182,"column":19},"end":{"line":182,"column":null}},"type":"cond-expr","locations":[{"start":{"line":182,"column":30},"end":{"line":182,"column":59}},{"start":{"line":182,"column":59},"end":{"line":182,"column":null}}],"line":182},"16":{"loc":{"start":{"line":184,"column":23},"end":{"line":184,"column":null}},"type":"cond-expr","locations":[{"start":{"line":184,"column":34},"end":{"line":184,"column":71}},{"start":{"line":184,"column":71},"end":{"line":184,"column":null}}],"line":184},"17":{"loc":{"start":{"line":193,"column":19},"end":{"line":193,"column":null}},"type":"cond-expr","locations":[{"start":{"line":193,"column":51},"end":{"line":193,"column":78}},{"start":{"line":193,"column":78},"end":{"line":193,"column":null}}],"line":193},"18":{"loc":{"start":{"line":211,"column":23},"end":{"line":211,"column":null}},"type":"cond-expr","locations":[{"start":{"line":211,"column":34},"end":{"line":211,"column":137}},{"start":{"line":211,"column":137},"end":{"line":211,"column":null}}],"line":211},"19":{"loc":{"start":{"line":218,"column":25},"end":{"line":218,"column":null}},"type":"cond-expr","locations":[{"start":{"line":218,"column":36},"end":{"line":218,"column":70}},{"start":{"line":218,"column":70},"end":{"line":218,"column":null}}],"line":218},"20":{"loc":{"start":{"line":222,"column":9},"end":{"line":233,"column":null}},"type":"binary-expr","locations":[{"start":{"line":222,"column":9},"end":{"line":222,"column":null}},{"start":{"line":223,"column":10},"end":{"line":233,"column":null}}],"line":222}},"s":{"0":2,"1":2,"2":2,"3":0,"4":0,"5":0,"6":0,"7":0,"8":0,"9":0,"10":0,"11":0,"12":0,"13":0,"14":0,"15":0,"16":0,"17":0,"18":0,"19":0,"20":0,"21":0,"22":0,"23":0,"24":0,"25":0,"26":0,"27":0,"28":0,"29":0,"30":0,"31":0,"32":0,"33":0,"34":0,"35":0,"36":0,"37":0,"38":0,"39":0,"40":0,"41":0,"42":0,"43":0,"44":0,"45":0},"f":{"0":0,"1":0,"2":0,"3":0,"4":0,"5":0},"b":{"0":[0],"1":[0],"2":[0,0],"3":[0,0],"4":[0,0],"5":[0,0],"6":[0,0],"7":[0,0],"8":[0,0],"9":[0,0],"10":[0,0],"11":[0,0],"12":[0,0],"13":[0,0],"14":[0,0],"15":[0,0],"16":[0,0],"17":[0,0],"18":[0,0],"19":[0,0],"20":[0,0]},"meta":{"lastBranch":21,"lastFunction":6,"lastStatement":46,"seen":{"s:5:14:5:Infinity":0,"s:10:16:10:Infinity":1,"s:21:53:238:Infinity":2,"f:21:53:21:54":0,"b:23:12:23:Infinity":0,"b:24:13:24:Infinity":1,"s:26:8:26:Infinity":3,"s:27:24:27:Infinity":4,"s:28:22:28:Infinity":5,"s:29:8:29:Infinity":6,"s:30:8:30:Infinity":7,"s:32:2:70:Infinity":8,"f:32:12:32:18":1,"b:33:4:37:Infinity:undefined:undefined:undefined:undefined":2,"s:33:4:37:Infinity":9,"s:34:6:34:Infinity":10,"s:35:6:35:Infinity":11,"s:36:6:36:Infinity":12,"s:39:25:39:Infinity":13,"b:39:30:39:54:39:54:39:89":3,"s:40:19:40:Infinity":14,"s:41:21:41:Infinity":15,"s:42:4:42:Infinity":16,"s:43:4:43:Infinity":17,"s:44:4:44:Infinity":18,"s:45:4:45:Infinity":19,"s:47:22:47:Infinity":20,"s:49:24:60:Infinity":21,"f:49:24:49:30":2,"b:50:6:50:Infinity:undefined:undefined:undefined:undefined":4,"s:50:6:50:Infinity":22,"s:50:32:50:Infinity":23,"s:52:6:52:Infinity":24,"s:53:22:53:Infinity":25,"f:53:39:53:40":3,"s:53:49:53:56":26,"s:54:25:54:Infinity":27,"s:56:6:56:Infinity":28,"s:57:6:57:Infinity":29,"f:57:14:57:22":4,"s:57:22:57:55":30,"s:59:6:59:Infinity":31,"s:62:4:62:Infinity":32,"s:64:4:69:Infinity":33,"f:64:11:64:17":5,"b:65:6:65:Infinity:undefined:undefined:undefined:undefined":5,"s:65:6:65:Infinity":34,"s:65:32:65:Infinity":35,"s:66:6:66:Infinity":36,"s:67:6:67:Infinity":37,"s:68:6:68:Infinity":38,"s:72:19:72:Infinity":39,"s:73:20:73:Infinity":40,"b:75:2:118:Infinity:undefined:undefined:undefined:undefined":6,"s:75:2:118:Infinity":41,"s:76:4:116:Infinity":42,"b:102:34:102:71:102:71:102:Infinity":7,"b:106:9:106:Infinity:107:10:114:Infinity":8,"b:109:32:109:61:109:61:109:Infinity":9,"b:120:2:168:Infinity:undefined:undefined:undefined:undefined":10,"s:120:2:168:Infinity":43,"s:121:4:166:Infinity":44,"b:126:51:126:78:126:78:126:Infinity":11,"b:149:36:149:70:149:70:149:Infinity":12,"b:153:9:153:Infinity:154:10:164:Infinity":13,"s:170:2:236:Infinity":45,"b:179:7:179:Infinity:180:8:187:Infinity":14,"b:182:30:182:59:182:59:182:Infinity":15,"b:184:34:184:71:184:71:184:Infinity":16,"b:193:51:193:78:193:78:193:Infinity":17,"b:211:34:211:137:211:137:211:Infinity":18,"b:218:36:218:70:218:70:218:Infinity":19,"b:222:9:222:Infinity:223:10:233:Infinity":20}}}
,"/home/jlf88/lumia-pro/src/components/CaptureAnimation.tsx": {"path":"/home/jlf88/lumia-pro/src/components/CaptureAnimation.tsx","statementMap":{"0":{"start":{"line":4,"column":14},"end":{"line":4,"column":null}},"1":{"start":{"line":10,"column":21},"end":{"line":10,"column":null}},"2":{"start":{"line":28,"column":65},"end":{"line":131,"column":null}},"3":{"start":{"line":29,"column":32},"end":{"line":29,"column":null}},"4":{"start":{"line":30,"column":36},"end":{"line":30,"column":null}},"5":{"start":{"line":31,"column":32},"end":{"line":31,"column":null}},"6":{"start":{"line":32,"column":27},"end":{"line":32,"column":null}},"7":{"start":{"line":34,"column":2},"end":{"line":66,"column":null}},"8":{"start":{"line":35,"column":4},"end":{"line":38,"column":null}},"9":{"start":{"line":36,"column":6},"end":{"line":36,"column":null}},"10":{"start":{"line":37,"column":6},"end":{"line":37,"column":null}},"11":{"start":{"line":41,"column":4},"end":{"line":41,"column":null}},"12":{"start":{"line":42,"column":23},"end":{"line":42,"column":null}},"13":{"start":{"line":42,"column":40},"end":{"line":42,"column":61}},"14":{"start":{"line":45,"column":21},"end":{"line":45,"column":null}},"15":{"start":{"line":46,"column":4},"end":{"line":56,"column":null}},"16":{"start":{"line":47,"column":19},"end":{"line":47,"column":null}},"17":{"start":{"line":48,"column":21},"end":{"line":48,"column":null}},"18":{"start":{"line":49,"column":21},"end":{"line":49,"column":null}},"19":{"start":{"line":50,"column":6},"end":{"line":53,"column":null}},"20":{"start":{"line":55,"column":6},"end":{"line":55,"column":null}},"21":{"start":{"line":58,"column":4},"end":{"line":65,"column":null}},"22":{"start":{"line":59,"column":6},"end":{"line":59,"column":null}},"23":{"start":{"line":60,"column":6},"end":{"line":63,"column":null}},"24":{"start":{"line":61,"column":8},"end":{"line":61,"column":null}},"25":{"start":{"line":62,"column":8},"end":{"line":62,"column":null}},"26":{"start":{"line":64,"column":6},"end":{"line":64,"column":null}},"27":{"start":{"line":68,"column":28},"end":{"line":77,"column":null}},"28":{"start":{"line":69,"column":4},"end":{"line":69,"column":null}},"29":{"start":{"line":70,"column":4},"end":{"line":72,"column":null}},"30":{"start":{"line":71,"column":6},"end":{"line":71,"column":null}},"31":{"start":{"line":73,"column":4},"end":{"line":76,"column":null}},"32":{"start":{"line":74,"column":6},"end":{"line":74,"column":null}},"33":{"start":{"line":75,"column":6},"end":{"line":75,"column":null}},"34":{"start":{"line":79,"column":2},"end":{"line":79,"column":null}},"35":{"start":{"line":79,"column":17},"end":{"line":79,"column":null}},"36":{"start":{"line":81,"column":2},"end":{"line":129,"column":null}}},"fnMap":{"0":{"name":"(anonymous_0)","decl":{"start":{"line":28,"column":65},"end":{"line":28,"column":66}},"loc":{"start":{"line":28,"column":95},"end":{"line":131,"column":null}},"line":28},"1":{"name":"(anonymous_1)","decl":{"start":{"line":34,"column":12},"end":{"line":34,"column":18}},"loc":{"start":{"line":34,"column":18},"end":{"line":66,"column":5}},"line":34},"2":{"name":"(anonymous_2)","decl":{"start":{"line":42,"column":34},"end":{"line":42,"column":40}},"loc":{"start":{"line":42,"column":40},"end":{"line":42,"column":61}},"line":42},"3":{"name":"(anonymous_3)","decl":{"start":{"line":58,"column":11},"end":{"line":58,"column":17}},"loc":{"start":{"line":58,"column":17},"end":{"line":65,"column":null}},"line":58},"4":{"name":"(anonymous_4)","decl":{"start":{"line":68,"column":28},"end":{"line":68,"column":34}},"loc":{"start":{"line":68,"column":34},"end":{"line":77,"column":null}},"line":68},"5":{"name":"(anonymous_5)","decl":{"start":{"line":73,"column":49},"end":{"line":73,"column":55}},"loc":{"start":{"line":73,"column":55},"end":{"line":76,"column":7}},"line":73}},"branchMap":{"0":{"loc":{"start":{"line":35,"column":4},"end":{"line":38,"column":null}},"type":"if","locations":[{"start":{"line":35,"column":4},"end":{"line":38,"column":null}},{"start":{},"end":{}}],"line":35},"1":{"loc":{"start":{"line":46,"column":4},"end":{"line":56,"column":null}},"type":"if","locations":[{"start":{"line":46,"column":4},"end":{"line":56,"column":null}},{"start":{"line":54,"column":11},"end":{"line":56,"column":null}}],"line":46},"2":{"loc":{"start":{"line":60,"column":6},"end":{"line":63,"column":null}},"type":"if","locations":[{"start":{"line":60,"column":6},"end":{"line":63,"column":null}},{"start":{},"end":{}}],"line":60},"3":{"loc":{"start":{"line":70,"column":4},"end":{"line":72,"column":null}},"type":"if","locations":[{"start":{"line":70,"column":4},"end":{"line":72,"column":null}},{"start":{},"end":{}}],"line":70},"4":{"loc":{"start":{"line":79,"column":2},"end":{"line":79,"column":null}},"type":"if","locations":[{"start":{"line":79,"column":2},"end":{"line":79,"column":null}},{"start":{},"end":{}}],"line":79},"5":{"loc":{"start":{"line":84,"column":7},"end":{"line":94,"column":null}},"type":"binary-expr","locations":[{"start":{"line":84,"column":7},"end":{"line":84,"column":null}},{"start":{"line":85,"column":8},"end":{"line":94,"column":null}}],"line":84},"6":{"loc":{"start":{"line":114,"column":21},"end":{"line":114,"column":null}},"type":"cond-expr","locations":[{"start":{"line":114,"column":35},"end":{"line":114,"column":98}},{"start":{"line":114,"column":98},"end":{"line":114,"column":null}}],"line":114},"7":{"loc":{"start":{"line":115,"column":19},"end":{"line":115,"column":null}},"type":"cond-expr","locations":[{"start":{"line":115,"column":33},"end":{"line":115,"column":37}},{"start":{"line":115,"column":37},"end":{"line":115,"column":null}}],"line":115}},"s":{"0":1,"1":1,"2":1,"3":6,"4":6,"5":6,"6":6,"7":6,"8":1,"9":1,"10":1,"11":0,"12":0,"13":0,"14":0,"15":0,"16":0,"17":0,"18":0,"19":0,"20":0,"21":0,"22":0,"23":0,"24":0,"25":0,"26":0,"27":6,"28":0,"29":0,"30":0,"31":0,"32":0,"33":0,"34":6,"35":6,"36":0},"f":{"0":6,"1":1,"2":0,"3":0,"4":0,"5":0},"b":{"0":[1,0],"1":[0,0],"2":[0,0],"3":[0,0],"4":[6,0],"5":[0,0],"6":[0,0],"7":[0,0]},"meta":{"lastBranch":8,"lastFunction":6,"lastStatement":37,"seen":{"s:4:14:4:Infinity":0,"s:10:21:10:Infinity":1,"s:28:65:131:Infinity":2,"f:28:65:28:66":0,"s:29:32:29:Infinity":3,"s:30:36:30:Infinity":4,"s:31:32:31:Infinity":5,"s:32:27:32:Infinity":6,"s:34:2:66:Infinity":7,"f:34:12:34:18":1,"b:35:4:38:Infinity:undefined:undefined:undefined:undefined":0,"s:35:4:38:Infinity":8,"s:36:6:36:Infinity":9,"s:37:6:37:Infinity":10,"s:41:4:41:Infinity":11,"s:42:23:42:Infinity":12,"f:42:34:42:40":2,"s:42:40:42:61":13,"s:45:21:45:Infinity":14,"b:46:4:56:Infinity:54:11:56:Infinity":1,"s:46:4:56:Infinity":15,"s:47:19:47:Infinity":16,"s:48:21:48:Infinity":17,"s:49:21:49:Infinity":1
[...]
defined:undefined:undefined":15,"s:183:6:185:Infinity":48,"s:184:8:184:Infinity":49,"s:187:6:187:Infinity":50,"s:189:6:189:Infinity":51,"s:190:6:190:Infinity":52,"f:197:2:197:28":8,"b:198:4:202:Infinity:undefined:undefined:undefined:undefined":16,"s:198:4:202:Infinity":53,"s:199:6:199:Infinity":54,"s:200:6:200:Infinity":55,"s:201:6:201:Infinity":56,"f:208:2:208:15":9,"s:209:22:209:Infinity":57,"b:212:4:217:Infinity:undefined:undefined:undefined:undefined":17,"s:212:4:217:Infinity":58,"b:212:8:212:38:212:38:212:67":18,"s:213:6:216:Infinity":59,"b:214:15:214:31:214:31:214:Infinity":19,"b:215:16:215:33:215:33:215:Infinity":20,"b:218:4:221:Infinity:undefined:undefined:undefined:undefined":21,"s:218:4:221:Infinity":60,"s:219:6:219:Infinity":61,"s:220:6:220:Infinity":62,"b:222:4:224:Infinity:undefined:undefined:undefined:undefined":22,"s:222:4:224:Infinity":63,"s:223:6:223:Infinity":64,"b:225:4:227:Infinity:undefined:undefined:undefined:undefined":23,"s:225:4:227:Infinity":65,"s:226:6:226:Infinity":66,"s:229:4:229:Infinity":67,"f:235:2:235:30":10,"s:236:16:236:Infinity":68,"s:237:4:237:Infinity":69,"s:238:4:238:Infinity":70,"f:244:2:244:27":11,"s:245:4:245:Infinity":71,"f:251:8:251:35":12,"b:252:4:254:Infinity:undefined:undefined:undefined:undefined":24,"s:252:4:254:Infinity":72,"b:252:8:252:32:252:32:252:49:252:49:252:63":25,"s:253:6:253:Infinity":73,"s:256:4:266:Infinity":74,"s:257:22:257:Infinity":75,"s:259:6:263:Infinity":76,"s:265:6:265:Infinity":77,"f:272:9:272:30":13,"s:273:25:279:Infinity":78,"s:281:4:281:Infinity":79,"b:281:11:281:32:281:32:281:Infinity":26,"f:287:2:287:33":14,"s:288:4:288:Infinity":80,"f:294:2:294:12":15,"s:295:4:295:Infinity":81,"s:296:4:301:Infinity":82,"f:296:11:296:17":16,"s:297:20:297:Infinity":83,"b:298:6:300:Infinity:undefined:undefined:undefined:undefined":27,"s:298:6:300:Infinity":84,"s:299:8:299:Infinity":85,"f:307:2:307:18":17,"s:308:4:308:Infinity":86,"s:309:4:309:Infinity":87,"b:311:4:314:Infinity:undefined:undefined:undefined:undefined":28,"s:311:4:314:Infinity":88,"s:312:6:312:Infinity":89,"s:313:6:313:Infinity":90,"s:316:4:316:Infinity":91,"f:319:10:319:19":18,"s:320:4:320:Infinity":92,"s:321:4:321:Infinity":93,"f:321:27:321:39":19,"s:321:39:321:59":94,"s:326:29:326:Infinity":95}}}
,"/home/jlf88/lumia-pro/src/theme/ThemeContext.tsx": {"path":"/home/jlf88/lumia-pro/src/theme/ThemeContext.tsx","statementMap":{"0":{"start":{"line":62,"column":6},"end":{"line":62,"column":null}},"1":{"start":{"line":64,"column":27},"end":{"line":70,"column":null}},"2":{"start":{"line":65,"column":8},"end":{"line":65,"column":null}},"3":{"start":{"line":66,"column":2},"end":{"line":68,"column":null}},"4":{"start":{"line":67,"column":4},"end":{"line":67,"column":null}},"5":{"start":{"line":69,"column":2},"end":{"line":69,"column":null}},"6":{"start":{"line":85,"column":14},"end":{"line":85,"column":null}},"7":{"start":{"line":86,"column":18},"end":{"line":86,"column":null}},"8":{"start":{"line":87,"column":2},"end":{"line":87,"column":null}},"9":{"start":{"line":95,"column":14},"end":{"line":95,"column":null}},"10":{"start":{"line":96,"column":18},"end":{"line":96,"column":null}},"11":{"start":{"line":97,"column":2},"end":{"line":97,"column":null}},"12":{"start":{"line":104,"column":14},"end":{"line":104,"column":null}},"13":{"start":{"line":105,"column":20},"end":{"line":105,"column":null}},"14":{"start":{"line":106,"column":2},"end":{"line":106,"column":null}},"15":{"start":{"line":114,"column":2},"end":{"line":136,"column":null}},"16":{"start":{"line":115,"column":4},"end":{"line":124,"column":null}},"17":{"start":{"line":126,"column":4},"end":{"line":135,"column":null}},"18":{"start":{"line":142,"column":59},"end":{"line":683,"column":null}},"19":{"start":{"line":143,"column":22},"end":{"line":143,"column":null}},"20":{"start":{"line":144,"column":32},"end":{"line":144,"column":null}},"21":{"start":{"line":146,"column":21},"end":{"line":148,"column":null}},"22":{"start":{"line":147,"column":4},"end":{"line":147,"column":null}},"23":{"start":{"line":147,"column":23},"end":{"line":147,"column":59}},"24":{"start":{"line":150,"column":21},"end":{"line":153,"column":null}},"25":{"start":{"line":151,"column":4},"end":{"line":151,"column":null}},"26":{"start":{"line":152,"column":4},"end":{"line":152,"column":null}},"27":{"start":{"line":155,"column":32},"end":{"line":173,"column":null}},"28":{"start":{"line":156,"column":4},"end":{"line":172,"column":null}},"29":{"start":{"line":157,"column":18},"end":{"line":157,"column":null}},"30":{"start":{"line":158,"column":18},"end":{"line":158,"column":null}},"31":{"start":{"line":159,"column":6},"end":{"line":159,"column":null}},"32":{"start":{"line":160,"column":6},"end":{"line":163,"column":null}},"33":{"start":{"line":161,"column":8},"end":{"line":161,"column":null}},"34":{"start":{"line":162,"column":8},"end":{"line":162,"column":null}},"35":{"start":{"line":165,"column":26},"end":{"line":165,"column":null}},"36":{"start":{"line":166,"column":12},"end":{"line":166,"column":null}},"37":{"start":{"line":167,"column":6},"end":{"line":167,"column":null}},"38":{"start":{"line":169,"column":6},"end":{"line":169,"column":null}},"39":{"start":{"line":171,"column":6},"end":{"line":171,"column":null}},"40":{"start":{"line":178,"column":8},"end":{"line":673,"column":null}},"41":{"start":{"line":179,"column":10},"end":{"line":179,"column":null}},"42":{"start":{"line":180,"column":16},"end":{"line":180,"column":null}},"43":{"start":{"line":181,"column":19},"end":{"line":181,"column":null}},"44":{"start":{"line":185,"column":19},"end":{"line":185,"column":null}},"45":{"start":{"line":189,"column":27},"end":{"line":189,"column":null}},"46":{"start":{"line":190,"column":34},"end":{"line":190,"column":null}},"47":{"start":{"line":193,"column":26},"end":{"line":193,"column":null}},"48":{"start":{"line":202,"column":24},"end":{"line":202,"column":null}},"49":{"start":{"line":203,"column":25},"end":{"line":205,"column":null}},"50":{"start":{"line":206,"column":24},"end":{"line":208,"column":null}},"51":{"start":{"line":211,"column":26},"end":{"line":211,"column":null}},"52":{"start":{"line":212,"column":27},"end":{"line":214,"column":null}},"53":{"start":{"line":215,"column":26},"end":{"line":217,"column":null}},"54":{"start":{"line":220,"column":25},"end":{"line":220,"column":null}},"55":{"start":{"line":221,"column":26},"end":{"line":223,"column":null}},"56":{"start":{"line":224,"column":25},"end":{"line":226,"column":null}},"57":{"start":{"line":232,"column":29},"end":{"line":234,"column":null}},"58":{"start":{"line":235,"column":31},"end":{"line":237,"column":null}},"59":{"start":{"line":238,"column":30},"end":{"line":240,"column":null}},"60":{"start":{"line":241,"column":27},"end":{"line":243,"column":null}},"61":{"start":{"line":249,"column":31},"end":{"line":251,"column":null}},"62":{"start":{"line":252,"column":33},"end":{"line":254,"column":null}},"63":{"start":{"line":255,"column":32},"end":{"line":257,"column":null}},"64":{"start":{"line":260,"column":27},"end":{"line":262,"column":null}},"65":{"start":{"line":263,"column":29},"end":{"line":265,"column":null}},"66":{"start":{"line":268,"column":20},"end":{"line":270,"column":null}},"67":{"start":{"line":271,"column":27},"end":{"line":273,"column":null}},"68":{"start":{"line":278,"column":10},"end":{"line":670,"column":null}},"69":{"start":{"line":672,"column":4},"end":{"line":672,"column":null}},"70":{"start":{"line":675,"column":2},"end":{"line":681,"column":null}}},"fnMap":{"0":{"name":"(anonymous_0)","decl":{"start":{"line":64,"column":27},"end":{"line":64,"column":33}},"loc":{"start":{"line":64,"column":33},"end":{"line":70,"column":null}},"line":64},"1":{"name":"lightenArgb","decl":{"start":{"line":84,"column":9},"end":{"line":84,"column":21}},"loc":{"start":{"line":84,"column":64},"end":{"line":88,"column":null}},"line":84},"2":{"name":"darkenArgb","decl":{"start":{"line":94,"column":9},"end":{"line":94,"column":20}},"loc":{"start":{"line":94,"column":63},"end":{"line":98,"column":null}},"line":94},"3":{"name":"boostChroma","decl":{"start":{"line":103,"column":9},"end":{"line":103,"column":21}},"loc":{"start":{"line":103,"column":69},"end":{"line":107,"column":null}},"line":103},"4":{"name":"getSurfaceContainerTones","decl":{"start":{"line":113,"column":9},"end":{"line":113,"column":34}},"loc":{"start":{"line":113,"column":81},"end":{"line":137,"column":null}},"line":113},"5":{"name":"(anonymous_5)","decl":{"start":{"line":142,"column":59},"end":{"line":142,"column":60}},"loc":{"start":{"line":142,"column":77},"end":{"line":683,"column":null}},"line":142},"6":{"name":"(anonymous_6)","decl":{"start":{"line":146,"column":21},"end":{"line":146,"column":27}},"loc":{"start":{"line":146,"column":27},"end":{"line":148,"column":null}},"line":146},"7":{"name":"(anonymous_7)","decl":{"start":{"line":147,"column":12},"end":{"line":147,"column":13}},"loc":{"start":{"line":147,"column":23},"end":{"line":147,"column":59}},"line":147},"8":{"name":"(anonymous_8)","decl":{"start":{"line":150,"column":21},"end":{"line":150,"column":27}},"loc":{"start":{"line":150,"column":27},"end":{"line":153,"column":null}},"line":150},"9":{"name":"(anonymous_9)","decl":{"start":{"line":155,"column":32},"end":{"line":155,"column":39}},"loc":{"start":{"line":155,"column":54},"end":{"line":173,"column":null}},"line":155},"10":{"name":"(anonymous_10)","decl":{"start":{"line":160,"column":24},"end":{"line":160,"column":25}},"loc":{"start":{"line":160,"column":45},"end":{"line":163,"column":7}},"line":160},"11":{"name":"(anonymous_11)","decl":{"start":{"line":178,"column":24},"end":{"line":178,"column":30}},"loc":{"start":{"line":178,"column":30},"end":{"line":673,"column":5}},"line":178}},"branchMap":{"0":{"loc":{"start":{"line":66,"column":2},"end":{"line":68,"column":null}},"type":"if","locations":[{"start":{"line":66,"column":2},"end":{"line":68,"column":null}},{"start":{},"end":{}}],"line":66},"1":{"loc":{"start":{"line":84,"column":35},"end":{"line":84,"column":64}},"type":"default-arg","locations":[{"start":{"line":84,"column":52},"end":{"line":84,"column":64}}],"line":84},"2":{"loc":{"start":{"line":94,"column":34},"end":{"line":94,"column":63}},"type":"default-arg","locations":[{"start":{"line":94,"column":51},"end":{"line":94,"column":63}}],"line":94},"3":{"loc":{"start":{"line":103,"column":35},"end":{"line":103,"column":69}},"type":"default-arg","locations":[{"start":{"line":103,"column":56},"end":{"line":103,"column":69}}],"line":103},"4":{"loc":{"start":{"line":114,"column":2},"end":{"line":136,"column":null}},"type":"if","locations":[{"start":{"line":114,"column":2},"end":{"line":136,"column":null}},{"start":{"line":125,"column":9},"end":{"line":136,"column":null}}],"line":114},"5":{"loc":{"start":{"line":147,"column":23},"end":{"line":147,"column":59}},"type":"cond-expr","locations":[{"start":{"line":147,"column":42},"end":{"line":147,"column":51}},{"start":{"line":147,"column":51},"end":{"line":147,"column":59}}],"line":147},"6":{"loc":{"start":{"line":203,"column":25},"end":{"line":205,"column":null}},"type":"cond-expr","locations":[{"start":{"line":204,"column":8},"end":{"line":204,"column":null}},{"start":{"line":205,"column":8},"end":{"line":205,"column":null}}],"line":203},"7":{"loc":{"start":{"line":206,"column":24},"end":{"line":208,"column":null}},"type":"cond-expr","locations":[{"start":{"line":207,"column":8},"end":{"line":207,"column":null}},{"start":{"line":208,"column":8},"end":{"line":208,"column":null}}],"line":206},"8":{"loc":{"start":{"line":212,"column":27},"end":{"line":214,"column":null}},"type":"cond-expr","locations":[{"start":{"line":213,"column":8},"end":{"line":213,"column":null}},{"start":{"line":214,"column":8},"end":{"line":214,"column":null}}],"line":212},"9":{"loc":{"start":{"line":215,"column":26},"end":{"line":217,"column":null}},"type":"cond-expr","locations":[{"start":{"line":216,"column":8},"end":{"line":216,"column":null}},{"start":{"line":217,"column":8},"end":{"line":217,"column":null}}],"line":215},"10":{"loc":{"start":{"line":221,"column":26},"end":{"line":223,"column":null}},"type":"cond-expr","locations":[{"start":{"line":222,"column":8},"end":{"line":222,"column":null}},{"start":{"line":223,"column":8},"end":{"line":223,"column":null}}],"line":221},"11":{"loc":{"start":{"line":224,"column":25},"end":{"line":226,"column":null}},"type":"cond-expr","locations":[{"start":{"line":225,"column":8},"end":{"line":225,"column":null}},{"start":{"line":226,"column":8},"end":{"line":226,"column":null}}],"line":224},"12":{"loc":{"start":{"line":232,"column":29},"end":{"line":234,"column":null}},"type":"cond-expr","locations":[{"start":{"line":233,"column":8},"end":{"line":233,"column":null}},{"start":{"line":234,"column":8},"end":{"line":234,"column":null}}],"line":232},"13":{"loc":{"start":{"line":235,"column":31},"end":{"line":237,"column":null}},"type":"cond-expr","locations":[{"start":{"line":236,"column":8},"end":{"line":236,"column":null}},{"start":{"line":237,"column":8},"end":{"line":237,"column":null}}],"line":235},"14":{"loc":{"start":{"line":238,"column":30},"end":{"line":240,"column":null}},"type":"cond-expr","locations":[{"start":{"line":239,"column":8},"end":{"line":239,"column":null}},{"start":{"line":240,"column":8},"end":{"line":240,"column":null}}],"line":238},"15":{"loc":{"start":{"line":241,"column":27},"end":{"line":243,"column":null}},"type":"cond-expr","locations":[{"start":{"line":242,"column":8},"end":{"line":242,"column":null}},{"start":{"line":243,"column":8},"end":{"line":243,"column":null}}],"line":241},"16":{"loc":{"start":{"line":249,"column":31},"end":{"line":251,"column":null}},"type":"cond-expr","locations":[{"start":{"line":250,"column":8},"end":{"line":250,"column":null}},{"start":{"line":251,"column":8},"end":{"line":251,"column":null}}],"line":249},"17":{"loc":{"start":{"line":252,"column":33},"end":{"line":254,"column":null}},"type":"cond-expr","locations":[{"start":{"line":253,"column":8},"end":{"line":253,"column":null}},{"start":{"line":254,"column":8},"end":{"line":254,"column":null}}],"line":252},"18":{"loc":{"start":{"line":255,"column":32},"end":{"line":257,"column":null}},"type":"cond-expr","locations":[{"start":{"line":256,"column":8},"end":{"line":256,"column":null}},{"start":{"line":257,"column":8},"end":{"line":257,"column":null}}],"line":255},"19":{"loc":{"start":{"line":260,"column":27},"end":{"line":262,"column":null}},"type":"cond-expr","locations":[{"start":{"line":261,"column":8},"end":{"line":261,"column":null}},{"start":{"line":262,"column":8},"end":{"line":262,"column":null}}],"line":260},"20":{"loc":{"start":{"line":263,"column":29},"end":{"line":265,"column":null}},"type":"cond-expr","locations":[{"start":{"line":264,"column":8},"end":{"line":264,"column":null}},{"start":{"line":265,"column":8},"end":{"line":265,"column":null}}],"line":263},"21":{"loc":{"start":{"line":268,"column":20},"end":{"line":270,"column":null}},"type":"cond-expr","locations":[{"start":{"line":269,"column":8},"end":{"line":269,"column":null}},{"start":{"line":270,"column":8},"end":{"line":270,"column":null}}],"line":268},"22":{"loc":{"start":{"line":271,"column":27},"end":{"line":273,"column":null}},"type":"cond-expr","locations":[{"start":{"line":272,"column":8},"end":{"line":272,"column":null}},{"start":{"line":273,"column":8},"end":{"line":273,"column":null}}],"line":271},"23":{"loc":{"start":{"line":314,"column":19},"end":{"line":316,"column":null}},"type":"cond-expr","locations":[{"start":{"line":314,"column":19},"end":{"line":315,"column":null}},{"start":{"line":315,"column":117},"end":{"line":316,"column":null}}],"line":314},"24":{"loc":{"start":{"line":379,"column":31},"end":{"line":381,"column":null}},"type":"cond-expr","locations":[{"start":{"line":379,"column":31},"end":{"line":380,"column":null}},{"start":{"line":380,"column":121},"end":{"line":381,"column":null}}],"line":379}},"s":{"0":1,"1":1,"2":0,"3":0,"4":0,"5":0,"6":14,"7":14,"8":14,"9":8,"10":8,"11":8,"12":8,"13":8,"14":8,"15":2,"16":2,"17":0,"18":1,"19":2,"20":2,"21":2,"22":0,"23":0,"24":2,"25":0,"26":0,"27":2,"28":0,"29":0,"30":0,"31":0,"32":0,"33":0,"34":0,"35":0,"36":0,"37":0,"38":0,"39":0,"40":2,"41":2,"42":2,"43":2,"44":2,"45":2,"46":2,"47":2,"48":2,"49":2,"50":2,"51":2,"52":2,"53":2,"54":2,"55":2,"56":2,"57":2,"58":2,"59":2,"60":2,"61":2,"62":2,"63":2,"64":2,"65":2,"66":2,"67":2,"68":2,"69":2,"70":2},"f":{"0":0,"1":14,"2":8,"3":8,"4":2,"5":2,"6":0,"7":0,"8":0,"9":0,"10":0,"11":2},"b":{"0":[0,0],"1":[14],"2":[8],"3":[8],"4":[2,0],"5":[0,0],"6":[2,0],"7":[2,0],"8":[2,0],"9":[2,0],"10":[2,0],"11":[2,0],"12":[2,0],"13":[2,0],"14":[2,0],"15":[2,0],"16":[2,0],"17":[2,0],"18":[2,0],"19":[2,0],"20":[2,0],"21":[2,0],"22":[2,0],"23":[2,0],"24":[2,0]},"meta":{"lastBranch":25,"lastFunction":12,"lastStatement":71,"seen":{"s:62:6:62:Infinity":0,"s:64:27:70:Infinity":1,"f:64:27:64:33":0,"s:65:8:65:Infinity":2,"b:66:2:68:Infinity:undefined:undefined:undefined:undefined":0,"s:66:2:68:Infinity":3,"s:67:4:67:Infinity":4,"s:69:2:69:Infinity":5,"f:84:9:84:21":1,"b:84:52:84:64":1,"s:85:14:85:Infinity":6,"s:86:18:86:Infinity":7,"s:87:2:87:Infinity":8,"f:94:9:94:20":2,"b:94:51:94:63":2,"s:95:14:95:Infinity":9,"s:96:18:96:Infinity":10,"s:97:2:97:Infinity":11,"f:103:9:103:21":3,"b:103:56:103:69":3,"s:104:14:104:Infinity":12,"s:105:20:105:Infinity":13,"s:106:2:106:Infinity":14,"f:113:9:113:34":4,"b:114:2:136:Infinity:125:9:136:Infinity":4,"s:114:2:136:Infinity":15,"s:115:4:124:Infinity":16,"s:126:4:135:Infinity":17,"s:142:59:683:Infinity":18,"f:142:59:142:60":5,"s:143:22:143:Infinity":19,"s:144:32:144:Infinity":20,"s:146:21:148:Infinity":21,"f:146:21:146:27":6,"s:147:4:147:Infinity":22,"f:147:12:147:13":7,"s:147:23:147:59":23,"b:147:42:147:51:147:51:147:59":5,"s:150:21:153:Infinity":24,"f:150:21:150:27":8,"s:151:4:151:Infinity":25,"s:152:4:152:Infinity":26,"s:155:32:173:Infinity":27,"f:155:32:155:39":9,"s:156:4:172:Infinity":28,"s:157:18:157:Infinity":29,"s:158:18:158:Infinity":30,"s:159:6:159:Infinity":31,"s:160:6:163:Infinity":32,"f:160:24:160:25":10,"s:161:8:161:Infinity":33,"s:162:8:162:Infinity":34,"s:165:26:165:Infinity":35,"s:166:12:166:Infinity":36,"s:167:6:167:Infinity":37,"s:169:6:169:Infinity":38,"s:171:6:171:Infinity":39,"s:178:8:673:Infinity":40,"f:178:24:178:30":11,"s:179:10:179:Infinity":41,"s:180:16:180:Infinity":42,"s:181:19:181:Infinity":43,"s:185:19:185:Infinity":44,"s:189:27:189:Infinity":45,"s:190:34:190:Infinity":46,"s:193:26:193:Infinity":47,"s:202:24:202:Infinity":48,"s:203:25:205:Infinity":49,"b:204:8:204:Infinity:205:8:205:Infinity":6,"s:206:24:208:Infinity":50,"b:207:8:207:Infinity:208:8:208:Infinity":7,"s:211:26:211:Infinity":51,"s:212:27:214:Infinity":52,"b:213:8:213:Infinity:214:8:214:Infinity":8,"s:215:26:217:Infinity":53,"b:216:8:216:Infinity:217:8:217:Infinity":9,"s:220:25:220:Infinity":54,"s:221:26:223:Infinity":55,"b:222:8:222:Infinity:223:8:223:Infinity":10,"s:224:25:226:Infinity":56,"b:225:8:225:Infinity:226:8:226:Infinity":11,"s:232:29:234:Infinity":57,"b:233:8:233:Infinity:234:8:234:Infinity":12,"s:235:31:237:Infinity":58,"b:236:8:236:Infinity:237:8:237:Infinity":13,"s:238:30:240:Infinity":59,"b:239:8:239:Infinity:240:8:240:Infinity":14,"s:241:27:243:Infinity":60,"b:242:8:242:Infinity:243:8:243:Infinity":15,"s:249:31:251:Infinity":61,"b:250:8:250:Infinity:251:8:251:Infinity":16,"s:252:33:254:Infinity":62,"b:253:8:253:Infinity:254:8:254:Infinity":17,"s:255:32:257:Infinity":63,"b:256:8:256:Infinity:257:8:257:Infinity":18,"s:260:27:262:Infinity":64,"b:261:8:261:Infinity:262:8:262:Infinity":19,"s:263:29:265:Infinity":65,"b:264:8:264:Infinity:265:8:265:Infinity":20,"s:268:20:270:Infinity":66,"b:269:8:269:Infinity:270:8:270:Infinity":21,"s:271:27:273:Infinity":67,"b:272:8:272:Infinity:273:8:273:Infinity":22,"s:278:10:670:Infinity":68,"b:314:19:315:Infinity:315:117:316:Infinity":23,"b:379:31:380:Infinity:380:121:381:Infinity":24,"s:672:4:672:Infinity":69,"s:675:2:681:Infinity":70}}}
}
