{"/home/jlf88/lumia-pro/src/types.ts": {"path":"/home/jlf88/lumia-pro/src/types.ts","statementMap":{"0":{"start":{"line":10,"column":7},"end":{"line":10,"column":null}},"1":{"start":{"line":11,"column":4},"end":{"line":11,"column":null}},"2":{"start":{"line":12,"column":4},"end":{"line":12,"column":null}},"3":{"start":{"line":13,"column":4},"end":{"line":13,"column":null}},"4":{"start":{"line":14,"column":4},"end":{"line":14,"column":null}},"5":{"start":{"line":15,"column":4},"end":{"line":15,"column":null}},"6":{"start":{"line":16,"column":4},"end":{"line":16,"column":null}},"7":{"start":{"line":17,"column":4},"end":{"line":17,"column":null}},"8":{"start":{"line":10,"column":12},"end":{"line":10,"column":null}},"9":{"start":{"line":26,"column":7},"end":{"line":26,"column":null}},"10":{"start":{"line":27,"column":4},"end":{"line":27,"column":null}},"11":{"start":{"line":28,"column":4},"end":{"line":28,"column":null}},"12":{"start":{"line":29,"column":4},"end":{"line":29,"column":null}},"13":{"start":{"line":30,"column":4},"end":{"line":30,"column":null}},"14":{"start":{"line":31,"column":4},"end":{"line":31,"column":null}},"15":{"start":{"line":32,"column":4},"end":{"line":32,"column":null}},"16":{"start":{"line":33,"column":4},"end":{"line":33,"column":null}},"17":{"start":{"line":26,"column":12},"end":{"line":26,"column":null}},"18":{"start":{"line":36,"column":7},"end":{"line":36,"column":null}},"19":{"start":{"line":37,"column":4},"end":{"line":37,"column":null}},"20":{"start":{"line":38,"column":4},"end":{"line":38,"column":null}},"21":{"start":{"line":39,"column":4},"end":{"line":39,"column":null}},"22":{"start":{"line":40,"column":4},"end":{"line":40,"column":null}},"23":{"start":{"line":36,"column":12},"end":{"line":36,"column":null}},"24":{"start":{"line":43,"column":7},"end":{"line":43,"column":null}},"25":{"start":{"line":44,"column":4},"end":{"line":44,"column":null}},"26":{"start":{"line":45,"column":4},"end":{"line":45,"column":null}},"27":{"start":{"line":46,"column":4},"end":{"line":46,"column":null}},"28":{"start":{"line":47,"column":4},"end":{"line":47,"column":null}},"29":{"start":{"line":48,"column":4},"end":{"line":48,"column":null}},"30":{"start":{"line":49,"column":4},"end":{"line":49,"column":null}},"31":{"start":{"line":50,"column":4},"end":{"line":50,"column":null}},"32":{"start":{"line":43,"column":12},"end":{"line":43,"column":null}},"33":{"start":{"line":82,"column":79},"end":{"line":89,"column":null}}},"fnMap":{"0":{"name":"(anonymous_0)","decl":{"start":{"line":10,"column":7},"end":{"line":10,"column":12}},"loc":{"start":{"line":10,"column":7},"end":{"line":10,"column":null}},"line":10},"1":{"name":"(anonymous_1)","decl":{"start":{"line":26,"column":7},"end":{"line":26,"column":12}},"loc":{"start":{"line":26,"column":7},"end":{"line":26,"column":null}},"line":26},"2":{"name":"(anonymous_2)","decl":{"start":{"line":36,"column":7},"end":{"line":36,"column":12}},"loc":{"start":{"line":36,"column":7},"end":{"line":36,"column":null}},"line":36},"3":{"name":"(anonymous_3)","decl":{"start":{"line":43,"column":7},"end":{"line":43,"column":12}},"loc":{"start":{"line":43,"column":7},"end":{"line":43,"column":null}},"line":43}},"branchMap":{"0":{"loc":{"start":{"line":10,"column":12},"end":{"line":10,"column":null}},"type":"binary-expr","locations":[{"start":{"line":10,"column":12},"end":{"line":10,"column":null}},{"start":{"line":10,"column":12},"end":{"line":10,"column":null}}],"line":10},"1":{"loc":{"start":{"line":26,"column":12},"end":{"line":26,"column":null}},"type":"binary-expr","locations":[{"start":{"line":26,"column":12},"end":{"line":26,"column":null}},{"start":{"line":26,"column":12},"end":{"line":26,"column":null}}],"line":26},"2":{"loc":{"start":{"line":36,"column":12},"end":{"line":36,"column":null}},"type":"binary-expr","locations":[{"start":{"line":36,"column":12},"end":{"line":36,"column":null}},{"start":{"line":36,"column":12},"end":{"line":36,"column":null}}],"line":36},"3":{"loc":{"start":{"line":43,"column":12},"end":{"line":43,"column":null}},"type":"binary-expr","locations":[{"start":{"line":43,"column":12},"end":{"line":43,"column":null}},{"start":{"line":43,"column":12},"end":{"line":43,"column":null}}],"line":43}},"s":{"0":9,"1":9,"2":9,"3":9,"4":9,"5":9,"6":9,"7":9,"8":9,"9":9,"10":9,"11":9,"12":9,"13":9,"14":9,"15":9,"16":9,"17":9,"18":9,"19":9,"20":9,"21":9,"22":9,"23":9,"24":9,"25":9,"26":9,"27":9,"28":9,"29":9,"30":9,"31":9,"32":9,"33":9},"f":{"0":9,"1":9,"2":9,"3":9},"b":{"0":[9,9],"1":[9,9],"2":[9,9],"3":[9,9]},"meta":{"lastBranch":4,"lastFunction":4,"lastStatement":34,"seen":{"s:10:7:10:Infinity":0,"f:10:7:10:12":0,"s:11:4:11:Infinity":1,"s:12:4:12:Infinity":2,"s:13:4:13:Infinity":3,"s:14:4:14:Infinity":4,"s:15:4:15:Infinity":5,"s:16:4:16:Infinity":6,"s:17:4:17:Infinity":7,"s:10:12:10:Infinity":8,"b:10:12:10:Infinity:10:12:10:Infinity":0,"s:26:7:26:Infinity":9,"f:26:7:26:12":1,"s:27:4:27:Infinity":10,"s:28:4:28:Infinity":11,"s:29:4:29:Infinity":12,"s:30:4:30:Infinity":13,"s:31:4:31:Infinity":14,"s:32:4:32:Infinity":15,"s:33:4:33:Infinity":16,"s:26:12:26:Infinity":17,"b:26:12:26:Infinity:26:12:26:Infinity":1,"s:36:7:36:Infinity":18,"f:36:7:36:12":2,"s:37:4:37:Infinity":19,"s:38:4:38:Infinity":20,"s:39:4:39:Infinity":21,"s:40:4:40:Infinity":22,"s:36:12:36:Infinity":23,"b:36:12:36:Infinity:36:12:36:Infinity":2,"s:43:7:43:Infinity":24,"f:43:7:43:12":3,"s:44:4:44:Infinity":25,"s:45:4:45:Infinity":26,"s:46:4:46:Infinity":27,"s:47:4:47:Infinity":28,"s:48:4:48:Infinity":29,"s:49:4:49:Infinity":30,"s:50:4:50:Infinity":31,"s:43:12:43:Infinity":32,"b:43:12:43:Infinity:43:12:43:Infinity":3,"s:82:79:89:Infinity":33}}}
,"/home/jlf88/lumia-pro/src/components/AudioMeter.tsx": {"path":"/home/jlf88/lumia-pro/src/components/AudioMeter.tsx","statementMap":{"0":{"start":{"line":5,"column":14},"end":{"line":5,"column":null}},"1":{"start":{"line":10,"column":16},"end":{"line":10,"column":null}},"2":{"start":{"line":21,"column":53},"end":{"line":238,"column":null}},"3":{"start":{"line":26,"column":8},"end":{"line":26,"column":null}},"4":{"start":{"line":27,"column":24},"end":{"line":27,"column":null}},"5":{"start":{"line":28,"column":22},"end":{"line":28,"column":null}},"6":{"start":{"line":29,"column":8},"end":{"line":29,"column":null}},"7":{"start":{"line":30,"column":8},"end":{"line":30,"column":null}},"8":{"start":{"line":32,"column":2},"end":{"line":70,"column":null}},"9":{"start":{"line":33,"column":4},"end":{"line":37,"column":null}},"10":{"start":{"line":34,"column":6},"end":{"line":34,"column":null}},"11":{"start":{"line":35,"column":6},"end":{"line":35,"column":null}},"12":{"start":{"line":36,"column":6},"end":{"line":36,"column":null}},"13":{"start":{"line":39,"column":25},"end":{"line":39,"column":null}},"14":{"start":{"line":40,"column":19},"end":{"line":40,"column":null}},"15":{"start":{"line":41,"column":21},"end":{"line":41,"column":null}},"16":{"start":{"line":42,"column":4},"end":{"line":42,"column":null}},"17":{"start":{"line":43,"column":4},"end":{"line":43,"column":null}},"18":{"start":{"line":44,"column":4},"end":{"line":44,"column":null}},"19":{"start":{"line":45,"column":4},"end":{"line":45,"column":null}},"20":{"start":{"line":47,"column":22},"end":{"line":47,"column":null}},"21":{"start":{"line":49,"column":24},"end":{"line":60,"column":null}},"22":{"start":{"line":50,"column":6},"end":{"line":50,"column":null}},"23":{"start":{"line":50,"column":32},"end":{"line":50,"column":null}},"24":{"start":{"line":52,"column":6},"end":{"line":52,"column":null}},"25":{"start":{"line":53,"column":22},"end":{"line":53,"column":null}},"26":{"start":{"line":53,"column":49},"end":{"line":53,"column":56}},"27":{"start":{"line":54,"column":25},"end":{"line":54,"column":null}},"28":{"start":{"line":56,"column":6},"end":{"line":56,"column":null}},"29":{"start":{"line":57,"column":6},"end":{"line":57,"column":null}},"30":{"start":{"line":57,"column":22},"end":{"line":57,"column":55}},"31":{"start":{"line":59,"column":6},"end":{"line":59,"column":null}},"32":{"start":{"line":62,"column":4},"end":{"line":62,"column":null}},"33":{"start":{"line":64,"column":4},"end":{"line":69,"column":null}},"34":{"start":{"line":65,"column":6},"end":{"line":65,"column":null}},"35":{"start":{"line":65,"column":32},"end":{"line":65,"column":null}},"36":{"start":{"line":66,"column":6},"end":{"line":66,"column":null}},"37":{"start":{"line":67,"column":6},"end":{"line":67,"column":null}},"38":{"start":{"line":68,"column":6},"end":{"line":68,"column":null}},"39":{"start":{"line":72,"column":19},"end":{"line":72,"column":null}},"40":{"start":{"line":73,"column":20},"end":{"line":73,"column":null}},"41":{"start":{"line":75,"column":2},"end":{"line":118,"column":null}},"42":{"start":{"line":76,"column":4},"end":{"line":116,"column":null}},"43":{"start":{"line":120,"column":2},"end":{"line":168,"column":null}},"44":{"start":{"line":121,"column":4},"end":{"line":166,"column":null}},"45":{"start":{"line":170,"column":2},"end":{"line":236,"column":null}}},"fnMap":{"0":{"name":"(anonymous_0)","decl":{"start":{"line":21,"column":53},"end":{"line":21,"column":54}},"loc":{"start":{"line":25,"column":6},"end":{"line":238,"column":null}},"line":25},"1":{"name":"(anonymous_1)","decl":{"start":{"line":32,"column":12},"end":{"line":32,"column":18}},"loc":{"start":{"line":32,"column":18},"end":{"line":70,"column":5}},"line":32},"2":{"name":"(anonymous_2)","decl":{"start":{"line":49,"column":24},"end":{"line":49,"column":30}},"loc":{"start":{"line":49,"column":30},"end":{"line":60,"column":null}},"line":49},"3":{"name":"(anonymous_3)","decl":{"start":{"line":53,"column":39},"end":{"line":53,"column":40}},"loc":{"start":{"line":53,"column":49},"end":{"line":53,"column":56}},"line":53},"4":{"name":"(anonymous_4)","decl":{"start":{"line":57,"column":14},"end":{"line":57,"column":22}},"loc":{"start":{"line":57,"column":22},"end":{"line":57,"column":55}},"line":57},"5":{"name":"(anonymous_5)","decl":{"start":{"line":64,"column":11},"end":{"line":64,"column":17}},"loc":{"start":{"line":64,"column":17},"end":{"line":69,"column":null}},"line":64}},"branchMap":{"0":{"loc":{"start":{"line":23,"column":2},"end":{"line":23,"column":null}},"type":"default-arg","locations":[{"start":{"line":23,"column":12},"end":{"line":23,"column":null}}],"line":23},"1":{"loc":{"start":{"line":24,"column":2},"end":{"line":24,"column":null}},"type":"default-arg","locations":[{"start":{"line":24,"column":13},"end":{"line":24,"column":null}}],"line":24},"2":{"loc":{"start":{"line":33,"column":4},"end":{"line":37,"column":null}},"type":"if","locations":[{"start":{"line":33,"column":4},"end":{"line":37,"column":null}},{"start":{},"end":{}}],"line":33},"3":{"loc":{"start":{"line":39,"column":30},"end":{"line":39,"column":89}},"type":"binary-expr","locations":[{"start":{"line":39,"column":30},"end":{"line":39,"column":54}},{"start":{"line":39,"column":54},"end":{"line":39,"column":89}}],"line":39},"4":{"loc":{"start":{"line":50,"column":6},"end":{"line":50,"column":null}},"type":"if","locations":[{"start":{"line":50,"column":6},"end":{"line":50,"column":null}},{"start":{},"end":{}}],"line":50},"5":{"loc":{"start":{"line":65,"column":6},"end":{"line":65,"column":null}},"type":"if","locations":[{"start":{"line":65,"column":6},"end":{"line":65,"column":null}},{"start":{},"end":{}}],"line":65},"6":{"loc":{"start":{"line":75,"column":2},"end":{"line":118,"column":null}},"type":"if","locations":[{"start":{"line":75,"column":2},"end":{"line":118,"column":null}},{"start":{},"end":{}}],"line":75},"7":{"loc":{"start":{"line":102,"column":23},"end":{"line":102,"column":null}},"type":"cond-expr","locations":[{"start":{"line":102,"column":34},"end":{"line":102,"column":71}},{"start":{"line":102,"column":71},"end":{"line":102,"column":null}}],"line":102},"8":{"loc":{"start":{"line":106,"column":9},"end":{"line":114,"column":null}},"type":"binary-expr","locations":[{"start":{"line":106,"column":9},"end":{"line":106,"column":null}},{"start":{"line":107,"column":10},"end":{"line":114,"column":null}}],"line":106},"9":{"loc":{"start":{"line":109,"column":21},"end":{"line":109,"column":null}},"type":"cond-expr","locations":[{"start":{"line":109,"column":32},"end":{"line":109,"column":61}},{"start":{"line":109,"column":61},"end":{"line":109,"column":null}}],"line":109},"10":{"loc":{"start":{"line":120,"column":2},"end":{"line":168,"column":null}},"type":"if","locations":[{"start":{"line":120,"column":2},"end":{"line":168,"column":null}},{"start":{},"end":{}}],"line":120},"11":{"loc":{"start":{"line":126,"column":19},"end":{"line":126,"column":null}},"type":"cond-expr","locations":[{"start":{"line":126,"column":51},"end":{"line":126,"column":78}},{"start":{"line":126,"column":78},"end":{"line":126,"column":null}}],"line":126},"12":{"loc":{"start":{"line":149,"column":25},"end":{"line":149,"column":null}},"type":"cond-expr","locations":[{"start":{"line":149,"column":36},"end":{"line":149,"column":70}},{"start":{"line":149,"column":70},"end":{"line":149,"column":null}}],"line":149},"13":{"loc":{"start":{"line":153,"column":9},"end":{"line":164,"column":null}},"type":"binary-expr","locations":[{"start":{"line":153,"column":9},"end":{"line":153,"column":null}},{"start":{"line":154,"column":10},"end":{"line":164,"column":null}}],"line":153},"14":{"loc":{"start":{"line":179,"column":7},"end":{"line":187,"column":null}},"type":"binary-expr","locations":[{"start":{"line":179,"column":7},"end":{"line":179,"column":null}},{"start":{"line":180,"column":8},"end":{"line":187,"column":null}}],"line":179},"15":{"loc":{"start":{"line":182,"column":19},"end":{"line":182,"column":null}},"type":"cond-expr","locations":[{"start":{"line":182,"column":30},"end":{"line":182,"column":59}},{"start":{"line":182,"column":59},"end":{"line":182,"column":null}}],"line":182},"16":{"loc":{"start":{"line":184,"column":23},"end":{"line":184,"column":null}},"type":"cond-expr","locations":[{"start":{"line":184,"column":34},"end":{"line":184,"column":71}},{"start":{"line":184,"column":71},"end":{"line":184,"column":null}}],"line":184},"17":{"loc":{"start":{"line":193,"column":19},"end":{"line":193,"column":null}},"type":"cond-expr","locations":[{"start":{"line":193,"column":51},"end":{"line":193,"column":78}},{"start":{"line":193,"column":78},"end":{"line":193,"column":null}}],"line":193},"18":{"loc":{"start":{"line":211,"column":23},"end":{"line":211,"column":null}},"type":"cond-expr","locations":[{"start":{"line":211,"column":34},"end":{"line":211,"column":137}},{"start":{"line":211,"column":137},"end":{"line":211,"column":null}}],"line":211},"19":{"loc":{"start":{"line":218,"column":25},"end":{"line":218,"column":null}},"type":"cond-expr","locations":[{"start":{"line":218,"column":36},"end":{"line":218,"column":70}},{"start":{"line":218,"column":70},"end":{"line":218,"column":null}}],"line":218},"20":{"loc":{"start":{"line":222,"column":9},"end":{"line":233,"column":null}},"type":"binary-expr","locations":[{"start":{"line":222,"column":9},"end":{"line":222,"column":null}},{"start":{"line":223,"column":10},"end":{"line":233,"column":null}}],"line":222}},"s":{"0":1,"1":1,"2":1,"3":0,"4":0,"5":0,"6":0,"7":0,"8":0,"9":0,"10":0,"11":0,"12":0,"13":0,"14":0,"15":0,"16":0,"17":0,"18":0,"19":0,"20":0,"21":0,"22":0,"23":0,"24":0,"25":0,"26":0,"27":0,"28":0,"29":0,"30":0,"31":0,"32":0,"33":0,"34":0,"35":0,"36":0,"37":0,"38":0,"39":0,"40":0,"41":0,"42":0,"43":0,"44":0,"45":0},"f":{"0":0,"1":0,"2":0,"3":0,"4":0,"5":0},"b":{"0":[0],"1":[0],"2":[0,0],"3":[0,0],"4":[0,0],"5":[0,0],"6":[0,0],"7":[0,0],"8":[0,0],"9":[0,0],"10":[0,0],"11":[0,0],"12":[0,0],"13":[0,0],"14":[0,0],"15":[0,0],"16":[0,0],"17":[0,0],"18":[0,0],"19":[0,0],"20":[0,0]},"meta":{"lastBranch":21,"lastFunction":6,"lastStatement":46,"seen":{"s:5:14:5:Infinity":0,"s:10:16:10:Infinity":1,"s:21:53:238:Infinity":2,"f:21:53:21:54":0,"b:23:12:23:Infinity":0,"b:24:13:24:Infinity":1,"s:26:8:26:Infinity":3,"s:27:24:27:Infinity":4,"s:28:22:28:Infinity":5,"s:29:8:29:Infinity":6,"s:30:8:30:Infinity":7,"s:32:2:70:Infinity":8,"f:32:12:32:18":1,"b:33:4:37:Infinity:undefined:undefined:undefined:undefined":2,"s:33:4:37:Infinity":9,"s:34:6:34:Infinity":10,"s:35:6:35:Infinity":11,"s:36:6:36:Infinity":12,"s:39:25:39:Infinity":13,"b:39:30:39:54:39:54:39:89":3,"s:40:19:40:Infinity":14,"s:41:21:41:Infinity":15,"s:42:4:42:Infinity":16,"s:43:4:43:Infinity":17,"s:44:4:44:Infinity":18,"s:45:4:45:Infinity":19,"s:47:22:47:Infinity":20,"s:49:24:60:Infinity":21,"f:49:24:49:30":2,"b:50:6:50:Infinity:undefined:undefined:undefined:undefined":4,"s:50:6:50:Infinity":22,"s:50:32:50:Infinity":23,"s:52:6:52:Infinity":24,"s:53:22:53:Infinity":25,"f:53:39:53:40":3,"s:53:49:53:56":26,"s:54:25:54:Infinity":27,"s:56:6:56:Infinity":28,"s:57:6:57:Infinity":29,"f:57:14:57:22":4,"s:57:22:57:55":30,"s:59:6:59:Infinity":31,"s:62:4:62:Infinity":32,"s:64:4:69:Infinity":33,"f:64:11:64:17":5,"b:65:6:65:Infinity:undefined:undefined:undefined:undefined":5,"s:65:6:65:Infinity":34,"s:65:32:65:Infinity":35,"s:66:6:66:Infinity":36,"s:67:6:67:Infinity":37,"s:68:6:68:Infinity":38,"s:72:19:72:Infinity":39,"s:73:20:73:Infinity":40,"b:75:2:118:Infinity:undefined:undefined:undefined:undefined":6,"s:75:2:118:Infinity":41,"s:76:4:116:Infinity":42,"b:102:34:102:71:102:71:102:Infinity":7,"b:106:9:106:Infinity:107:10:114:Infinity":8,"b:109:32:109:61:109:61:109:Infinity":9,"b:120:2:168:Infinity:undefined:undefined:undefined:undefined":10,"s:120:2:168:Infinity":43,"s:121:4:166:Infinity":44,"b:126:51:126:78:126:78:126:Infinity":11,"b:149:36:149:70:149:70:149:Infinity":12,"b:153:9:153:Infinity:154:10:164:Infinity":13,"s:170:2:236:Infinity":45,"b:179:7:179:Infinity:180:8:187:Infinity":14,"b:182:30:182:59:182:59:182:Infinity":15,"b:184:34:184:71:184:71:184:Infinity":16,"b:193:51:193:78:193:78:193:Infinity":17,"b:211:34:211:137:211:137:211:Infinity":18,"b:218:36:218:70:218:70:218:Infinity":19,"b:222:9:222:Infinity:223:10:233:Infinity":20}}}
,"/home/jlf88/lumia-pro/src/components/ErrorBoundary.tsx": {"path":"/home/jlf88/lumia-pro/src/components/ErrorBoundary.tsx","statementMap":{"0":{"start":{"line":20,"column":4},"end":{"line":20,"column":null}},"1":{"start":{"line":38,"column":2},"end":{"line":40,"column":null}},"2":{"start":{"line":39,"column":4},"end":{"line":39,"column":null}},"3":{"start":{"line":42,"column":2},"end":{"line":44,"column":null}},"4":{"start":{"line":43,"column":4},"end":{"line":43,"column":null}},"5":{"start":{"line":21,"column":4},"end":{"line":21,"column":null}},"6":{"start":{"line":25,"column":4},"end":{"line":25,"column":null}},"7":{"start":{"line":29,"column":20},"end":{"line":32,"column":null}},"8":{"start":{"line":34,"column":4},"end":{"line":34,"column":null}},"9":{"start":{"line":35,"column":4},"end":{"line":35,"column":null}},"10":{"start":{"line":47,"column":4},"end":{"line":86,"column":null}},"11":{"start":{"line":48,"column":6},"end":{"line":50,"column":null}},"12":{"start":{"line":49,"column":8},"end":{"line":49,"column":null}},"13":{"start":{"line":52,"column":6},"end":{"line":84,"column":null}},"14":{"start":{"line":88,"column":4},"end":{"line":88,"column":null}}},"fnMap":{"0":{"name":"(anonymous_0)","decl":{"start":{"line":19,"column":2},"end":{"line":19,"column":14}},"loc":{"start":{"line":19,"column":28},"end":{"line":22,"column":null}},"line":19},"1":{"name":"(anonymous_1)","decl":{"start":{"line":38,"column":17},"end":{"line":38,"column":23}},"loc":{"start":{"line":38,"column":23},"end":{"line":40,"column":null}},"line":38},"2":{"name":"(anonymous_2)","decl":{"start":{"line":42,"column":16},"end":{"line":42,"column":22}},"loc":{"start":{"line":42,"column":22},"end":{"line":44,"column":null}},"line":42},"3":{"name":"(anonymous_3)","decl":{"start":{"line":24,"column":9},"end":{"line":24,"column":34}},"loc":{"start":{"line":24,"column":55},"end":{"line":26,"column":null}},"line":24},"4":{"name":"(anonymous_4)","decl":{"start":{"line":28,"column":2},"end":{"line":28,"column":20}},"loc":{"start":{"line":28,"column":56},"end":{"line":36,"column":null}},"line":28},"5":{"name":"(anonymous_5)","decl":{"start":{"line":46,"column":2},"end":{"line":46,"column":11}},"loc":{"start":{"line":46,"column":11},"end":{"line":89,"column":null}},"line":46}},"branchMap":{"0":{"loc":{"start":{"line":47,"column":4},"end":{"line":86,"column":null}},"type":"if","locations":[{"start":{"line":47,"column":4},"end":{"line":86,"column":null}},{"start":{},"end":{}}],"line":47},"1":{"loc":{"start":{"line":48,"column":6},"end":{"line":50,"column":null}},"type":"if","locations":[{"start":{"line":48,"column":6},"end":{"line":50,"column":null}},{"start":{},"end":{}}],"line":48},"2":{"loc":{"start":{"line":59,"column":15},"end":{"line":59,"column":null}},"type":"binary-expr","locations":[{"start":{"line":59,"column":15},"end":{"line":59,"column":44}},{"start":{"line":59,"column":44},"end":{"line":59,"column":null}}],"line":59},"3":{"loc":{"start":{"line":61,"column":13},"end":{"line":64,"column":null}},"type":"binary-expr","locations":[{"start":{"line":61,"column":13},"end":{"line":61,"column":null}},{"start":{"line":62,"column":14},"end":{"line":64,"column":null}}],"line":61}},"s":{"0":20,"1":20,"2":1,"3":20,"4":1,"5":20,"6":20,"7":10,"8":10,"9":10,"10":51,"11":30,"12":3,"13":27,"14":21},"f":{"0":20,"1":1,"2":1,"3":1,"4":10,"5":51},"b":{"0":[30,21],"1":[3,27],"2":[27,0],"3":[30,9]},"meta":{"lastBranch":4,"lastFunction":6,"lastStatement":15,"seen":{"f:19:2:19:14":0,"s:20:4:20:Infinity":0,"s:38:2:40:Infinity":1,"f:38:17:38:23":1,"s:39:4:39:Infinity":2,"s:42:2:44:Infinity":3,"f:42:16:42:22":2,"s:43:4:43:Infinity":4,"s:21:4:21:Infinity":5,"f:24:9:24:34":3,"s:25:4:25:Infinity":6,"f:28:2:28:20":4,"s:29:20:32:Infinity":7,"s:34:4:34:Infinity":8,"s:35:4:35:Infinity":9,"f:46:2:46:11":5,"b:47:4:86:Infinity:undefined:undefined:undefined:undefined":0,"s:47:4:86:Infinity":10,"b:48:6:50:Infinity:undefined:undefined:undefined:undefined":1,"s:48:6:50:Infinity":11,"s:49:8:49:Infinity":12,"s:52:6:84:Infinity":13,"b:59:15:59:44:59:44:59:Infinity":2,"b:61:13:61:Infinity:62:14:64:Infinity":3,"s:88:4:88:Infinity":14}}}
,"/home/jlf88/lumia-pro/src/components/ErrorScreen.tsx": {"path":"/home/jlf88/lumia-pro/src/components/ErrorScreen.tsx","statementMap":{"0":{"start":{"line":19,"column":125},"end":{"line":62,"column":null}},"1":{"start":{"line":64,"column":55},"end":{"line":123,"column":null}},"2":{"start":{"line":65,"column":17},"end":{"line":65,"column":null}},"3":{"start":{"line":66,"column":15},"end":{"line":66,"column":null}},"4":{"start":{"line":68,"column":2},"end":{"line":121,"column":null}},"5":{"start":{"line":115,"column":37},"end":{"line":115,"column":null}}},"fnMap":{"0":{"name":"(anonymous_0)","decl":{"start":{"line":64,"column":55},"end":{"line":64,"column":56}},"loc":{"start":{"line":64,"column":87},"end":{"line":123,"column":null}},"line":64},"1":{"name":"(anonymous_1)","decl":{"start":{"line":115,"column":31},"end":{"line":115,"column":37}},"loc":{"start":{"line":115,"column":37},"end":{"line":115,"column":null}},"line":115}},"branchMap":{"0":{"loc":{"start":{"line":104,"column":9},"end":{"line":109,"column":null}},"type":"binary-expr","locations":[{"start":{"line":104,"column":9},"end":{"line":104,"column":null}},{"start":{"line":105,"column":13},"end":{"line":109,"column":null}}],"line":104},"1":{"loc":{"start":{"line":115,"column":19},"end":{"line":115,"column":null}},"type":"binary-expr","locations":[{"start":{"line":115,"column":19},"end":{"line":115,"column":31}},{"start":{"line":115,"column":31},"end":{"line":115,"column":null}}],"line":115},"2":{"loc":{"start":{"line":118,"column":11},"end":{"line":118,"column":null}},"type":"binary-expr","locations":[{"start":{"line":118,"column":11},"end":{"line":118,"column":28}},{"start":{"line":118,"column":28},"end":{"line":118,"column":null}}],"line":118}},"s":{"0":2,"1":2,"2":17,"3":17,"4":17,"5":1},"f":{"0":17,"1":1},"b":{"0":[17,2],"1":[17,1],"2":[17,0]},"meta":{"lastBranch":3,"lastFunction":2,"lastStatement":6,"seen":{"s:19:125:62:Infinity":0,"s:64:55:123:Infinity":1,"f:64:55:64:56":0,"s:65:17:65:Infinity":2,"s:66:15:66:Infinity":3,"s:68:2:121:Infinity":4,"b:104:9:104:Infinity:105:13:109:Infinity":0,"b:115:19:115:31:115:31:115:Infinity":1,"f:115:31:115:37":1,"s:115:37:115:Infinity":5,"b:118:11:118:28:118:28:118:Infinity":2}}}
,"/home/jlf88/lumia-pro/src/components/MuiRecorderSettings.tsx": {"path":"/home/jlf88/lumia-pro/src/components/MuiRecorderSettings.tsx","statementMap":{"0":{"start":{"line":18,"column":68},"end":{"line":223,"column":null}},"1":{"start":{"line":19,"column":40},"end":{"line":19,"column":null}},"2":{"start":{"line":20,"column":52},"end":{"line":20,"column":null}},"3":{"start":{"line":22,"column":4},"end":{"line":27,"column":null}},"4":{"start":{"line":23,"column":8},"end":{"line":26,"column":null}},"5":{"start":{"line":24,"column":12},"end":{"line":24,"column":null}},"6":{"start":{"line":24,"column":48},"end":{"line":24,"column":71}},"7":{"start":{"line":25,"column":12},"end":{"line":25,"column":null}},"8":{"start":{"line":25,"column":54},"end":{"line":25,"column":78}},"9":{"start":{"line":29,"column":24},"end":{"line":32,"column":null}},"10":{"start":{"line":30,"column":25},"end":{"line":30,"column":null}},"11":{"start":{"line":31,"column":8},"end":{"line":31,"column":null}},"12":{"start":{"line":34,"column":30},"end":{"line":36,"column":null}},"13":{"start":{"line":35,"column":8},"end":{"line":35,"column":null}},"14":{"start":{"line":35,"column":32},"end":{"line":35,"column":91}},"15":{"start":{"line":38,"column":21},"end":{"line":38,"column":null}},"16":{"start":{"line":40,"column":26},"end":{"line":44,"column":null}},"17":{"start":{"line":46,"column":27},"end":{"line":51,"column":null}},"18":{"start":{"line":53,"column":25},"end":{"line":56,"column":null}},"19":{"start":{"line":55,"column":34},"end":{"line":55,"column":106}},"20":{"start":{"line":58,"column":29},"end":{"line":63,"column":null}},"21":{"start":{"line":65,"column":25},"end":{"line":70,"column":null}},"22":{"start":{"line":72,"column":30},"end":{"line":77,"column":null}},"23":{"start":{"line":79,"column":67},"end":{"line":86,"column":null}},"24":{"start":{"line":88,"column":30},"end":{"line":93,"column":null}},"25":{"start":{"line":95,"column":27},"end":{"line":98,"column":null}},"26":{"start":{"line":100,"column":4},"end":{"line":221,"column":null}},"27":{"start":{"line":107,"column":39},"end":{"line":107,"column":null}},"28":{"start":{"line":107,"column":55},"end":{"line":107,"column":79}},"29":{"start":{"line":113,"column":39},"end":{"line":113,"column":null}},"30":{"start":{"line":113,"column":55},"end":{"line":113,"column":86}},"31":{"start":{"line":119,"column":39},"end":{"line":119,"column":null}},"32":{"start":{"line":119,"column":55},"end":{"line":119,"column":88}},"33":{"start":{"line":142,"column":39},"end":{"line":142,"column":null}},"34":{"start":{"line":142,"column":55},"end":{"line":142,"column":82}},"35":{"start":{"line":155,"column":47},"end":{"line":155,"column":null}},"36":{"start":{"line":164,"column":54},"end":{"line":164,"column":null}},"37":{"start":{"line":169,"column":54},"end":{"line":169,"column":null}},"38":{"start":{"line":174,"column":54},"end":{"line":174,"column":null}},"39":{"start":{"line":184,"column":47},"end":{"line":184,"column":null}},"40":{"start":{"line":190,"column":47},"end":{"line":190,"column":null}},"41":{"start":{"line":205,"column":39},"end":{"line":205,"column":null}},"42":{"start":{"line":205,"column":55},"end":{"line":205,"column":93}},"43":{"start":{"line":211,"column":39},"end":{"line":211,"column":null}},"44":{"start":{"line":211,"column":55},"end":{"line":211,"column":89}},"45":{"start":{"line":217,"column":39},"end":{"line":217,"column":null}},"46":{"start":{"line":217,"column":55},"end":{"line":217,"column":89}}},"fnMap":{"0":{"name":"(anonymous_0)","decl":{"start":{"line":18,"column":68},"end":{"line":18,"column":69}},"loc":{"start":{"line":18,"column":137},"end":{"line":223,"column":null}},"line":18},"1":{"name":"(anonymous_1)","decl":{"start":{"line":22,"column":14},"end":{"line":22,"column":20}},"loc":{"start":{"line":22,"column":20},"end":{"line":27,"column":7}},"line":22},"2":{"name":"(anonymous_2)","decl":{"start":{"line":23,"column":55},"end":{"line":23,"column":66}},"loc":{"start":{"line":23,"column":66},"end":{"line":26,"column":9}},"line":23},"3":{"name":"(anonymous_3)","decl":{"start":{"line":24,"column":43},"end":{"line":24,"column":48}},"loc":{"start":{"line":24,"column":48},"end":{"line":24,"column":71}},"line":24},"4":{"name":"(anonymous_4)","decl":{"start":{"line":25,"column":49},"end":{"line":25,"column":54}},"loc":{"start":{"line":25,"column":54},"end":{"line":25,"column":78}},"line":25},"5":{"name":"(anonymous_5)","decl":{"start":{"line":29,"column":24},"end":{"line":29,"column":25}},"loc":{"start":{"line":29,"column":49},"end":{"line":32,"column":null}},"line":29},"6":{"name":"(anonymous_6)","decl":{"start":{"line":34,"column":30},"end":{"line":34,"column":60}},"loc":{"start":{"line":34,"column":94},"end":{"line":36,"column":null}},"line":34},"7":{"name":"(anonymous_7)","decl":{"start":{"line":35,"column":23},"end":{"line":35,"column":32}},"loc":{"start":{"line":35,"column":32},"end":{"line":35,"column":91}},"line":35},"8":{"name":"(anonymous_8)","decl":{"start":{"line":55,"column":28},"end":{"line":55,"column":34}},"loc":{"start":{"line":55,"column":34},"end":{"line":55,"column":106}},"line":55},"9":{"name":"(anonymous_9)","decl":{"start":{"line":107,"column":30},"end":{"line":107,"column":31}},"loc":{"start":{"line":107,"column":39},"end":{"line":107,"column":null}},"line":107},"10":{"name":"(anonymous_10)","decl":{"start":{"line":107,"column":49},"end":{"line":107,"column":55}},"loc":{"start":{"line":107,"column":55},"end":{"line":107,"column":79}},"line":107},"11":{"name":"(anonymous_11)","decl":{"start":{"line":113,"column":30},"end":{"line":113,"column":31}},"loc":{"start":{"line":113,"column":39},"end":{"line":113,"column":null}},"line":113},"12":{"name":"(anonymous_12)","decl":{"start":{"line":113,"column":49},"end":{"line":113,"column":55}},"loc":{"start":{"line":113,"column":55},"end":{"line":113,"column":86}},"line":113},"13":{"name":"(anonymous_13)","decl":{"start":{"line":119,"column":30},"end":{"line":119,"column":31}},"loc":{"start":{"line":119,"column":39},"end":{"line":119,"column":null}},"line":119},"14":{"name":"(anonymous_14)","decl":{"start":{"line":119,"column":49},"end":{"line":119,"column":55}},"loc":{"start":{"line":119,"column":55},"end":{"line":119,"column":88}},"line":119},"15":{"name":"(anonymous_15)","decl":{"start":{"line":142,"column":30},"end":{"line":142,"column":31}},"loc":{"start":{"line":142,"column":39},"end":{"line":142,"column":null}},"line":142},"16":{"name":"(anonymous_16)","decl":{"start":{"line":142,"column":49},"end":{"line":142,"column":55}},"loc":{"start":{"line":142,"column":55},"end":{"line":142,"column":82}},"line":142},"17":{"name":"(anonymous_17)","decl":{"start":{"line":155,"column":38},"end":{"line":155,"column":39}},"loc":{"start":{"line":155,"column":47},"end":{"line":155,"column":null}},"line":155},"18":{"name":"(anonymous_18)","decl":{"start":{"line":164,"column":38},"end":{"line":164,"column":39}},"loc":{"start":{"line":164,"column":54},"end":{"line":164,"column":null}},"line":164},"19":{"name":"(anonymous_19)","decl":{"start":{"line":169,"column":38},"end":{"line":169,"column":39}},"loc":{"start":{"line":169,"column":54},"end":{"line":169,"column":null}},"line":169},"20":{"name":"(anonymous_20)","decl":{"start":{"line":174,"column":38},"end":{"line":174,"column":39}},"loc":{"start":{"line":174,"column":54},"end":{"line":174,"column":null}},"line":174},"21":{"name":"(anonymous_21)","decl":{"start":{"line":184,"column":38},"end":{"line":184,"column":39}},"loc":{"start":{"line":184,"column":47},"end":{"line":184,"column":null}},"line":184},"22":{"name":"(anonymous_22)","decl":{"start":{"line":190,"column":38},"end":{"line":190,"column":39}},"loc":{"start":{"line":190,"column":47},"end":{"line":190,"column":null}},"line":190},"23":{"name":"(anonymous_23)","decl":{"start":{"line":205,"column":30},"end":{"line":205,"column":31}},"loc":{"start":{"line":205,"column":39},"end":{"line":205,"column":null}},"line":205},"24":{"name":"(anonymous_24)","decl":{"start":{"line":205,"column":49},"end":{"line":205,"column":55}},"loc":{"start":{"line":205,"column":55},"end":{"line":205,"column":93}},"line":205},"25":{"name":"(anonymous_25)","decl":{"start":{"line":211,"column":30},"end":{"line":211,"column":31}},"loc":{"start":{"line":211,"column":39},"end":{"line":211,"column":null}},"line":211},"26":{"name":"(anonymous_26)","decl":{"start":{"line":211,"column":49},"end":{"line":211,"column":55}},"loc":{"start":{"line":211,"column":55},"end":{"line":211,"column":89}},"line":211},"27":{"name":"(anonymous_27)","decl":{"start":{"line":217,"column":30},"end":{"line":217,"column":31}},"loc":{"start":{"line":217,"column":39},"end":{"line":217,"column":null}},"line":217},"28":{"name":"(anonymous_28)","decl":{"start":{"line":217,"column":49},"end":{"line":217,"column":55}},"loc":{"start":{"line":217,"column":55},"end":{"line":217,"column":89}},"line":217}},"branchMap":{"0":{"loc":{"start":{"line":38,"column":21},"end":{"line":38,"column":null}},"type":"binary-expr","locations":[{"start":{"line":38,"column":21},"end":{"line":38,"column":53}},{"start":{"line":38,"column":53},"end":{"line":38,"column":85}},{"start":{"line":38,"column":85},"end":{"line":38,"column":null}}],"line":38},"1":{"loc":{"start":{"line":55,"column":62},"end":{"line":55,"column":104}},"type":"binary-expr","locations":[{"start":{"line":55,"column":62},"end":{"line":55,"column":73}},{"start":{"line":55,"column":73},"end":{"line":55,"column":104}}],"line":55},"2":{"loc":{"start":{"line":126,"column":25},"end":{"line":133,"column":null}},"type":"binary-expr","locations":[{"start":{"line":126,"column":25},"end":{"line":126,"column":null}},{"start":{"line":127,"column":28},"end":{"line":133,"column":null}}],"line":126},"3":{"loc":{"start":{"line":144,"column":17},"end":{"line":192,"column":null}},"type":"binary-expr","locations":[{"start":{"line":144,"column":17},"end":{"line":144,"column":null}},{"start":{"line":145,"column":20},"end":{"line":192,"column":null}}],"line":144},"4":{"loc":{"start":{"line":194,"column":17},"end":{"line":197,"column":null}},"type":"binary-expr","locations":[{"start":{"line":194,"column":17},"end":{"line":194,"column":null}},{"start":{"line":195,"column":20},"end":{"line":197,"column":null}}],"line":194},"5":{"loc":{"start":{"line":196,"column":33},"end":{"line":196,"column":null}},"type":"binary-expr","locations":[{"start":{"line":196,"column":33},"end":{"line":196,"column":65}},{"start":{"line":196,"column":65},"end":{"line":196,"column":null}}],"line":196}},"s":{"0":1,"1":0,"2":0,"3":0,"4":0,"5":0,"6":0,"7":0,"8":0,"9":0,"10":0,"11":0,"12":0,"13":0,"14":0,"15":0,"16":0,"17":0,"18":0,"19":0,"20":0,"21":0,"22":0,"23":0,"24":0,"25":0,"26":0,"27":0,"28":0,"29":0,"30":0,"31":0,"32":0,"33":0,"34":0,"35":0,"36":0,"37":0,"38":0,"39":0,"40":0,"41":0,"42":0,"43":0,"44":0,"45":0,"46":0},"f":{"0":0,"1":0,"2":0,"3":0,"4":0,"5":0,"6":0,"7":0,"8":0,"9":0,"10":0,"11":0,"12":0,"13":0,"14":0,"15":0,"16":0,"17":0,"18":0,"19":0,"20":0,"21":0,"22":0,"23":0,"24":0,"25":0,"26":0,"27":0,"28":0},"b":{"0":[0,0,0],"1":[0,0],"2":[0,0],"3":[0,0],"4":[0,0],"5":[0,0]},"meta":{"lastBranch":6,"lastFunction":29,"lastStatement":47,"seen":{"s:18:68:223:Infinity":0,"f:18:68:18:69":0,"s:19:40:19:Infinity":1,"s:20:52:20:Infinity":2,"s:22:4:27:Infinity":3,"f:22:14:22:20":1,"s:23:8:26:Infinity":4,"f:23:55:23:66":2,"s:24:12:24:Infinity":5,"f:24:43:24:48":3,"s:24:48:24:71":6,"s:25:12:25:Infinity":7,"f:25:49:25:54":4,"s:25:54:25:78":8,"s:29:24:32:Infinity":9,"f:29:24:29:25":5,"s:30:25:30:Infinity":10,"s:31:8:31:Infinity":11,"s:34:30:36:Infinity":12,"f:34:30:34:60":6,"s:35:8:35:Infinity":13,"f:35:23:35:32":7,"s:35:32:35:91":14,"s:38:21:38:Infinity":15,"b:38:21:38:53:38:53:38:85:38:85:38:Infinity":0,"s:40:26:44:Infinity":16,"s:46:27:51:Infinity":17,"s:53:25:56:Infinity":18,"f:55:28:55:34":8,"s:55:34:55:106":19,"b:55:62:55:73:55:73:55:104":1,"s:58:29:63:Infinity":20,"s:65:25:70:Infinity":21,"s:72:30:77:Infinity":22,"s:79:67:86:Infinity":23,"s:88:30:93:Infinity":24,"s:95:27:98:Infinity":25,"s:100:4:221:Infinity":26,"f:107:30:107:31":9,"s:107:39:107:Infinity":27,"f:107:49:107:55":10,"s:107:55:107:79":28,"f:113:30:113:31":11,"s:113:39:113:Infinity":29,"f:113:49:113:55":12,"s:113:55:113:86":30,"f:119:30:119:31":13,"s:119:39:119:Infinity":31,"f:119:49:119:55":14,"s:119:55:119:88":32,"b:126:25:126:Infinity:127:28:133:Infinity":2,"f:142:30:142:31":15,"s:142:39:142:Infinity":33,"f:142:49:142:55":16,"s:142:55:142:82":34,"b:144:17:144:Infinity:145:20:192:Infinity":3,"f:155:38:155:39":17,"s:155:47:155:Infinity":35,"f:164:38:164:39":18,"s:164:54:164:Infinity":36,"f:169:38:169:39":19,"s:169:54:169:Infinity":37,"f:174:38:174:39":20,"s:174:54:174:Infinity":38,"f:184:38:184:39":21,"s:184:47:184:Infinity":39,"f:190:38:190:39":22,"s:190:47:190:Infinity":40,"b:194:17:194:Infinity:195:20:197:Infinity":4,"b:196:33:196:65:196:65:196:Infinity":5,"f:205:30:205:31":23,"s:205:39:205:Infinity":41,"f:205:49:205:55":24,"s:205:55:205:93":42,"f:211:30:211:31":25,"s:211:39:211:Infinity":43,"f:211:49:211:55":26,"s:211:55:211:89":44,"f:217:30:217:31":27,"s:217:39:217:Infinity":45,"f:217:49:217:55":28,"s:217:55:217:89":46}}}
,"/home/jlf88/lumia-pro/src/components/controls/ControlCard.tsx": {"path":"/home/jlf88/lumia-pro/src/components/controls/ControlCard.tsx","statementMap":{"0":{"start":{"line":5,"column":13},"end":{"line":5,"column":null}},"1":{"start":{"line":18,"column":55},"end":{"line":100,"column":null}},"2":{"start":{"line":19,"column":32},"end":{"line":19,"column":null}},"3":{"start":{"line":20,"column":32},"end":{"line":20,"column":null}},"4":{"start":{"line":21,"column":10},"end":{"line":21,"column":null}},"5":{"start":{"line":23,"column":24},"end":{"line":30,"column":null}},"6":{"start":{"line":24,"column":8},"end":{"line":24,"column":null}},"7":{"start":{"line":25,"column":8},"end":{"line":29,"column":null}},"8":{"start":{"line":26,"column":12},"end":{"line":26,"column":null}},"9":{"start":{"line":27,"column":12},"end":{"line":27,"column":null}},"10":{"start":{"line":28,"column":12},"end":{"line":28,"column":null}},"11":{"start":{"line":28,"column":29},"end":{"line":28,"column":49}},"12":{"start":{"line":32,"column":4},"end":{"line":98,"column":null}},"13":{"start":{"line":68,"column":43},"end":{"line":68,"column":null}},"14":{"start":{"line":91,"column":31},"end":{"line":91,"column":null}}},"fnMap":{"0":{"name":"(anonymous_0)","decl":{"start":{"line":18,"column":55},"end":{"line":18,"column":56}},"loc":{"start":{"line":18,"column":123},"end":{"line":100,"column":null}},"line":18},"1":{"name":"(anonymous_1)","decl":{"start":{"line":23,"column":24},"end":{"line":23,"column":25}},"loc":{"start":{"line":23,"column":49},"end":{"line":30,"column":null}},"line":23},"2":{"name":"(anonymous_2)","decl":{"start":{"line":28,"column":23},"end":{"line":28,"column":29}},"loc":{"start":{"line":28,"column":29},"end":{"line":28,"column":49}},"line":28},"3":{"name":"(anonymous_3)","decl":{"start":{"line":68,"column":37},"end":{"line":68,"column":43}},"loc":{"start":{"line":68,"column":43},"end":{"line":68,"column":null}},"line":68},"4":{"name":"(anonymous_4)","decl":{"start":{"line":91,"column":25},"end":{"line":91,"column":31}},"loc":{"start":{"line":91,"column":31},"end":{"line":91,"column":null}},"line":91}},"branchMap":{"0":{"loc":{"start":{"line":18,"column":85},"end":{"line":18,"column":109}},"type":"default-arg","locations":[{"start":{"line":18,"column":103},"end":{"line":18,"column":109}}],"line":18},"1":{"loc":{"start":{"line":25,"column":8},"end":{"line":29,"column":null}},"type":"if","locations":[{"start":{"line":25,"column":8},"end":{"line":29,"column":null}},{"start":{},"end":{}}],"line":25},"2":{"loc":{"start":{"line":52,"column":25},"end":{"line":65,"column":null}},"type":"binary-expr","locations":[{"start":{"line":52,"column":25},"end":{"line":52,"column":null}},{"start":{"line":53,"column":28},"end":{"line":65,"column":null}}],"line":52},"3":{"loc":{"start":{"line":59,"column":47},"end":{"line":59,"column":null}},"type":"cond-expr","locations":[{"start":{"line":59,"column":58},"end":{"line":59,"column":84}},{"start":{"line":59,"column":84},"end":{"line":59,"column":null}}],"line":59},"4":{"loc":{"start":{"line":73,"column":43},"end":{"line":73,"column":null}},"type":"cond-expr","locations":[{"start":{"line":73,"column":54},"end":{"line":73,"column":73}},{"start":{"line":73,"column":73},"end":{"line":73,"column":null}}],"line":73}},"s":{"0":1,"1":1,"2":0,"3":0,"4":0,"5":0,"6":0,"7":0,"8":0,"9":0,"10":0,"11":0,"12":0,"13":0,"14":0},"f":{"0":0,"1":0,"2":0,"3":0,"4":0},"b":{"0":[0],"1":[0,0],"2":[0,0],"3":[0,0],"4":[0,0]},"meta":{"lastBranch":5,"lastFunction":5,"lastStatement":15,"seen":{"s:5:13:5:Infinity":0,"s:18:55:100:Infinity":1,"f:18:55:18:56":0,"b:18:103:18:109":0,"s:19:32:19:Infinity":2,"s:20:32:20:Infinity":3,"s:21:10:21:Infinity":4,"s:23:24:30:Infinity":5,"f:23:24:23:25":1,"s:24:8:24:Infinity":6,"b:25:8:29:Infinity:undefined:undefined:undefined:undefined":1,"s:25:8:29:Infinity":7,"s:26:12:26:Infinity":8,"s:27:12:27:Infinity":9,"s:28:12:28:Infinity":10,"f:28:23:28:29":2,"s:28:29:28:49":11,"s:32:4:98:Infinity":12,"b:52:25:52:Infinity:53:28:65:Infinity":2,"b:59:58:59:84:59:84:59:Infinity":3,"f:68:37:68:43":3,"s:68:43:68:Infinity":13,"b:73:54:73:73:73:73:73:Infinity":4,"f:91:25:91:31":4,"s:91:31:91:Infinity":14}}}
,"/home/jlf88/lumia-pro/src/components/controls/MuiSelect.tsx": {"path":"/home/jlf88/lumia-pro/src/components/controls/MuiSelect.tsx","statementMap":{"0":{"start":{"line":12,"column":51},"end":{"line":63,"column":null}},"1":{"start":{"line":13,"column":10},"end":{"line":13,"column":null}},"2":{"start":{"line":14,"column":20},"end":{"line":14,"column":null}},"3":{"start":{"line":17,"column":10},"end":{"line":20,"column":null}},"4":{"start":{"line":18,"column":8},"end":{"line":18,"column":null}},"5":{"start":{"line":18,"column":34},"end":{"line":18,"column":null}},"6":{"start":{"line":19,"column":8},"end":{"line":19,"column":null}},"7":{"start":{"line":19,"column":35},"end":{"line":19,"column":54}},"8":{"start":{"line":22,"column":4},"end":{"line":61,"column":null}},"9":{"start":{"line":31,"column":37},"end":{"line":31,"column":null}},"10":{"start":{"line":57,"column":24},"end":{"line":57,"column":null}}},"fnMap":{"0":{"name":"(anonymous_0)","decl":{"start":{"line":12,"column":51},"end":{"line":12,"column":52}},"loc":{"start":{"line":12,"column":102},"end":{"line":63,"column":null}},"line":12},"1":{"name":"(anonymous_1)","decl":{"start":{"line":17,"column":30},"end":{"line":17,"column":36}},"loc":{"start":{"line":17,"column":36},"end":{"line":20,"column":7}},"line":17},"2":{"name":"(anonymous_2)","decl":{"start":{"line":19,"column":28},"end":{"line":19,"column":35}},"loc":{"start":{"line":19,"column":35},"end":{"line":19,"column":54}},"line":19},"3":{"name":"(anonymous_3)","decl":{"start":{"line":31,"column":30},"end":{"line":31,"column":31}},"loc":{"start":{"line":31,"column":37},"end":{"line":31,"column":null}},"line":31},"4":{"name":"(anonymous_4)","decl":{"start":{"line":56,"column":33},"end":{"line":56,"column":34}},"loc":{"start":{"line":57,"column":24},"end":{"line":57,"column":null}},"line":57}},"branchMap":{"0":{"loc":{"start":{"line":18,"column":8},"end":{"line":18,"column":null}},"type":"if","locations":[{"start":{"line":18,"column":8},"end":{"line":18,"column":null}},{"start":{},"end":{}}],"line":18},"1":{"loc":{"start":{"line":19,"column":15},"end":{"line":19,"column":null}},"type":"cond-expr","locations":[{"start":{"line":19,"column":58},"end":{"line":19,"column":66}},{"start":{"line":19,"column":66},"end":{"line":19,"column":null}}],"line":19}},"s":{"0":1,"1":0,"2":0,"3":0,"4":0,"5":0,"6":0,"7":0,"8":0,"9":0,"10":0},"f":{"0":0,"1":0,"2":0,"3":0,"4":0},"b":{"0":[0,0],"1":[0,0]},"meta":{"lastBranch":2,"lastFunction":5,"lastStatement":11,"seen":{"s:12:51:63:Infinity":0,"f:12:51:12:52":0,"s:13:10:13:Infinity":1,"s:14:20:14:Infinity":2,"s:17:10:20:Infinity":3,"f:17:30:17:36":1,"b:18:8:18:Infinity:undefined:undefined:undefined:undefined":0,"s:18:8:18:Infinity":4,"s:18:34:18:Infinity":5,"s:19:8:19:Infinity":6,"b:19:58:19:66:19:66:19:Infinity":1,"f:19:28:19:35":2,"s:19:35:19:54":7,"s:22:4:61:Infinity":8,"f:31:30:31:31":3,"s:31:37:31:Infinity":9,"f:56:33:56:34":4,"s:57:24:57:Infinity":10}}}
,"/home/jlf88/lumia-pro/src/components/controls/MuiToggle.tsx": {"path":"/home/jlf88/lumia-pro/src/components/controls/MuiToggle.tsx","statementMap":{"0":{"start":{"line":12,"column":51},"end":{"line":41,"column":null}},"1":{"start":{"line":13,"column":4},"end":{"line":39,"column":null}},"2":{"start":{"line":27,"column":33},"end":{"line":27,"column":null}},"3":{"start":{"line":52,"column":61},"end":{"line":116,"column":null}},"4":{"start":{"line":53,"column":4},"end":{"line":114,"column":null}},"5":{"start":{"line":59,"column":40},"end":{"line":59,"column":72}},"6":{"start":{"line":59,"column":57},"end":{"line":59,"column":72}},"7":{"start":{"line":109,"column":20},"end":{"line":111,"column":null}}},"fnMap":{"0":{"name":"(anonymous_0)","decl":{"start":{"line":12,"column":51},"end":{"line":12,"column":52}},"loc":{"start":{"line":12,"column":95},"end":{"line":41,"column":null}},"line":12},"1":{"name":"(anonymous_1)","decl":{"start":{"line":27,"column":26},"end":{"line":27,"column":27}},"loc":{"start":{"line":27,"column":33},"end":{"line":27,"column":null}},"line":27},"2":{"name":"(anonymous_2)","decl":{"start":{"line":52,"column":61},"end":{"line":52,"column":62}},"loc":{"start":{"line":52,"column":120},"end":{"line":116,"column":null}},"line":52},"3":{"name":"(anonymous_3)","decl":{"start":{"line":59,"column":26},"end":{"line":59,"column":27}},"loc":{"start":{"line":59,"column":38},"end":{"line":59,"column":null}},"line":59},"4":{"name":"(anonymous_4)","decl":{"start":{"line":108,"column":29},"end":{"line":108,"column":30}},"loc":{"start":{"line":109,"column":20},"end":{"line":111,"column":null}},"line":109}},"branchMap":{"0":{"loc":{"start":{"line":21,"column":25},"end":{"line":21,"column":null}},"type":"cond-expr","locations":[{"start":{"line":21,"column":36},"end":{"line":21,"column":42}},{"start":{"line":21,"column":42},"end":{"line":21,"column":null}}],"line":21},"1":{"loc":{"start":{"line":52,"column":97},"end":{"line":52,"column":114}},"type":"default-arg","locations":[{"start":{"line":52,"column":109},"end":{"line":52,"column":114}}],"line":52},"2":{"loc":{"start":{"line":55,"column":13},"end":{"line":55,"column":null}},"type":"binary-expr","locations":[{"start":{"line":55,"column":13},"end":{"line":55,"column":22}},{"start":{"line":55,"column":22},"end":{"line":55,"column":null}}],"line":55},"3":{"loc":{"start":{"line":59,"column":40},"end":{"line":59,"column":72}},"type":"if","locations":[{"start":{"line":59,"column":40},"end":{"line":59,"column":72}},{"start":{},"end":{}}],"line":59}},"s":{"0":1,"1":0,"2":0,"3":1,"4":0,"5":0,"6":0,"7":0},"f":{"0":0,"1":0,"2":0,"3":0,"4":0},"b":{"0":[0,0],"1":[0],"2":[0,0],"3":[0,0]},"meta":{"lastBranch":4,"lastFunction":5,"lastStatement":8,"seen":{"s:12:51:41:Infinity":0,"f:12:51:12:52":0,"s:13:4:39:Infinity":1,"b:21:36:21:42:21:42:21:Infinity":0,"f:27:26:27:27":1,"s:27:33:27:Infinity":2,"s:52:61:116:Infinity":3,"f:52:61:52:62":2,"b:52:109:52:114":1,"s:53:4:114:Infinity":4,"b:55:13:55:22:55:22:55:Infinity":2,"f:59:26:59:27":3,"b:59:40:59:72:undefined:undefined:undefined:undefined":3,"s:59:40:59:72":5,"s:59:57:59:72":6,"f:108:29:108:30":4,"s:109:20:111:Infinity":7}}}
,"/home/jlf88/lumia-pro/src/config/csp.ts": {"path":"/home/jlf88/lumia-pro/src/config/csp.ts","statementMap":{"0":{"start":{"line":5,"column":30},"end":{"line":44,"column":null}},"1":{"start":{"line":47,"column":2},"end":{"line":53,"column":null}},"2":{"start":{"line":49,"column":6},"end":{"line":51,"column":null}}},"fnMap":{"0":{"name":"generateCSP","decl":{"start":{"line":46,"column":16},"end":{"line":46,"column":38}},"loc":{"start":{"line":46,"column":38},"end":{"line":54,"column":null}},"line":46},"1":{"name":"(anonymous_1)","decl":{"start":{"line":48,"column":9},"end":{"line":48,"column":10}},"loc":{"start":{"line":49,"column":6},"end":{"line":51,"column":null}},"line":49}},"branchMap":{"0":{"loc":{"start":{"line":49,"column":6},"end":{"line":51,"column":null}},"type":"cond-expr","locations":[{"start":{"line":50,"column":10},"end":{"line":50,"column":null}},{"start":{"line":51,"column":10},"end":{"line":51,"column":null}}],"line":49}},"s":{"0":1,"1":3,"2":39},"f":{"0":3,"1":39},"b":{"0":[36,3]},"meta":{"lastBranch":1,"lastFunction":2,"lastStatement":3,"seen":{"s:5:30:44:Infinity":0,"f:46:16:46:38":0,"s:47:2:53:Infinity":1,"f:48:9:48:10":1,"s:49:6:51:Infinity":2,"b:50:10:50:Infinity:51:10:51:Infinity":0}}}
,"/home/jlf88/lumia-pro/src/config/env.ts": {"path":"/home/jlf88/lumia-pro/src/config/env.ts","statementMap":{"0":{"start":{"line":4,"column":18},"end":{"line":4,"column":null}},"1":{"start":{"line":5,"column":2},"end":{"line":7,"column":null}},"2":{"start":{"line":6,"column":4},"end":{"line":6,"column":null}},"3":{"start":{"line":9,"column":2},"end":{"line":11,"column":null}},"4":{"start":{"line":10,"column":4},"end":{"line":10,"column":null}},"5":{"start":{"line":13,"column":2},"end":{"line":13,"column":null}}},"fnMap":{"0":{"name":"getEnv","decl":{"start":{"line":3,"column":56},"end":{"line":3,"column":null}},"loc":{"start":{"line":3,"column":56},"end":{"line":14,"column":null}},"line":3}},"branchMap":{"0":{"loc":{"start":{"line":4,"column":18},"end":{"line":4,"column":null}},"type":"cond-expr","locations":[{"start":{"line":4,"column":56},"end":{"line":4,"column":82}},{"start":{"line":4,"column":82},"end":{"line":4,"column":null}}],"line":4},"1":{"loc":{"start":{"line":5,"column":2},"end":{"line":7,"column":null}},"type":"if","locations":[{"start":{"line":5,"column":2},"end":{"line":7,"column":null}},{"start":{},"end":{}}],"line":5},"2":{"loc":{"start":{"line":5,"column":6},"end":{"line":5,"column":33}},"type":"binary-expr","locations":[{"start":{"line":5,"column":6},"end":{"line":5,"column":17}},{"start":{"line":5,"column":17},"end":{"line":5,"column":33}}],"line":5},"3":{"loc":{"start":{"line":9,"column":2},"end":{"line":11,"column":null}},"type":"if","locations":[{"start":{"line":9,"column":2},"end":{"line":11,"column":null}},{"start":{},"end":{}}],"line":9},"4":{"loc":{"start":{"line":9,"column":6},"end":{"line":9,"column":75}},"type":"binary-expr","locations":[{"start":{"line":9,"column":6},"end":{"line":9,"column":40}},{"start":{"line":9,"column":40},"end":{"line":9,"column":55}},{"start":{"line":9,"column":55},"end":{"line":9,"column":75}}],"line":9}},"s":{"0":4,"1":4,"2":1,"3":3,"4":2,"5":1},"f":{"0":4},"b":{"0":[4,0],"1":[1,3],"2":[4,4],"3":[2,1],"4":[3,3,3]},"meta":{"lastBranch":5,"lastFunction":1,"lastStatement":6,"seen":{"f:3:56:3:Infinity":0,"s:4:18:4:Infinity":0,"b:4:56:4:82:4:82:4:Infinity":0,"b:5:2:7:Infinity:undefined:undefined:undefined:undefined":1,"s:5:2:7:Infinity":1,"b:5:6:5:17:5:17:5:33":2,"s:6:4:6:Infinity":2,"b:9:2:11:Infinity:undefined:undefined:undefined:undefined":3,"s:9:2:11:Infinity":3,"b:9:6:9:40:9:40:9:55:9:55:9:75":4,"s:10:4:10:Infinity":4,"s:13:2:13:Infinity":5}}}
,"/home/jlf88/lumia-pro/src/config/features.ts": {"path":"/home/jlf88/lumia-pro/src/config/features.ts","statementMap":{"0":{"start":{"line":3,"column":24},"end":{"line":8,"column":null}},"1":{"start":{"line":12,"column":50},"end":{"line":17,"column":null}},"2":{"start":{"line":19,"column":32},"end":{"line":21,"column":null}},"3":{"start":{"line":20,"column":2},"end":{"line":20,"column":null}}},"fnMap":{"0":{"name":"(anonymous_0)","decl":{"start":{"line":19,"column":32},"end":{"line":19,"column":33}},"loc":{"start":{"line":19,"column":63},"end":{"line":21,"column":null}},"line":19}},"branchMap":{"0":{"loc":{"start":{"line":20,"column":9},"end":{"line":20,"column":null}},"type":"binary-expr","locations":[{"start":{"line":20,"column":9},"end":{"line":20,"column":37}},{"start":{"line":20,"column":37},"end":{"line":20,"column":null}}],"line":20}},"s":{"0":2,"1":2,"2":2,"3":7},"f":{"0":7},"b":{"0":[7,1]},"meta":{"lastBranch":1,"lastFunction":1,"lastStatement":4,"seen":{"s:3:24:8:Infinity":0,"s:12:50:17:Infinity":1,"s:19:32:21:Infinity":2,"f:19:32:19:33":0,"s:20:2:20:Infinity":3,"b:20:9:20:37:20:37:20:Infinity":0}}}
,"/home/jlf88/lumia-pro/src/controllers/RecordingController.tsx": {"path":"/home/jlf88/lumia-pro/src/controllers/RecordingController.tsx","statementMap":{"0":{"start":{"line":9,"column":79},"end":{"line":66,"column":null}},"1":{"start":{"line":10,"column":24},"end":{"line":10,"column":null}},"2":{"start":{"line":12,"column":4},"end":{"line":28,"column":null}},"3":{"start":{"line":13,"column":8},"end":{"line":15,"column":null}},"4":{"start":{"line":14,"column":12},"end":{"line":14,"column":null}},"5":{"start":{"line":16,"column":20},"end":{"line":16,"column":null}},"6":{"start":{"line":17,"column":20},"end":{"line":17,"column":null}},"7":{"start":{"line":18,"column":21},"end":{"line":18,"column":null}},"8":{"start":{"line":19,"column":8},"end":{"line":19,"column":null}},"9":{"start":{"line":20,"column":8},"end":{"line":20,"column":null}},"10":{"start":{"line":21,"column":8},"end":{"line":21,"column":null}},"11":{"start":{"line":22,"column":8},"end":{"line":22,"column":null}},"12":{"start":{"line":23,"column":8},"end":{"line":23,"column":null}},"13":{"start":{"line":24,"column":8},"end":{"line":24,"column":null}},"14":{"start":{"line":25,"column":8},"end":{"line":25,"column":null}},"15":{"start":{"line":27,"column":8},"end":{"line":27,"column":null}},"16":{"start":{"line":27,"column":23},"end":{"line":27,"column":41}},"17":{"start":{"line":27,"column":41},"end":{"line":27,"column":60}},"18":{"start":{"line":30,"column":4},"end":{"line":64,"column":null}},"19":{"start":{"line":94,"column":6},"end":{"line":94,"column":null}},"20":{"start":{"line":96,"column":35},"end":{"line":100,"column":null}},"21":{"start":{"line":97,"column":8},"end":{"line":97,"column":null}},"22":{"start":{"line":98,"column":2},"end":{"line":98,"column":null}},"23":{"start":{"line":98,"column":16},"end":{"line":98,"column":null}},"24":{"start":{"line":99,"column":2},"end":{"line":99,"column":null}},"25":{"start":{"line":108,"column":71},"end":{"line":164,"column":null}},"26":{"start":{"line":109,"column":59},"end":{"line":109,"column":null}},"27":{"start":{"line":110,"column":20},"end":{"line":110,"column":null}},"28":{"start":{"line":116,"column":2},"end":{"line":116,"column":null}},"29":{"start":{"line":119,"column":2},"end":{"line":142,"column":null}},"30":{"start":{"line":120,"column":21},"end":{"line":129,"column":null}},"31":{"start":{"line":121,"column":8},"end":{"line":128,"column":null}},"32":{"start":{"line":122,"column":12},"end":{"line":125,"column":null}},"33":{"start":{"line":123,"column":16},"end":{"line":123,"column":null}},"34":{"start":{"line":124,"column":16},"end":{"line":124,"column":null}},"35":{"start":{"line":127,"column":12},"end":{"line":127,"column":null}},"36":{"start":{"line":131,"column":21},"end":{"line":136,"column":null}},"37":{"start":{"line":132,"column":8},"end":{"line":135,"column":null}},"38":{"start":{"line":133,"column":12},"end":{"line":133,"column":null}},"39":{"start":{"line":134,"column":12},"end":{"line":134,"column":null}},"40":{"start":{"line":138,"column":4},"end":{"line":141,"column":null}},"41":{"start":{"line":139,"column":8},"end":{"line":139,"column":null}},"42":{"start":{"line":140,"column":8},"end":{"line":140,"column":null}},"43":{"start":{"line":145,"column":2},"end":{"line":147,"column":null}},"44":{"start":{"line":146,"column":4},"end":{"line":146,"column":null}},"45":{"start":{"line":146,"column":21},"end":{"line":146,"column":null}},"46":{"start":{"line":149,"column":2},"end":{"line":162,"column":null}},"47":{"start":{"line":166,"column":43},"end":{"line":177,"column":null}},"48":{"start":{"line":167,"column":76},"end":{"line":167,"column":null}},"49":{"start":{"line":168,"column":4},"end":{"line":175,"column":null}}},"fnMap":{"0":{"name":"(anonymous_0)","decl":{"start":{"line":9,"column":79},"end":{"line":9,"column":80}},"loc":{"start":{"line":9,"column":100},"end":{"line":66,"column":null}},"line":9},"1":{"name":"(anonymous_1)","decl":{"start":{"line":12,"column":14},"end":{"line":12,"column":20}},"loc":{"start":{"line":12,"column":20},"end":{"line":28,"column":7}},"line":12},"2":{"name":"(anonymous_2)","decl":{"start":{"line":27,"column":15},"end":{"line":27,"column":21}},"loc":{"start":{"line":27,"column":21},"end":{"line":27,"column":null}},"line":27},"3":{"name":"(anonymous_3)","decl":{"start":{"line":96,"column":35},"end":{"line":96,"column":41}},"loc":{"start":{"line":96,"column":41},"end":{"line":100,"column":null}},"line":96},"4":{"name":"(anonymous_4)","decl":{"start":{"line":108,"column":71},"end":{"line":108,"column":72}},"loc":{"start":{"line":108,"column":89},"end":{"line":164,"column":null}},"line":108},"5":{"name":"(anonymous_5)","decl":{"start":{"line":119,"column":12},"end":{"line":119,"column":18}},"loc":{"start":{"line":119,"column":18},"end":{"line":142,"column":5}},"line":119},"6":{"name":"(anonymous_6)","decl":{"start":{"line":120,"column":60},"end":{"line":120,"column":66}},"loc":{"start":{"line":120,"column":66},"end":{"line":129,"column":5}},"line":120},"7":{"name":"(anonymous_7)","decl":{"start":{"line":122,"column":26},"end":{"line":122,"column":27}},"loc":{"start":{"line":122,"column":40},"end":{"line":125,"column":13}},"line":122},"8":{"name":"(anonymous_8)","decl":{"start":{"line":131,"column":62},"end":{"line":131,"column":68}},"loc":{"start":{"line":131,"column":68},"end":{"line":136,"column":5}},"line":131},"9":{"name":"(anonymous_9)","decl":{"start":{"line":132,"column":18},"end":{"line":132,"column":19}},"loc":{"start":{"line":132,"column":27},"end":{"line":135,"column":9}},"line":132},"10":{"name":"(anonymous_10)","decl":{"start":{"line":138,"column":11},"end":{"line":138,"column":17}},"loc":{"start":{"line":138,"column":17},"end":{"line":141,"column":null}},"line":138},"11":{"name":"(anonymous_11)","decl":{"start":{"line":145,"column":12},"end":{"line":145,"column":18}},"loc":{"start":{"line":145,"column":18},"end":{"line":147,"column":5}},"line":145},"12":{"name":"(anonymous_12)","decl":{"start":{"line":166,"column":43},"end":{"line":166,"column":49}},"loc":{"start":{"line":166,"column":49},"end":{"line":177,"column":null}},"line":166}},"branchMap":{"0":{"loc":{"start":{"line":13,"column":8},"end":{"line":15,"column":null}},"type":"if","locations":[{"start":{"line":13,"column":8},"end":{"line":15,"column":null}},{"start":{},"end":{}}],"line":13},"1":{"loc":{"start":{"line":21,"column":30},"end":{"line":21,"column":null}},"type":"cond-expr","locations":[{"start":{"line":21,"column":44},"end":{"line":21,"column":50}},{"start":{"line":21,"column":50},"end":{"line":21,"column":null}}],"line":21},"2":{"loc":{"start":{"line":62,"column":17},"end":{"line":62,"column":null}},"type":"cond-expr","locations":[{"start":{"line":62,"column":36},"end":{"line":62,"column":63}},{"start":{"line":62,"column":63},"end":{"line":62,"column":null}}],"line":62},"3":{"loc":{"start":{"line":98,"column":2},"end":{"line":98,"column":null}},"type":"if","locations":[{"start":{"line":98,"column":2},"end":{"line":98,"column":null}},{"start":{},"end":{}}],"line":98},"4":{"loc":{"start":{"line":121,"column":8},"end":{"line":128,"column":null}},"type":"if","locations":[{"start":{"line":121,"column":8},"end":{"line":128,"column":null}},{"start":{"line":126,"column":15},"end":{"line":128,"column":null}}],"line":121},"5":{"loc":{"start":{"line":146,"column":4},"end":{"line":146,"column":null}},"type":"if","locations":[{"start":{"line":146,"column":4},"end":{"line":146,"column":null}},{"start":{},"end":{}}],"line":146},"6":{"loc":{"start":{"line":155,"column":7},"end":{"line":160,"column":null}},"type":"binary-expr","locations":[{"start":{"line":156,"column":8},"end":{"line":156,"column":26}},{"start":{"line":156,"column":26},"end":{"line":156,"column":null}},{"start":{"line":157,"column":10},"end":{"line":160,"column":null}}],"line":155},"7":{"loc":{"start":{"line":158,"column":21},"end":{"line":158,"column":null}},"type":"cond-expr","locations":[{"start":{"line":158,"column":38},"end":{"line":158,"column":50}},{"start":{"line":158,"column":50},"end":{"line":158,"column":null}}],"line":158},"8":{"loc":{"start":{"line":159,"column":20},"end":{"line":159,"column":null}},"type":"cond-expr","locations":[{"start":{"line":159,"column":37},"end":{"line":159,"column":47}},{"start":{"line":159,"column":47},"end":{"line":159,"column":null}}],"line":159}},"s":{"0":11,"1":0,"2":0,"3":0,"4":0,"5":0,"6":0,"7":0,"8":0,"9":0,"10":0,"11":0,"12":0,"13":0,"14":0,"15":0,"16":0,"17":0,"18":0,"19":11,"20":11,"21":15,"22":15,"23":4,"24":10,"25":11,"26":10,"27":10,"28":10,"29":10,"30":10,"31":0,"32":0,"33":0,"34":0,"35":0,"36":10,"37":0,"38":0,"39":0,"40":10,"41":10,"42":10,"43":10,"44":10,"45":0,"46":10,"47":11,"48":0,"49":0},"f":{"0":0,"1":0,"2":0,"3":15,"4":10,"5":10,"6":0,"7":0,"8":0,"9":0,"10":10,"11":10,"12":0},"b":{"0":[0,0],"1":[0,0],"2":[0,0],"3":[4,11],"4":[0,0],"5":[0,10],"6":[10,10,0],"7":[0,0],"8":[0,0]},"meta":{"lastBranch":9,"lastFunction":13,"lastStatement":50,"seen":{"s:9:79:66:Infinity":0,"f:9:79:9:80":0,"s:10:24:10:Infinity":1,"s:12:4:28:Infinity":2,"f:12:14:12:20":1,"b:13:8:15:Infinity:undefined:undefined:undefined:undefined":0,"s:13:8:15:Infinity":3,"s:14:12:14:Infinity":4,"s:16:20:16:Infinity":5,"s:17:20:17:Infinity":6,"s:18:21:18:Infinity":7,"s:19:8:19:Infinity":8,"s:20:8:20:Infinity":9,"s:21:8:21:Infinity":10,"b:21:44:21:50:21:50:21:Infinity":1,"s:22:8:22:Infinity":11,"s:23:8:23:Infinity":12,"s:24:8:24:Infinity":13,"s:25:8:25:Infinity":14,"s:27:8:27:Infinity":15,"f:27:15:27:21":2,"s:27:23:27:41":16,"s:27:41:27:60":17,"s:30:4:64:Infinity":18,"b:62:36:62:63:62:63:62:Infinity":2,"s:94:6:94:Infinity":19,"s:96:35:100:Infinity":20,"f:96:35:96:41":3,"s:97:8:97:Infinity":21,"b:98:2:98:Infinity:undefined:undefined:undefined:undefined":3,"s:98:2:98:Infinity":22,"s:98:16:98:Infinity":23,"s:99:2:99:Infinity":24,"s:108:71:164:Infinity":25,"f:108:71:108:72":4,"s:109:59:109:Infinity":26,"s:110:20:110:Infinity":27,"s:116:2:116:Infinity":28,"s:119:2:142:Infinity":29,"f:119:12:119:18":5,"s:120:21:129:Infinity":30,"f:120:60:120:66":6,"b:121:8:128:Infinity:126:15:128:Infinity":4,"s:121:8:128:Infinity":31,"s:122:12:125:Infinity":32,"f:122:26:122:27":7,"s:123:16:123:Infinity":33,"s:124:16:124:Infinity":34,"s:127:12:127:Infinity":35,"s:131:21:136:Infinity":36,"f:131:62:131:68":8,"s:132:8:135:Infinity":37,"f:132:18:132:19":9,"s:133:12:133:Infinity":38,"s:134:12:134:Infinity":39,"s:138:4:141:Infinity":40,"f:138:11:138:17":10,"s:139:8:139:Infinity":41,"s:140:8:140:Infinity":42,"s:145:2:147:Infinity":43,"f:145:12:145:18":11,"b:146:4:146:Infinity:undefined:undefined:undefined:undefined":5,"s:146:4:146:Infinity":44,"s:146:21:146:Infinity":45,"s:149:2:162:Infinity":46,"b:156:8:156:26:156:26:156:Infinity:157:10:160:Infinity":6,"b:158:38:158:50:158:50:158:Infinity":7,"b:159:37:159:47:159:47:159:Infinity":8,"s:166:43:177:Infinity":47,"f:166:43:166:49":12,"s:167:76:167:Infinity":48,"s:168:4:175:Infinity":49}}}
,"/home/jlf88/lumia-pro/src/engine/AdaptiveQuality.ts": {"path":"/home/jlf88/lumia-pro/src/engine/AdaptiveQuality.ts","statementMap":{"0":{"start":{"line":10,"column":2},"end":{"line":10,"column":null}},"1":{"start":{"line":11,"column":2},"end":{"line":11,"column":null}},"2":{"start":{"line":12,"column":2},"end":{"line":12,"column":null}},"3":{"start":{"line":13,"column":2},"end":{"line":13,"column":null}},"4":{"start":{"line":16,"column":4},"end":{"line":16,"column":null}},"5":{"start":{"line":17,"column":4},"end":{"line":19,"column":null}},"6":{"start":{"line":18,"column":6},"end":{"line":18,"column":null}},"7":{"start":{"line":23,"column":4},"end":{"line":25,"column":null}},"8":{"start":{"line":24,"column":6},"end":{"line":24,"column":null}},"9":{"start":{"line":27,"column":18},"end":{"line":27,"column":null}},"10":{"start":{"line":27,"column":53},"end":{"line":27,"column":60}},"11":{"start":{"line":28,"column":19},"end":{"line":28,"column":null}},"12":{"start":{"line":30,"column":4},"end":{"line":38,"column":null}},"13":{"start":{"line":31,"column":6},"end":{"line":37,"column":null}},"14":{"start":{"line":40,"column":4},"end":{"line":48,"column":null}},"15":{"start":{"line":41,"column":6},"end":{"line":47,"column":null}},"16":{"start":{"line":50,"column":4},"end":{"line":50,"column":null}},"17":{"start":{"line":54,"column":16},"end":{"line":54,"column":null}},"18":{"start":{"line":55,"column":16},"end":{"line":55,"column":null}},"19":{"start":{"line":57,"column":4},"end":{"line":61,"column":null}},"20":{"start":{"line":58,"column":6},"end":{"line":58,"column":null}},"21":{"start":{"line":60,"column":6},"end":{"line":60,"column":null}},"22":{"start":{"line":64,"column":25},"end":{"line":64,"column":null}},"23":{"start":{"line":65,"column":4},"end":{"line":67,"column":null}},"24":{"start":{"line":66,"column":6},"end":{"line":66,"column":null}},"25":{"start":{"line":69,"column":4},"end":{"line":69,"column":null}},"26":{"start":{"line":73,"column":4},"end":{"line":73,"column":null}},"27":{"start":{"line":73,"column":40},"end":{"line":73,"column":null}},"28":{"start":{"line":74,"column":4},"end":{"line":74,"column":null}},"29":{"start":{"line":74,"column":46},"end":{"line":74,"column":53}},"30":{"start":{"line":78,"column":18},"end":{"line":78,"column":null}},"31":{"start":{"line":79,"column":4},"end":{"line":79,"column":null}},"32":{"start":{"line":83,"column":4},"end":{"line":83,"column":null}},"33":{"start":{"line":84,"column":4},"end":{"line":84,"column":null}},"34":{"start":{"line":85,"column":4},"end":{"line":85,"column":null}}},"fnMap":{"0":{"name":"(anonymous_0)","decl":{"start":{"line":9,"column":7},"end":{"line":9,"column":13}},"loc":{"start":{"line":9,"column":7},"end":{"line":13,"column":null}},"line":9},"1":{"name":"(anonymous_1)","decl":{"start":{"line":15,"column":2},"end":{"line":15,"column":15}},"loc":{"start":{"line":15,"column":33},"end":{"line":20,"column":null}},"line":15},"2":{"name":"(anonymous_2)","decl":{"start":{"line":22,"column":2},"end":{"line":22,"column":36}},"loc":{"start":{"line":22,"column":36},"end":{"line":51,"column":null}},"line":22},"3":{"name":"(anonymous_3)","decl":{"start":{"line":27,"column":43},"end":{"line":27,"column":44}},"loc":{"start":{"line":27,"column":53},"end":{"line":27,"column":60}},"line":27},"4":{"name":"(anonymous_4)","decl":{"start":{"line":53,"column":2},"end":{"line":53,"column":29}},"loc":{"start":{"line":53,"column":29},"end":{"line":70,"column":null}},"line":53},"5":{"name":"(anonymous_5)","decl":{"start":{"line":72,"column":2},"end":{"line":72,"column":32}},"loc":{"start":{"line":72,"column":32},"end":{"line":75,"column":null}},"line":72},"6":{"name":"(anonymous_6)","decl":{"start":{"line":74,"column":36},"end":{"line":74,"column":37}},"loc":{"start":{"line":74,"column":46},"end":{"line":74,"column":53}},"line":74},"7":{"name":"(anonymous_7)","decl":{"start":{"line":77,"column":2},"end":{"line":77,"column":26}},"loc":{"start":{"line":77,"column":26},"end":{"line":80,"column":null}},"line":77},"8":{"name":"(anonymous_8)","decl":{"start":{"line":82,"column":2},"end":{"line":82,"column":16}},"loc":{"start":{"line":82,"column":16},"end":{"line":86,"column":null}},"line":82}},"branchMap":{"0":{"loc":{"start":{"line":17,"column":4},"end":{"line":19,"column":null}},"type":"if","locations":[{"start":{"line":17,"column":4},"end":{"line":19,"column":null}},{"start":{},"end":{}}],"line":17},"1":{"loc":{"start":{"line":23,"column":4},"end":{"line":25,"column":null}},"type":"if","locations":[{"start":{"line":23,"column":4},"end":{"line":25,"column":null}},{"start":{},"end":{}}],"line":23},"2":{"loc":{"start":{"line":30,"column":4},"end":{"line":38,"column":null}},"type":"if","locations":[{"start":{"line":30,"column":4},"end":{"line":38,"column":null}},{"start":{},"end":{}}],"line":30},"3":{"loc":{"start":{"line":40,"column":4},"end":{"line":48,"column":null}},"type":"if","locations":[{"start":{"line":40,"column":4},"end":{"line":48,"column":null}},{"start":{},"end":{}}],"line":40},"4":{"loc":{"start":{"line":57,"column":4},"end":{"line":61,"column":null}},"type":"if","locations":[{"start":{"line":57,"column":4},"end":{"line":61,"column":null}},{"start":{"line":59,"column":11},"end":{"line":61,"column":null}}],"line":57},"5":{"loc":{"start":{"line":64,"column":25},"end":{"line":64,"column":null}},"type":"binary-expr","locations":[{"start":{"line":64,"column":25},"end":{"line":64,"column":61}},{"start":{"line":64,"column":61},"end":{"line":64,"column":null}}],"line":64},"6":{"loc":{"start":{"line":65,"column":4},"end":{"line":67,"column":null}},"type":"if","locations":[{"start":{"line":65,"column":4},"end":{"line":67,"column":null}},{"start":{},"end":{}}],"line":65},"7":{"loc":{"start":{"line":73,"column":4},"end":{"line":73,"column":null}},"type":"if","locations":[{"start":{"line":73,"column":4},"end":{"line":73,"column":null}},{"start":{},"end":{}}],"line":73},"8":{"loc":{"start":{"line":79,"column":11},"end":{"line":79,"column":null}},"type":"cond-expr","locations":[{"start":{"line":79,"column":23},"end":{"line":79,"column":38}},{"start":{"line":79,"column":38},"end":{"line":79,"column":null}}],"line":79}},"s":{"0":15,"1":15,"2":15,"3":15,"4":565,"5":565,"6":50,"7":6,"8":1,"9":5,"10":290,"11":5,"12":5,"13":2,"14":3,"15":1,"16":2,"17":2,"18":2,"19":2,"20":1,"21":1,"22":2,"23":2,"24":0,"25":2,"26":9,"27":4,"28":5,"29":174,"30":4,"31":4,"32":1,"33":1,"34":1},"f":{"0":15,"1":565,"2":6,"3":290,"4":2,"5":9,"6":174,"7":4,"8":1},"b":{"0":[50,515],"1":[1,5],"2":[2,3],"3":[1,2],"4":[1,1],"5":[2,0],"6":[0,2],"7":[4,5],"8":[2,2]},"meta":{"lastBranch":9,"lastFunction":9,"lastStatement":35,"seen":{"f:9:7:9:13":0,"s:10:2:10:Infinity":0,"s:11:2:11:Infinity":1,"s:12:2:12:Infinity":2,"s:13:2:13:Infinity":3,"f:15:2:15:15":1,"s:16:4:16:Infinity":4,"b:17:4:19:Infinity:undefined:undefined:undefined:undefined":0,"s:17:4:19:Infinity":5,"s:18:6:18:Infinity":6,"f:22:2:22:36":2,"b:23:4:25:Infinity:undefined:undefined:undefined:undefined":1,"s:23:4:25:Infinity":7,"s:24:6:24:Infinity":8,"s:27:18:27:Infinity":9,"f:27:43:27:44":3,"s:27:53:27:60":10,"s:28:19:28:Infinity":11,"b:30:4:38:Infinity:undefined:undefined:undefined:undefined":2,"s:30:4:38:Infinity":12,"s:31:6:37:Infinity":13,"b:40:4:48:Infinity:undefined:undefined:undefined:undefined":3,"s:40:4:48:Infinity":14,"s:41:6:47:Infinity":15,"s:50:4:50:Infinity":16,"f:53:2:53:29":4,"s:54:16:54:Infinity":17,"s:55:16:55:Infinity":18,"b:57:4:61:Infinity:59:11:61:Infinity":4,"s:57:4:61:Infinity":19,"s:58:6:58:Infinity":20,"s:60:6:60:Infinity":21,"s:64:25:64:Infinity":22,"b:64:25:64:61:64:61:64:Infinity":5,"b:65:4:67:Infinity:undefined:undefined:undefined:undefined":6,"s:65:4:67:Infinity":23,"s:66:6:66:Infinity":24,"s:69:4:69:Infinity":25,"f:72:2:72:32":5,"b:73:4:73:Infinity:undefined:undefined:undefined:undefined":7,"s:73:4:73:Infinity":26,"s:73:40:73:Infinity":27,"s:74:4:74:Infinity":28,"f:74:36:74:37":6,"s:74:46:74:53":29,"f:77:2:77:26":7,"s:78:18:78:Infinity":30,"s:79:4:79:Infinity":31,"b:79:23:79:38:79:38:79:Infinity":8,"f:82:2:82:16":8,"s:83:4:83:Infinity":32,"s:84:4:84:Infinity":33,"s:85:4:85:Infinity":34}}}
,"/home/jlf88/lumia-pro/src/engine/GLRenderer.ts": {"path":"/home/jlf88/lumia-pro/src/engine/GLRenderer.ts","statementMap":{"0":{"start":{"line":8,"column":4},"end":{"line":8,"column":null}},"1":{"start":{"line":9,"column":4},"end":{"line":9,"column":null}},"2":{"start":{"line":10,"column":4},"end":{"line":10,"column":null}},"3":{"start":{"line":11,"column":4},"end":{"line":11,"column":null}},"4":{"start":{"line":13,"column":4},"end":{"line":13,"column":null}},"5":{"start":{"line":14,"column":4},"end":{"line":14,"column":null}},"6":{"start":{"line":15,"column":4},"end":{"line":15,"column":null}},"7":{"start":{"line":16,"column":4},"end":{"line":16,"column":null}},"8":{"start":{"line":17,"column":4},"end":{"line":17,"column":null}},"9":{"start":{"line":18,"column":4},"end":{"line":18,"column":null}},"10":{"start":{"line":19,"column":4},"end":{"line":19,"column":null}},"11":{"start":{"line":21,"column":4},"end":{"line":21,"column":null}},"12":{"start":{"line":22,"column":4},"end":{"line":22,"column":null}},"13":{"start":{"line":23,"column":4},"end":{"line":23,"column":null}},"14":{"start":{"line":24,"column":4},"end":{"line":24,"column":null}},"15":{"start":{"line":25,"column":4},"end":{"line":25,"column":null}},"16":{"start":{"line":26,"column":4},"end":{"line":26,"column":null}},"17":{"start":{"line":27,"column":4},"end":{"line":27,"column":null}},"18":{"start":{"line":28,"column":4},"end":{"line":28,"column":null}},"19":{"start":{"line":29,"column":4},"end":{"line":29,"column":null}},"20":{"start":{"line":30,"column":4},"end":{"line":30,"column":null}},"21":{"start":{"line":38,"column":4},"end":{"line":38,"column":null}},"22":{"start":{"line":39,"column":4},"end":{"line":39,"column":null}},"23":{"start":{"line":41,"column":4},"end":{"line":41,"column":null}},"24":{"start":{"line":42,"column":4},"end":{"line":42,"column":null}},"25":{"start":{"line":965,"column":4},"end":{"line":965,"column":null}},"26":{"start":{"line":966,"column":4},"end":{"line":966,"column":null}},"27":{"start":{"line":967,"column":4},"end":{"line":967,"column":null}},"28":{"start":{"line":968,"column":4},"end":{"line":968,"column":null}},"29":{"start":{"line":45,"column":8},"end":{"line":45,"column":null}},"30":{"start":{"line":46,"column":19},"end":{"line":51,"column":null}},"31":{"start":{"line":53,"column":8},"end":{"line":53,"column":null}},"32":{"start":{"line":53,"column":17},"end":{"line":53,"column":null}},"33":{"start":{"line":54,"column":8},"end":{"line":54,"column":null}},"34":{"start":{"line":57,"column":8},"end":{"line":57,"column":null}},"35":{"start":{"line":58,"column":8},"end":{"line":58,"column":null}},"36":{"start":{"line":59,"column":8},"end":{"line":59,"column":null}},"37":{"start":{"line":61,"column":8},"end":{"line":61,"column":null}},"38":{"start":{"line":64,"column":8},"end":{"line":94,"column":null}},"39":{"start":{"line":65,"column":12},"end":{"line":65,"column":null}},"40":{"start":{"line":66,"column":12},"end":{"line":66,"column":null}},"41":{"start":{"line":67,"column":12},"end":{"line":67,"column":null}},"42":{"start":{"line":70,"column":12},"end":{"line":93,"column":null}},"43":{"start":{"line":71,"column":16},"end":{"line":92,"column":null}},"44":{"start":{"line":72,"column":39},"end":{"line":77,"column":null}},"45":{"start":{"line":78,"column":20},"end":{"line":89,"column":null}},"46":{"start":{"line":79,"column":24},"end":{"line":79,"column":null}},"47":{"start":{"line":81,"column":24},"end":{"line":81,"column":null}},"48":{"start":{"line":82,"column":24},"end":{"line":82,"column":null}},"49":{"start":{"line":83,"column":24},"end":{"line":83,"column":null}},"50":{"start":{"line":84,"column":24},"end":{"line":84,"column":null}},"51":{"start":{"line":85,"column":24},"end":{"line":85,"column":null}},"52":{"start":{"line":86,"column":24},"end":{"line":86,"column":null}},"53":{"start":{"line":87,"column":24},"end":{"line":87,"column":null}},"54":{"start":{"line":88,"column":24},"end":{"line":88,"column":null}},"55":{"start":{"line":91,"column":20},"end":{"line":91,"column":null}},"56":{"start":{"line":95,"column":8},"end":{"line":95,"column":null}},"57":{"start":{"line":98,"column":8},"end":{"line":98,"column":null}},"58":{"start":{"line":99,"column":8},"end":{"line":99,"column":null}},"59":{"start":{"line":101,"column":8},"end":{"line":101,"column":null}},"60":{"start":{"line":102,"column":8},"end":{"line":102,"column":null}},"61":{"start":{"line":40,"column":4},"end":{"line":40,"column":null}},"62":{"start":{"line":106,"column":8},"end":{"line":109,"column":null}},"63":{"start":{"line":107,"column":12},"end":{"line":107,"column":null}},"64":{"start":{"line":108,"column":12},"end":{"line":108,"column":null}},"65":{"start":{"line":113,"column":8},"end":{"line":113,"column":null}},"66":{"start":{"line":114,"column":8},"end":{"line":114,"column":null}},"67":{"start":{"line":118,"column":8},"end":{"line":118,"column":null}},"68":{"start":{"line":119,"column":8},"end":{"line":119,"column":null}},"69":{"start":{"line":123,"column":8},"end":{"line":123,"column":null}},"70":{"start":{"line":124,"column":8},"end":{"line":126,"column":null}},"71":{"start":{"line":125,"column":12},"end":{"line":125,"column":null}},"72":{"start":{"line":127,"column":24},"end":{"line":127,"column":null}},"73":{"start":{"line":128,"column":8},"end":{"line":128,"column":null}},"74":{"start":{"line":128,"column":22},"end":{"line":128,"column":null}},"75":{"start":{"line":130,"column":8},"end":{"line":130,"column":null}},"76":{"start":{"line":131,"column":8},"end":{"line":131,"column":null}},"77":{"start":{"line":133,"column":8},"end":{"line":141,"column":null}},"78":{"start":{"line":134,"column":12},"end":{"line":134,"column":null}},"79":{"start":{"line":135,"column":12},"end":{"line":135,"column":null}},"80":{"start":{"line":136,"column":12},"end":{"line":136,"column":null}},"81":{"start":{"line":139,"column":12},"end":{"line":139,"column":null}},"82":{"start":{"line":140,"column":12},"end":{"line":140,"column":null}},"83":{"start":{"line":145,"column":8},"end":{"line":145,"column":null}},"84":{"start":{"line":146,"column":8},"end":{"line":148,"column":null}},"85":{"start":{"line":147,"column":12},"end":{"line":147,"column":null}},"86":{"start":{"line":149,"column":24},"end":{"line":149,"column":null}},"87":{"start":{"line":150,"column":8},"end":{"line":150,"column":null}},"88":{"start":{"line":150,"column":22},"end":{"line":150,"column":null}},"89":{"start":{"line":152,"column":8},"end":{"line":152,"column":null}},"90":{"start":{"line":153,"column":8},"end":{"line":153,"column":null}},"91":{"start":{"line":155,"column":8},"end":{"line":163,"column":null}},"92":{"start":{"line":156,"column":12},"end":{"line":156,"column":null}},"93":{"start":{"line":157,"column":12},"end":{"line":157,"column":null}},"94":{"start":{"line":158,"column":12},"end":{"line":158,"column":null}},"95":{"start":{"line":161,"column":12},"end":{"line":161,"column":null}},"96":{"start":{"line":162,"column":12},"end":{"line":162,"column":null}},"97":{"start":{"line":167,"column":8},"end":{"line":170,"column":null}},"98":{"start":{"line":168,"column":12},"end":{"line":168,"column":null}},"99":{"start":{"line":169,"column":12},"end":{"line":169,"column":null}},"100":{"start":{"line":172,"column":8},"end":{"line":223,"column":null}},"101":{"start":{"line":173,"column":28},"end":{"line":173,"column":null}},"102":{"start":{"line":174,"column":12},"end":{"line":174,"column":null}},"103":{"start":{"line":177,"column":29},"end":{"line":177,"column":null}},"104":{"start":{"line":178,"column":35},"end":{"line":178,"column":null}},"105":{"start":{"line":179,"column":25},"end":{"line":179,"column":null}},"106":{"start":{"line":181,"column":58},"end":{"line":181,"column":null}},"107":{"start":{"line":183,"column":12},"end":{"line":194,"column":null}},"108":{"start":{"line":185,"column":16},"end":{"line":187,"column":null}},"109":{"start":{"line":186,"column":20},"end":{"line":186,"column":null}},"110":{"start":{"line":190,"column":16},"end":{"line":192,"column":null}},"111":{"start":{"line":190,"column":29},"end":{"line":190,"column":32}},"112":{"start":{"line":191,"column":20},"end":{"line":191,"column":null}},"113":{"start":{"line":193,"column":16},"end":{"line":193,"column":null}},"114":{"start":{"line":196,"column":12},"end":{"line":205,"column":null}},"115":{"start
[...]
start":{"line":346,"column":15},"end":{"line":346,"column":31}},{"start":{"line":346,"column":31},"end":{"line":346,"column":null}}],"line":346},"30":{"loc":{"start":{"line":347,"column":16},"end":{"line":347,"column":null}},"type":"binary-expr","locations":[{"start":{"line":347,"column":16},"end":{"line":347,"column":33}},{"start":{"line":347,"column":33},"end":{"line":347,"column":null}}],"line":347},"31":{"loc":{"start":{"line":350,"column":4},"end":{"line":353,"column":null}},"type":"if","locations":[{"start":{"line":350,"column":4},"end":{"line":353,"column":null}},{"start":{},"end":{}}],"line":350},"32":{"loc":{"start":{"line":354,"column":4},"end":{"line":356,"column":null}},"type":"if","locations":[{"start":{"line":354,"column":4},"end":{"line":356,"column":null}},{"start":{},"end":{}}],"line":354},"33":{"loc":{"start":{"line":357,"column":4},"end":{"line":359,"column":null}},"type":"if","locations":[{"start":{"line":357,"column":4},"end":{"line":359,"column":null}},{"start":{},"end":{}}],"line":357},"34":{"loc":{"start":{"line":364,"column":4},"end":{"line":367,"column":null}},"type":"if","locations":[{"start":{"line":364,"column":4},"end":{"line":367,"column":null}},{"start":{},"end":{}}],"line":364},"35":{"loc":{"start":{"line":378,"column":6},"end":{"line":380,"column":null}},"type":"if","locations":[{"start":{"line":378,"column":6},"end":{"line":380,"column":null}},{"start":{},"end":{}}],"line":378},"36":{"loc":{"start":{"line":424,"column":11},"end":{"line":424,"column":null}},"type":"binary-expr","locations":[{"start":{"line":424,"column":11},"end":{"line":424,"column":32}},{"start":{"line":424,"column":32},"end":{"line":424,"column":null}}],"line":424}},"s":{"0":31,"1":31,"2":31,"3":31,"4":31,"5":31,"6":31,"7":31,"8":31,"9":31,"10":0,"11":0,"12":0,"13":0,"14":0,"15":0,"16":0,"17":0,"18":0,"19":0,"20":0,"21":0,"22":0,"23":0,"24":0,"25":0,"26":0,"27":0,"28":0,"29":0,"30":31,"31":31,"32":31,"33":31,"34":46,"35":46,"36":46,"37":46,"38":46,"39":46,"40":46,"41":46,"42":46,"43":46,"44":31,"45":92,"46":92,"47":92,"48":30,"49":30,"50":0,"51":30,"52":30,"53":30,"54":92,"55":6,"56":5,"57":5,"58":1,"59":5,"60":3,"61":3,"62":2,"63":2,"64":2,"65":2,"66":2,"67":0,"68":0,"69":2,"70":2,"71":2,"72":0,"73":0,"74":0,"75":0,"76":0,"77":0,"78":2,"79":0,"80":0,"81":0,"82":0,"83":0,"84":0,"85":0,"86":0,"87":0,"88":44,"89":2,"90":2,"91":44,"92":2,"93":2,"94":2,"95":44,"96":31,"97":31,"98":44,"99":9,"100":9,"101":1,"102":9,"103":1,"104":1,"105":9,"106":1,"107":9,"108":6,"109":9,"110":9,"111":0,"112":0,"113":0,"114":20,"115":4,"116":4,"117":1,"118":1,"119":1,"120":39,"121":39,"122":1,"123":1,"124":1,"125":2,"126":2,"127":2,"128":2,"129":1,"130":1,"131":1,"132":6,"133":6,"134":58,"135":58,"136":7,"137":4},"f":{"0":31,"1":0,"2":0,"3":0,"4":0,"5":0,"6":31,"7":46,"8":92,"9":6,"10":5,"11":5,"12":2,"13":0,"14":0,"15":44,"16":2,"17":9,"18":0,"19":20,"20":4,"21":1,"22":39,"23":1,"24":1,"25":2,"26":1,"27":1,"28":4,"29":58,"30":7},"b":{"0":[31,0],"1":[0,0],"2":[0,0],"3":[0,0],"4":[0,0],"5":[31,0],"6":[31,15],"7":[46,31],"8":[92,92],"9":[92,92],"10":[92,92,62],"11":[92,92],"12":[30,62],"13":[0,30],"14":[30,0],"15":[1,4],"16":[3,2],"17":[5,3],"18":[0,0],"19":[0,0],"20":[0,0],"21":[0,0],"22":[0,0],"23":[0,0],"24":[2,42],"25":[2,42],"26":[31,13],"27":[1,8],"28":[9,8],"29":[1,0],"30":[1,0],"31":[1,8],"32":[1,8],"33":[6,3],"34":[0,9],"35":[1,0],"36":[6,1]},"meta":{"lastBranch":37,"lastFunction":31,"lastStatement":138,"seen":{"f:50:2:50:16":0,"s:46:2:46:Infinity":0,"s:47:2:47:Infinity":1,"s:48:2:48:Infinity":2,"b:51:4:138:Infinity:undefined:undefined:undefined:undefined":0,"s:51:4:138:Infinity":3,"s:52:6:137:Infinity":4,"s:53:27:53:Infinity":5,"s:117:21:117:Infinity":6,"s:118:8:118:Infinity":7,"s:119:8:119:Infinity":8,"s:122:8:133:Infinity":9,"f:122:37:122:38":1,"s:123:51:123:Infinity":10,"s:124:26:124:Infinity":11,"b:125:10:132:Infinity:undefined:undefined:undefined:undefined":1,"s:125:10:132:Infinity":12,"s:126:12:126:Infinity":13,"b:127:12:131:Infinity:129:19:131:Infinity":2,"s:127:12:131:Infinity":14,"s:128:14:128:Infinity":15,"s:130:14:130:Infinity":16,"s:135:8:135:Infinity":17,"s:136:8:136:Infinity":18,"f:141:8:141:16":2,"b:142:4:144:Infinity:undefined:undefined:undefined:undefined":3,"s:142:4:144:Infinity":19,"s:143:6:143:Infinity":20,"s:146:4:159:Infinity":21,"f:146:23:146:24":3,"s:147:24:147:Infinity":22,"s:148:6:148:Infinity":23,"s:150:6:150:Infinity":24,"s:153:6:158:Infinity":25,"f:153:17:153:23":4,"b:154:8:157:Infinity:undefined:undefined:undefined:undefined":4,"s:154:8:157:Infinity":26,"s:155:10:155:Infinity":27,"s:156:10:156:Infinity":28,"f:162:6:162:29":5,"s:163:4:163:Infinity":29,"f:166:2:166:20":6,"b:167:4:170:Infinity:undefined:undefined:undefined:undefined":5,"s:167:4:170:Infinity":30,"s:168:6:168:Infinity":31,"s:169:6:169:Infinity":32,"s:171:4:171:Infinity":33,"f:202:2:202:16":7,"s:176:2:176:Infinity":34,"s:177:2:177:Infinity":35,"s:178:2:178:Infinity":36,"s:179:2:179:Infinity":37,"s:180:2:180:Infinity":38,"s:183:2:198:Infinity":39,"s:200:2:200:Infinity":40,"s:203:4:203:Infinity":41,"s:204:4:204:Infinity":42,"b:206:4:208:Infinity:undefined:undefined:undefined:undefined":6,"s:206:4:208:Infinity":43,"b:206:8:206:41:206:41:206:73":7,"s:207:6:207:Infinity":44,"f:211:10:211:58":8,"s:212:17:222:Infinity":45,"b:215:20:215:Infinity:216:19:216:Infinity":8,"b:217:19:217:Infinity:218:18:218:Infinity":9,"b:219:19:219:Infinity:220:18:220:Infinity:221:18:221:Infinity":10,"s:224:22:224:Infinity":46,"b:224:22:224:42:224:42:224:Infinity":11,"b:227:4:232:Infinity:undefined:undefined:undefined:undefined":12,"s:227:4:232:Infinity":47,"s:228:22:228:Infinity":48,"b:229:6:229:Infinity:undefined:undefined:undefined:undefined":13,"s:229:6:229:Infinity":49,"s:229:29:229:Infinity":50,"b:230:6:230:Infinity:undefined:undefined:undefined:undefined":14,"s:230:6:230:Infinity":51,"s:230:29:230:Infinity":52,"s:231:6:231:Infinity":53,"s:234:4:238:Infinity":54,"f:241:2:241:25":9,"s:242:4:242:Infinity":55,"f:245:2:245:13":10,"s:246:4:246:Infinity":56,"b:248:4:250:Infinity:undefined:undefined:undefined:undefined":15,"s:248:4:250:Infinity":57,"s:249:6:249:Infinity":58,"f:253:2:253:30":11,"b:254:4:257:Infinity:undefined:undefined:undefined:undefined":16,"s:254:4:257:Infinity":59,"b:254:8:254:24:254:24:254:45":17,"s:255:6:255:Infinity":60,"s:256:6:256:Infinity":61,"s:259:4:271:Infinity":62,"s:261:6:261:Infinity":63,"s:264:6:264:Infinity":64,"s:266:6:266:Infinity":65,"s:267:6:267:Infinity":66,"s:269:6:269:Infinity":67,"s:270:6:270:Infinity":68,"f:274:10:274:33":12,"s:275:16:275:Infinity":69,"s:276:26:276:Infinity":70,"s:278:22:288:Infinity":71,"f:278:22:278:23":13,"b:279:6:279:Infinity:undefined:undefined:undefined:undefined":18,"s:279:6:279:Infinity":72,"b:279:10:279:34:279:34:279:48":19,"s:279:48:279:Infinity":73,"b:282:6:285:Infinity:undefined:undefined:undefined:undefined":20,"s:282:6:285:Infinity":74,"s:283:8:283:Infinity":75,"s:284:8:284:Infinity":76,"s:287:6:287:Infinity":77,"s:290:4:290:Infinity":78,"f:293:16:293:57":14,"b:294:4:294:Infinity:undefined:undefined:undefined:undefined":21,"s:294:4:294:Infinity":79,"b:294:8:294:24:294:24:294:46":22,"s:294:46:294:Infinity":80,"s:296:4:314:Infinity":81,"s:298:26:301:Infinity":82,"b:303:6:311:Infinity:undefined:undefined:undefined:undefined":23,"s:303:6:311:Infinity":83,"s:305:8:310:Infinity":84,"s:306:10:306:Infinity":85,"s:309:10:309:Infinity":86,"s:313:6:313:Infinity":87,"f:317:2:317:15":15,"b:318:4:321:Infinity:undefined:undefined:undefined:undefined":24,"s:318:4:321:Infinity":88,"s:319:6:319:Infinity":89,"s:320:6:320:Infinity":90,"b:323:4:326:Infinity:undefined:undefined:undefined:undefined":25,"s:323:4:326:Infinity":91,"s:324:6:324:Infinity":92,"f:324:38:324:47":16,"s:324:47:324:59":93,"s:325:6:325:Infinity":94,"b:328:4:331:Infinity:undefined:undefined:undefined:undefined":26,"s:328:4:331:Infinity":95,"s:329:6:329:Infinity":96,"s:330:6:330:Infinity":97,"s:333:4:337:Infinity":98,"f:340:2:340:15":17,"s:341:22:341:Infinity":99,"b:344:4:349:Infinity:undefined:undefined:undefined:undefined":27,"s:344:4:349:Infinity":100,"b:344:8:344:38:344:38:344:67":28,"s:345:6:348:Infinity":101,"b:346:15:346:31:346:31:346:Infinity":29,"b:347:16:347:33:347:33:347:Infinity":30,"b:350:4:353:Infinity:undefined:undefined:undefined:undefined":31,"s:350:4:353:Infinity":102,"s:351:6:351:Infinity":103,"s:352:6:352:Infinity":104,"b:354:4:356:Infinity:undefined:undefined:undefined:undefined":32,"s:354:4:356:Infinity":105,"s:355:6:355:Infinity":106,"b:357:4:359:Infinity:undefined:undefined:undefined:undefined":33,"s:357:4:359:Infinity":107,"s:358:6:358:Infinity":108,"s:361:4:361:Infinity":109,"b:364:4:367:Infinity:undefined:undefined:undefined:undefined":34,"s:364:4:367:Infinity":110,"s:365:6:365:Infinity":111,"s:366:6:366:Infinity":112,"f:366:17:366:23":18,"s:366:23:366:37":113,"f:370:2:370:33":19,"s:371:4:371:Infinity":114,"f:374:2:374:12":20,"s:375:4:375:Infinity":115,"s:376:4:381:Infinity":116,"f:376:11:376:17":21,"s:377:20:377:Infinity":117,"b:378:6:380:Infinity:undefined:undefined:undefined:undefined":35,"s:378:6:380:Infinity":118,"s:379:8:379:Infinity":119,"f:384:2:384:18":22,"s:385:4:385:Infinity":120,"s:386:4:386:Infinity":121,"f:390:2:390:36":23,"s:391:4:391:Infinity":122,"s:392:4:392:Infinity":123,"f:395:2:395:28":24,"s:396:4:396:Infinity":124,"f:399:2:399:30":25,"s:400:4:400:Infinity":125,"s:401:16:401:Infinity":126,"s:402:4:402:Infinity":127,"s:403:4:403:Infinity":128,"f:406:2:406:27":26,"s:407:4:407:Infinity":129,"s:408:4:408:Infinity":130,"f:411:8:411:35":27,"s:412:4:412:Infinity":131,"f:415:9:415:30":28,"s:416:25:422:Infinity":132,"s:424:4:424:Infinity":133,"b:424:11:424:32:424:32:424:Infinity":36,"f:427:10:427:19":29,"s:428:4:428:Infinity":134,"s:429:4:429:Infinity":135,"f:429:27:429:39":30,"s:429:39:429:59":136,"s:434:29:434:Infinity":137}}}
,"/home/jlf88/lumia-pro/src/test/after-test-cleanup.ts": {"path":"/home/jlf88/lumia-pro/src/test/after-test-cleanup.ts","statementMap":{"0":{"start":{"line":4,"column":0},"end":{"line":86,"column":null}},"1":{"start":{"line":6,"column":2},"end":{"line":6,"column":null}},"2":{"start":{"line":9,"column":19},"end":{"line":9,"column":null}},"3":{"start":{"line":10,"column":2},"end":{"line":33,"column":null}},"4":{"start":{"line":11,"column":4},"end":{"line":32,"column":null}},"5":{"start":{"line":13,"column":18},"end":{"line":13,"column":null}},"6":{"start":{"line":14,"column":17},"end":{"line":14,"column":null}},"7":{"start":{"line":16,"column":6},"end":{"line":26,"column":null}},"8":{"start":{"line":17,"column":24},"end":{"line":17,"column":null}},"9":{"start":{"line":18,"column":8},"end":{"line":25,"column":null}},"10":{"start":{"line":19,"column":10},"end":{"line":24,"column":null}},"11":{"start":{"line":20,"column":32},"end":{"line":20,"column":null}},"12":{"start":{"line":21,"column":12},"end":{"line":21,"column":null}},"13":{"start":{"line":21,"column":29},"end":{"line":21,"column":null}},"14":{"start":{"line":29,"column":6},"end":{"line":29,"column":null}},"15":{"start":{"line":36,"column":2},"end":{"line":48,"column":null}},"16":{"start":{"line":38,"column":4},"end":{"line":45,"column":null}},"17":{"start":{"line":39,"column":8},"end":{"line":43,"column":null}},"18":{"start":{"line":40,"column":8},"end":{"line":42,"column":null}},"19":{"start":{"line":41,"column":10},"end":{"line":41,"column":null}},"20":{"start":{"line":41,"column":66},"end":{"line":41,"column":78}},"21":{"start":{"line":44,"column":8},"end":{"line":44,"column":null}},"22":{"start":{"line":51,"column":2},"end":{"line":61,"column":null}},"23":{"start":{"line":52,"column":17},"end":{"line":52,"column":null}},"24":{"start":{"line":53,"column":4},"end":{"line":58,"column":null}},"25":{"start":{"line":54,"column":6},"end":{"line":57,"column":null}},"26":{"start":{"line":55,"column":8},"end":{"line":55,"column":null}},"27":{"start":{"line":55,"column":14},"end":{"line":55,"column":39}},"28":{"start":{"line":56,"column":8},"end":{"line":56,"column":null}},"29":{"start":{"line":56,"column":14},"end":{"line":56,"column":43}},"30":{"start":{"line":64,"column":2},"end":{"line":69,"column":null}},"31":{"start":{"line":65,"column":6},"end":{"line":65,"column":null}},"32":{"start":{"line":66,"column":6},"end":{"line":66,"column":null}},"33":{"start":{"line":72,"column":2},"end":{"line":80,"column":null}},"34":{"start":{"line":73,"column":4},"end":{"line":77,"column":null}},"35":{"start":{"line":74,"column":6},"end":{"line":76,"column":null}},"36":{"start":{"line":75,"column":8},"end":{"line":75,"column":null}},"37":{"start":{"line":83,"column":2},"end":{"line":85,"column":null}},"38":{"start":{"line":84,"column":4},"end":{"line":84,"column":null}},"39":{"start":{"line":89,"column":0},"end":{"line":104,"column":null}},"40":{"start":{"line":91,"column":2},"end":{"line":95,"column":null}},"41":{"start":{"line":92,"column":4},"end":{"line":92,"column":null}},"42":{"start":{"line":98,"column":2},"end":{"line":98,"column":null}},"43":{"start":{"line":101,"column":2},"end":{"line":103,"column":null}},"44":{"start":{"line":102,"column":4},"end":{"line":102,"column":null}}},"fnMap":{"0":{"name":"(anonymous_0)","decl":{"start":{"line":4,"column":10},"end":{"line":4,"column":16}},"loc":{"start":{"line":4,"column":16},"end":{"line":86,"column":1}},"line":4},"1":{"name":"(anonymous_1)","decl":{"start":{"line":10,"column":19},"end":{"line":10,"column":29}},"loc":{"start":{"line":10,"column":29},"end":{"line":33,"column":3}},"line":10},"2":{"name":"(anonymous_2)","decl":{"start":{"line":39,"column":97},"end":{"line":39,"column":98}},"loc":{"start":{"line":39,"column":122},"end":{"line":43,"column":7}},"line":39},"3":{"name":"(anonymous_3)","decl":{"start":{"line":41,"column":37},"end":{"line":41,"column":38}},"loc":{"start":{"line":41,"column":66},"end":{"line":41,"column":78}},"line":41},"4":{"name":"(anonymous_4)","decl":{"start":{"line":53,"column":17},"end":{"line":53,"column":24}},"loc":{"start":{"line":53,"column":24},"end":{"line":58,"column":5}},"line":53},"5":{"name":"(anonymous_5)","decl":{"start":{"line":73,"column":38},"end":{"line":73,"column":45}},"loc":{"start":{"line":73,"column":45},"end":{"line":77,"column":5}},"line":73},"6":{"name":"(anonymous_6)","decl":{"start":{"line":89,"column":9},"end":{"line":89,"column":15}},"loc":{"start":{"line":89,"column":15},"end":{"line":104,"column":1}},"line":89}},"branchMap":{"0":{"loc":{"start":{"line":16,"column":6},"end":{"line":26,"column":null}},"type":"if","locations":[{"start":{"line":16,"column":6},"end":{"line":26,"column":null}},{"start":{},"end":{}}],"line":16},"1":{"loc":{"start":{"line":16,"column":10},"end":{"line":16,"column":21}},"type":"binary-expr","locations":[{"start":{"line":16,"column":10},"end":{"line":16,"column":17}},{"start":{"line":16,"column":17},"end":{"line":16,"column":21}}],"line":16},"2":{"loc":{"start":{"line":17,"column":24},"end":{"line":17,"column":null}},"type":"binary-expr","locations":[{"start":{"line":17,"column":24},"end":{"line":17,"column":31}},{"start":{"line":17,"column":31},"end":{"line":17,"column":null}}],"line":17},"3":{"loc":{"start":{"line":18,"column":8},"end":{"line":25,"column":null}},"type":"if","locations":[{"start":{"line":18,"column":8},"end":{"line":25,"column":null}},{"start":{},"end":{}}],"line":18},"4":{"loc":{"start":{"line":18,"column":12},"end":{"line":18,"column":67}},"type":"binary-expr","locations":[{"start":{"line":18,"column":12},"end":{"line":18,"column":23}},{"start":{"line":18,"column":23},"end":{"line":18,"column":67}}],"line":18},"5":{"loc":{"start":{"line":21,"column":12},"end":{"line":21,"column":null}},"type":"if","locations":[{"start":{"line":21,"column":12},"end":{"line":21,"column":null}},{"start":{},"end":{}}],"line":21},"6":{"loc":{"start":{"line":38,"column":4},"end":{"line":45,"column":null}},"type":"if","locations":[{"start":{"line":38,"column":4},"end":{"line":45,"column":null}},{"start":{},"end":{}}],"line":38},"7":{"loc":{"start":{"line":40,"column":8},"end":{"line":42,"column":null}},"type":"if","locations":[{"start":{"line":40,"column":8},"end":{"line":42,"column":null}},{"start":{},"end":{}}],"line":40},"8":{"loc":{"start":{"line":40,"column":12},"end":{"line":40,"column":40}},"type":"binary-expr","locations":[{"start":{"line":40,"column":12},"end":{"line":40,"column":22}},{"start":{"line":40,"column":22},"end":{"line":40,"column":40}}],"line":40},"9":{"loc":{"start":{"line":54,"column":6},"end":{"line":57,"column":null}},"type":"if","locations":[{"start":{"line":54,"column":6},"end":{"line":57,"column":null}},{"start":{},"end":{}}],"line":54},"10":{"loc":{"start":{"line":74,"column":6},"end":{"line":76,"column":null}},"type":"if","locations":[{"start":{"line":74,"column":6},"end":{"line":76,"column":null}},{"start":{},"end":{}}],"line":74},"11":{"loc":{"start":{"line":74,"column":10},"end":{"line":74,"column":56}},"type":"binary-expr","locations":[{"start":{"line":74,"column":10},"end":{"line":74,"column":34}},{"start":{"line":74,"column":34},"end":{"line":74,"column":56}}],"line":74},"12":{"loc":{"start":{"line":83,"column":2},"end":{"line":85,"column":null}},"type":"if","locations":[{"start":{"line":83,"column":2},"end":{"line":85,"column":null}},{"start":{},"end":{}}],"line":83},"13":{"loc":{"start":{"line":101,"column":2},"end":{"line":103,"column":null}},"type":"if","locations":[{"start":{"line":101,"column":2},"end":{"line":103,"column":null}},{"start":{},"end":{}}],"line":101}},"s":{"0":37,"1":331,"2":331,"3":331,"4":0,"5":0,"6":0,"7":0,"8":0,"9":0,"10":0,"11":0,"12":0,"13":0,"14":0,"15":331,"16":331,"17":0,"18":0,"19":0,"20":0,"21":0,"22":331,"23":331,"24":331,"25":214,"26":0,"27":0,"28":0,"29":0,"30":331,"31":331,"32":331,"33":331,"34":331,"35":214,"36":0,"37":331,"38":0,"39":37,"40":37,"41":37,"42":37,"43":37,"44":0},"f":{"0":331,"1":0,"2":0,"3":0,"4":214,"5":214,"6":37},"b":{"0":[0,0],"1":[0,0],"2":[0,0],"3":[0,0],"4":[0,0],"5":[0,0],"6":[0,331],"7":[0,0],"8":[0,0],"9":[0,214],"10":[0,214],"11":[214,214],"12":[0,331],"13":[0,37]},"meta":{"lastBranch":14,"lastFunction":7,"lastStatement":45,"seen":{"s:4:0:86:Infinity":0,"f:4:10:4:16":0,"s:6:2:6:Infinity":1,"s:9:19:9:Infinity":2,"s:10:2:33:Infinity":3,"f:10:19:10:29":1,"s:11:4:32:Infinity":4,"s:13:18:13:Infinity":5,"s:14:17:14:Infinity":6,"b:16:6:26:Infinity:undefined:undefined:undefined:undefined":0,"s:16:6:26:Infinity":7,"b:16:10:16:17:16:17:16:21":1,"s:17:24:17:Infinity":8,"b:17:24:17:31:17:31:17:Infinity":2,"b:18:8:25:Infinity:undefined:undefined:undefined:undefined":3,"s:18:8:25:Infinity":9,"b:18:12:18:23:18:23:18:67":4,"s:19:10:24:Infinity":10,"s:20:32:20:Infinity":11,"b:21:12:21:Infinity:undefined:undefined:undefined:undefined":5,"s:21:12:21:Infinity":12,"s:21:29:21:Infinity":13,"s:29:6:29:Infinity":14,"s:36:2:48:Infinity":15,"b:38:4:45:Infinity:undefined:undefined:undefined:undefined":6,"s:38:4:45:Infinity":16,"s:39:8:43:Infinity":17,"f:39:97:39:98":2,"b:40:8:42:Infinity:undefined:undefined:undefined:undefined":7,"s:40:8:42:Infinity":18,"b:40:12:40:22:40:22:40:40":8,"s:41:10:41:Infinity":19,"f:41:37:41:38":3,"s:41:66:41:78":20,"s:44:8:44:Infinity":21,"s:51:2:61:Infinity":22,"s:52:17:52:Infinity":23,"s:53:4:58:Infinity":24,"f:53:17:53:24":4,"b:54:6:57:Infinity:undefined:undefined:undefined:undefined":9,"s:54:6:57:Infinity":25,"s:55:8:55:Infinity":26,"s:55:14:55:39":27,"s:56:8:56:Infinity":28,"s:56:14:56:43":29,"s:64:2:69:Infinity":30,"s:65:6:65:Infinity":31,"s:66:6:66:Infinity":32,"s:72:2:80:Infinity":33,"s:73:4:77:Infinity":34,"f:73:38:73:45":5,"b:74:6:76:Infinity:undefined:undefined:undefined:undefined":10,"s:74:6:76:Infinity":35,"b:74:10:74:34:74:34:74:56":11,"s:75:8:75:Infinity":36,"b:83:2:85:Infinity:undefined:undefined:undefined:undefined":12,"s:83:2:85:Infinity":37,"s:84:4:84:Infinity":38,"s:89:0:104:Infinity":39,"f:89:9:89:15":6,"s:91:2:95:Infinity":40,"s:92:4:92:Infinity":41,"s:98:2:98:Infinity":42,"b:101:2:103:Infinity:undefined:undefined:undefined:undefined":13,"s:101:2:103:Infinity":43,"s:102:4:102:Infinity":44}}}
}
